{"/home/runner/work/utils/utils/src/base.ts": {"path":"/home/runner/work/utils/utils/src/base.ts","all":false,"statementMap":{"0":{"start":{"line":1,"column":0},"end":{"line":1,"column":3}},"1":{"start":{"line":2,"column":0},"end":{"line":2,"column":16}},"2":{"start":{"line":3,"column":0},"end":{"line":3,"column":40}},"3":{"start":{"line":4,"column":0},"end":{"line":4,"column":28}},"4":{"start":{"line":5,"column":0},"end":{"line":5,"column":35}},"5":{"start":{"line":6,"column":0},"end":{"line":6,"column":3}},"6":{"start":{"line":7,"column":0},"end":{"line":7,"column":0}},"7":{"start":{"line":8,"column":0},"end":{"line":8,"column":29}},"8":{"start":{"line":9,"column":0},"end":{"line":9,"column":47}},"9":{"start":{"line":10,"column":0},"end":{"line":10,"column":0}},"10":{"start":{"line":11,"column":0},"end":{"line":11,"column":28}},"11":{"start":{"line":12,"column":0},"end":{"line":12,"column":23}},"12":{"start":{"line":13,"column":0},"end":{"line":13,"column":31}},"13":{"start":{"line":14,"column":0},"end":{"line":14,"column":7}},"14":{"start":{"line":15,"column":0},"end":{"line":15,"column":48}},"15":{"start":{"line":16,"column":0},"end":{"line":16,"column":14}},"16":{"start":{"line":17,"column":0},"end":{"line":17,"column":54}},"17":{"start":{"line":18,"column":0},"end":{"line":18,"column":28}},"18":{"start":{"line":19,"column":0},"end":{"line":19,"column":20}},"19":{"start":{"line":20,"column":0},"end":{"line":20,"column":4}},"20":{"start":{"line":21,"column":0},"end":{"line":21,"column":53}},"21":{"start":{"line":22,"column":0},"end":{"line":22,"column":27}},"22":{"start":{"line":23,"column":0},"end":{"line":23,"column":19}},"23":{"start":{"line":24,"column":0},"end":{"line":24,"column":4}},"24":{"start":{"line":25,"column":0},"end":{"line":25,"column":11}},"25":{"start":{"line":26,"column":0},"end":{"line":26,"column":1}},"26":{"start":{"line":27,"column":0},"end":{"line":27,"column":0}},"27":{"start":{"line":28,"column":0},"end":{"line":28,"column":3}},"28":{"start":{"line":29,"column":0},"end":{"line":29,"column":12}},"29":{"start":{"line":30,"column":0},"end":{"line":30,"column":28}},"30":{"start":{"line":31,"column":0},"end":{"line":31,"column":18}},"31":{"start":{"line":32,"column":0},"end":{"line":32,"column":3}},"32":{"start":{"line":33,"column":0},"end":{"line":33,"column":39}},"33":{"start":{"line":34,"column":0},"end":{"line":34,"column":17}},"34":{"start":{"line":35,"column":0},"end":{"line":35,"column":1}},"35":{"start":{"line":36,"column":0},"end":{"line":36,"column":0}},"36":{"start":{"line":37,"column":0},"end":{"line":37,"column":3}},"37":{"start":{"line":38,"column":0},"end":{"line":38,"column":12}},"38":{"start":{"line":39,"column":0},"end":{"line":39,"column":20}},"39":{"start":{"line":40,"column":0},"end":{"line":40,"column":20}},"40":{"start":{"line":41,"column":0},"end":{"line":41,"column":3}},"41":{"start":{"line":42,"column":0},"end":{"line":42,"column":43}},"42":{"start":{"line":43,"column":0},"end":{"line":43,"column":10}},"43":{"start":{"line":44,"column":0},"end":{"line":44,"column":55}},"44":{"start":{"line":45,"column":0},"end":{"line":45,"column":23}},"45":{"start":{"line":46,"column":0},"end":{"line":46,"column":24}},"46":{"start":{"line":47,"column":0},"end":{"line":47,"column":65}},"47":{"start":{"line":48,"column":0},"end":{"line":48,"column":28}},"48":{"start":{"line":49,"column":0},"end":{"line":49,"column":61}},"49":{"start":{"line":50,"column":0},"end":{"line":50,"column":18}},"50":{"start":{"line":51,"column":0},"end":{"line":51,"column":43}},"51":{"start":{"line":52,"column":0},"end":{"line":52,"column":10}},"52":{"start":{"line":53,"column":0},"end":{"line":53,"column":23}},"53":{"start":{"line":54,"column":0},"end":{"line":54,"column":9}},"54":{"start":{"line":55,"column":0},"end":{"line":55,"column":57}},"55":{"start":{"line":56,"column":0},"end":{"line":56,"column":9}},"56":{"start":{"line":57,"column":0},"end":{"line":57,"column":33}},"57":{"start":{"line":58,"column":0},"end":{"line":58,"column":15}},"58":{"start":{"line":59,"column":0},"end":{"line":59,"column":26}},"59":{"start":{"line":60,"column":0},"end":{"line":60,"column":9}},"60":{"start":{"line":61,"column":0},"end":{"line":61,"column":22}},"61":{"start":{"line":62,"column":0},"end":{"line":62,"column":11}},"62":{"start":{"line":63,"column":0},"end":{"line":63,"column":20}},"63":{"start":{"line":64,"column":0},"end":{"line":64,"column":16}},"64":{"start":{"line":65,"column":0},"end":{"line":65,"column":62}},"65":{"start":{"line":66,"column":0},"end":{"line":66,"column":16}},"66":{"start":{"line":67,"column":0},"end":{"line":67,"column":62}},"67":{"start":{"line":68,"column":0},"end":{"line":68,"column":16}},"68":{"start":{"line":69,"column":0},"end":{"line":69,"column":62}},"69":{"start":{"line":70,"column":0},"end":{"line":70,"column":14}},"70":{"start":{"line":71,"column":0},"end":{"line":71,"column":35}},"71":{"start":{"line":72,"column":0},"end":{"line":72,"column":9}},"72":{"start":{"line":73,"column":0},"end":{"line":73,"column":26}},"73":{"start":{"line":74,"column":0},"end":{"line":74,"column":32}},"74":{"start":{"line":75,"column":0},"end":{"line":75,"column":51}},"75":{"start":{"line":76,"column":0},"end":{"line":76,"column":35}},"76":{"start":{"line":77,"column":0},"end":{"line":77,"column":13}},"77":{"start":{"line":78,"column":0},"end":{"line":78,"column":141}},"78":{"start":{"line":79,"column":0},"end":{"line":79,"column":11}},"79":{"start":{"line":80,"column":0},"end":{"line":80,"column":29}},"80":{"start":{"line":81,"column":0},"end":{"line":81,"column":29}},"81":{"start":{"line":82,"column":0},"end":{"line":82,"column":28}},"82":{"start":{"line":83,"column":0},"end":{"line":83,"column":3}},"83":{"start":{"line":84,"column":0},"end":{"line":84,"column":1}},"84":{"start":{"line":85,"column":0},"end":{"line":85,"column":0}},"85":{"start":{"line":86,"column":0},"end":{"line":86,"column":3}},"86":{"start":{"line":87,"column":0},"end":{"line":87,"column":12}},"87":{"start":{"line":88,"column":0},"end":{"line":88,"column":20}},"88":{"start":{"line":89,"column":0},"end":{"line":89,"column":31}},"89":{"start":{"line":90,"column":0},"end":{"line":90,"column":3}},"90":{"start":{"line":91,"column":0},"end":{"line":91,"column":56}},"91":{"start":{"line":92,"column":0},"end":{"line":92,"column":48}},"92":{"start":{"line":93,"column":0},"end":{"line":93,"column":48}},"93":{"start":{"line":94,"column":0},"end":{"line":94,"column":3}},"94":{"start":{"line":95,"column":0},"end":{"line":95,"column":32}},"95":{"start":{"line":96,"column":0},"end":{"line":96,"column":44}},"96":{"start":{"line":97,"column":0},"end":{"line":97,"column":28}},"97":{"start":{"line":98,"column":0},"end":{"line":98,"column":30}},"98":{"start":{"line":99,"column":0},"end":{"line":99,"column":51}},"99":{"start":{"line":100,"column":0},"end":{"line":100,"column":18}},"100":{"start":{"line":101,"column":0},"end":{"line":101,"column":12}},"101":{"start":{"line":102,"column":0},"end":{"line":102,"column":5}},"102":{"start":{"line":103,"column":0},"end":{"line":103,"column":43}},"103":{"start":{"line":104,"column":0},"end":{"line":104,"column":3}},"104":{"start":{"line":105,"column":0},"end":{"line":105,"column":1}},"105":{"start":{"line":106,"column":0},"end":{"line":106,"column":0}},"106":{"start":{"line":107,"column":0},"end":{"line":107,"column":3}},"107":{"start":{"line":108,"column":0},"end":{"line":108,"column":12}},"108":{"start":{"line":109,"column":0},"end":{"line":109,"column":35}},"109":{"start":{"line":110,"column":0},"end":{"line":110,"column":48}},"110":{"start":{"line":111,"column":0},"end":{"line":111,"column":32}},"111":{"start":{"line":112,"column":0},"end":{"line":112,"column":3}},"112":{"start":{"line":113,"column":0},"end":{"line":113,"column":78}},"113":{"start":{"line":114,"column":0},"end":{"line":114,"column":14}},"114":{"start":{"line":115,"column":0},"end":{"line":115,"column":24}},"115":{"start":{"line":116,"column":0},"end":{"line":116,"column":43}},"116":{"start":{"line":117,"column":0},"end":{"line":117,"column":17}},"117":{"start":{"line":118,"column":0},"end":{"line":118,"column":78}},"118":{"start":{"line":119,"column":0},"end":{"line":119,"column":14}},"119":{"start":{"line":120,"column":0},"end":{"line":120,"column":18}},"120":{"start":{"line":121,"column":0},"end":{"line":121,"column":13}},"121":{"start":{"line":122,"column":0},"end":{"line":122,"column":17}},"122":{"start":{"line":123,"column":0},"end":{"line":123,"column":48}},"123":{"start":{"line":124,"column":0},"end":{"line":124,"column":33}},"124":{"start":{"line":125,"column":0},"end":{"line":125,"column":10}},"125":{"start":{"line":126,"column":0},"end":{"line":126,"column":5}},"126":{"start":{"line":127,"column":0},"end":{"line":127,"column":3}},"127":{"start":{"line":128,"column":0},"end":{"line":128,"column":8}},"128":{"start":{"line":129,"column":0},"end":{"line":129,"column":10}},"129":{"start":{"line":130,"column":0},"end":{"line":130,"column":20}},"130":{"start":{"line":131,"column":0},"end":{"line":131,"column":31}},"131":{"start":{"line":132,"column":0},"end":{"line":132,"column":12}},"132":{"start":{"line":133,"column":0},"end":{"line":133,"column":3}},"133":{"start":{"line":134,"column":0},"end":{"line":134,"column":1}},"134":{"start":{"line":135,"column":0},"end":{"line":135,"column":0}},"135":{"start":{"line":136,"column":0},"end":{"line":136,"column":3}},"136":{"start":{"line":137,"column":0},"end":{"line":137,"column":12}},"137":{"start":{"line":138,"column":0},"end":{"line":138,"column":24}},"138":{"start":{"line":139,"column":0},"end":{"line":139,"column":33}},"139":{"start":{"line":140,"column":0},"end":{"line":140,"column":20}},"140":{"start":{"line":141,"column":0},"end":{"line":141,"column":3}},"141":{"start":{"line":142,"column":0},"end":{"line":142,"column":55}},"142":{"start":{"line":143,"column":0},"end":{"line":143,"column":53}},"143":{"start":{"line":144,"column":0},"end":{"line":144,"column":46}},"144":{"start":{"line":145,"column":0},"end":{"line":145,"column":42}},"145":{"start":{"line":146,"column":0},"end":{"line":146,"column":30}},"146":{"start":{"line":147,"column":0},"end":{"line":147,"column":46}},"147":{"start":{"line":148,"column":0},"end":{"line":148,"column":5}},"148":{"start":{"line":149,"column":0},"end":{"line":149,"column":3}},"149":{"start":{"line":150,"column":0},"end":{"line":150,"column":11}},"150":{"start":{"line":151,"column":0},"end":{"line":151,"column":1}},"151":{"start":{"line":152,"column":0},"end":{"line":152,"column":0}},"152":{"start":{"line":153,"column":0},"end":{"line":153,"column":3}},"153":{"start":{"line":154,"column":0},"end":{"line":154,"column":12}},"154":{"start":{"line":155,"column":0},"end":{"line":155,"column":24}},"155":{"start":{"line":156,"column":0},"end":{"line":156,"column":35}},"156":{"start":{"line":157,"column":0},"end":{"line":157,"column":38}},"157":{"start":{"line":158,"column":0},"end":{"line":158,"column":41}},"158":{"start":{"line":159,"column":0},"end":{"line":159,"column":3}},"159":{"start":{"line":160,"column":0},"end":{"line":160,"column":26}},"160":{"start":{"line":161,"column":0},"end":{"line":161,"column":18}},"161":{"start":{"line":162,"column":0},"end":{"line":162,"column":43}},"162":{"start":{"line":163,"column":0},"end":{"line":163,"column":22}},"163":{"start":{"line":164,"column":0},"end":{"line":164,"column":6}},"164":{"start":{"line":165,"column":0},"end":{"line":165,"column":22}},"165":{"start":{"line":166,"column":0},"end":{"line":166,"column":16}},"166":{"start":{"line":167,"column":0},"end":{"line":167,"column":59}},"167":{"start":{"line":168,"column":0},"end":{"line":168,"column":33}},"168":{"start":{"line":169,"column":0},"end":{"line":169,"column":24}},"169":{"start":{"line":170,"column":0},"end":{"line":170,"column":41}},"170":{"start":{"line":171,"column":0},"end":{"line":171,"column":55}},"171":{"start":{"line":172,"column":0},"end":{"line":172,"column":30}},"172":{"start":{"line":173,"column":0},"end":{"line":173,"column":13}},"173":{"start":{"line":174,"column":0},"end":{"line":174,"column":9}},"174":{"start":{"line":175,"column":0},"end":{"line":175,"column":34}},"175":{"start":{"line":176,"column":0},"end":{"line":176,"column":24}},"176":{"start":{"line":177,"column":0},"end":{"line":177,"column":23}},"177":{"start":{"line":178,"column":0},"end":{"line":178,"column":16}},"178":{"start":{"line":179,"column":0},"end":{"line":179,"column":12}},"179":{"start":{"line":180,"column":0},"end":{"line":180,"column":7}},"180":{"start":{"line":181,"column":0},"end":{"line":181,"column":1}},"181":{"start":{"line":182,"column":0},"end":{"line":182,"column":0}},"182":{"start":{"line":183,"column":0},"end":{"line":183,"column":3}},"183":{"start":{"line":184,"column":0},"end":{"line":184,"column":12}},"184":{"start":{"line":185,"column":0},"end":{"line":185,"column":24}},"185":{"start":{"line":186,"column":0},"end":{"line":186,"column":33}},"186":{"start":{"line":187,"column":0},"end":{"line":187,"column":3}},"187":{"start":{"line":188,"column":0},"end":{"line":188,"column":52}},"188":{"start":{"line":189,"column":0},"end":{"line":189,"column":28}},"189":{"start":{"line":190,"column":0},"end":{"line":190,"column":1}},"190":{"start":{"line":191,"column":0},"end":{"line":191,"column":0}},"191":{"start":{"line":192,"column":0},"end":{"line":192,"column":3}},"192":{"start":{"line":193,"column":0},"end":{"line":193,"column":12}},"193":{"start":{"line":194,"column":0},"end":{"line":194,"column":30}},"194":{"start":{"line":195,"column":0},"end":{"line":195,"column":20}},"195":{"start":{"line":196,"column":0},"end":{"line":196,"column":10}},"196":{"start":{"line":197,"column":0},"end":{"line":197,"column":16}},"197":{"start":{"line":198,"column":0},"end":{"line":198,"column":17}},"198":{"start":{"line":199,"column":0},"end":{"line":199,"column":17}},"199":{"start":{"line":200,"column":0},"end":{"line":200,"column":20}},"200":{"start":{"line":201,"column":0},"end":{"line":201,"column":16}},"201":{"start":{"line":202,"column":0},"end":{"line":202,"column":14}},"202":{"start":{"line":203,"column":0},"end":{"line":203,"column":30}},"203":{"start":{"line":204,"column":0},"end":{"line":204,"column":23}},"204":{"start":{"line":205,"column":0},"end":{"line":205,"column":16}},"205":{"start":{"line":206,"column":0},"end":{"line":206,"column":24}},"206":{"start":{"line":207,"column":0},"end":{"line":207,"column":28}},"207":{"start":{"line":208,"column":0},"end":{"line":208,"column":6}},"208":{"start":{"line":209,"column":0},"end":{"line":209,"column":4}},"209":{"start":{"line":210,"column":0},"end":{"line":210,"column":3}},"210":{"start":{"line":211,"column":0},"end":{"line":211,"column":36}},"211":{"start":{"line":212,"column":0},"end":{"line":212,"column":72}},"212":{"start":{"line":213,"column":0},"end":{"line":213,"column":34}},"213":{"start":{"line":214,"column":0},"end":{"line":214,"column":15}},"214":{"start":{"line":215,"column":0},"end":{"line":215,"column":39}},"215":{"start":{"line":216,"column":0},"end":{"line":216,"column":6}},"216":{"start":{"line":217,"column":0},"end":{"line":217,"column":17}},"217":{"start":{"line":218,"column":0},"end":{"line":218,"column":20}},"218":{"start":{"line":219,"column":0},"end":{"line":219,"column":11}},"219":{"start":{"line":220,"column":0},"end":{"line":220,"column":23}},"220":{"start":{"line":221,"column":0},"end":{"line":221,"column":35}},"221":{"start":{"line":222,"column":0},"end":{"line":222,"column":35}},"222":{"start":{"line":223,"column":0},"end":{"line":223,"column":35}},"223":{"start":{"line":224,"column":0},"end":{"line":224,"column":31}},"224":{"start":{"line":225,"column":0},"end":{"line":225,"column":35}},"225":{"start":{"line":226,"column":0},"end":{"line":226,"column":35}},"226":{"start":{"line":227,"column":0},"end":{"line":227,"column":43}},"227":{"start":{"line":228,"column":0},"end":{"line":228,"column":68}},"228":{"start":{"line":229,"column":0},"end":{"line":229,"column":40}},"229":{"start":{"line":230,"column":0},"end":{"line":230,"column":17}},"230":{"start":{"line":231,"column":0},"end":{"line":231,"column":25}},"231":{"start":{"line":232,"column":0},"end":{"line":232,"column":44}},"232":{"start":{"line":233,"column":0},"end":{"line":233,"column":36}},"233":{"start":{"line":234,"column":0},"end":{"line":234,"column":3}},"234":{"start":{"line":235,"column":0},"end":{"line":235,"column":30}},"235":{"start":{"line":236,"column":0},"end":{"line":236,"column":44}},"236":{"start":{"line":237,"column":0},"end":{"line":237,"column":31}},"237":{"start":{"line":238,"column":0},"end":{"line":238,"column":29}},"238":{"start":{"line":239,"column":0},"end":{"line":239,"column":5}},"239":{"start":{"line":240,"column":0},"end":{"line":240,"column":3}},"240":{"start":{"line":241,"column":0},"end":{"line":241,"column":26}},"241":{"start":{"line":242,"column":0},"end":{"line":242,"column":20}},"242":{"start":{"line":243,"column":0},"end":{"line":243,"column":46}},"243":{"start":{"line":244,"column":0},"end":{"line":244,"column":28}},"244":{"start":{"line":245,"column":0},"end":{"line":245,"column":3}},"245":{"start":{"line":246,"column":0},"end":{"line":246,"column":13}},"246":{"start":{"line":247,"column":0},"end":{"line":247,"column":1}},"247":{"start":{"line":248,"column":0},"end":{"line":248,"column":0}},"248":{"start":{"line":249,"column":0},"end":{"line":249,"column":3}},"249":{"start":{"line":250,"column":0},"end":{"line":250,"column":12}},"250":{"start":{"line":251,"column":0},"end":{"line":251,"column":22}},"251":{"start":{"line":252,"column":0},"end":{"line":252,"column":17}},"252":{"start":{"line":253,"column":0},"end":{"line":253,"column":3}},"253":{"start":{"line":254,"column":0},"end":{"line":254,"column":43}},"254":{"start":{"line":255,"column":0},"end":{"line":255,"column":10}},"255":{"start":{"line":256,"column":0},"end":{"line":256,"column":9}},"256":{"start":{"line":257,"column":0},"end":{"line":257,"column":77}},"257":{"start":{"line":258,"column":0},"end":{"line":258,"column":3}},"258":{"start":{"line":259,"column":0},"end":{"line":259,"column":1}},"259":{"start":{"line":260,"column":0},"end":{"line":260,"column":0}},"260":{"start":{"line":261,"column":0},"end":{"line":261,"column":3}},"261":{"start":{"line":262,"column":0},"end":{"line":262,"column":12}},"262":{"start":{"line":263,"column":0},"end":{"line":263,"column":40}},"263":{"start":{"line":264,"column":0},"end":{"line":264,"column":33}},"264":{"start":{"line":265,"column":0},"end":{"line":265,"column":46}},"265":{"start":{"line":266,"column":0},"end":{"line":266,"column":26}},"266":{"start":{"line":267,"column":0},"end":{"line":267,"column":3}},"267":{"start":{"line":268,"column":0},"end":{"line":268,"column":72}},"268":{"start":{"line":269,"column":0},"end":{"line":269,"column":51}},"269":{"start":{"line":270,"column":0},"end":{"line":270,"column":16}},"270":{"start":{"line":271,"column":0},"end":{"line":271,"column":41}},"271":{"start":{"line":272,"column":0},"end":{"line":272,"column":25}},"272":{"start":{"line":273,"column":0},"end":{"line":273,"column":3}},"273":{"start":{"line":274,"column":0},"end":{"line":274,"column":18}},"274":{"start":{"line":275,"column":0},"end":{"line":275,"column":1}},"275":{"start":{"line":276,"column":0},"end":{"line":276,"column":0}},"276":{"start":{"line":277,"column":0},"end":{"line":277,"column":3}},"277":{"start":{"line":278,"column":0},"end":{"line":278,"column":12}},"278":{"start":{"line":279,"column":0},"end":{"line":279,"column":40}},"279":{"start":{"line":280,"column":0},"end":{"line":280,"column":33}},"280":{"start":{"line":281,"column":0},"end":{"line":281,"column":34}},"281":{"start":{"line":282,"column":0},"end":{"line":282,"column":32}},"282":{"start":{"line":283,"column":0},"end":{"line":283,"column":3}},"283":{"start":{"line":284,"column":0},"end":{"line":284,"column":73}},"284":{"start":{"line":285,"column":0},"end":{"line":285,"column":36}},"285":{"start":{"line":286,"column":0},"end":{"line":286,"column":37}},"286":{"start":{"line":287,"column":0},"end":{"line":287,"column":3}},"287":{"start":{"line":288,"column":0},"end":{"line":288,"column":58}},"288":{"start":{"line":289,"column":0},"end":{"line":289,"column":24}},"289":{"start":{"line":290,"column":0},"end":{"line":290,"column":1}},"290":{"start":{"line":291,"column":0},"end":{"line":291,"column":0}},"291":{"start":{"line":292,"column":0},"end":{"line":292,"column":3}},"292":{"start":{"line":293,"column":0},"end":{"line":293,"column":12}},"293":{"start":{"line":294,"column":0},"end":{"line":294,"column":35}},"294":{"start":{"line":295,"column":0},"end":{"line":295,"column":28}},"295":{"start":{"line":296,"column":0},"end":{"line":296,"column":3}},"296":{"start":{"line":297,"column":0},"end":{"line":297,"column":38}},"297":{"start":{"line":298,"column":0},"end":{"line":298,"column":58}},"298":{"start":{"line":299,"column":0},"end":{"line":299,"column":1}},"299":{"start":{"line":300,"column":0},"end":{"line":300,"column":0}},"300":{"start":{"line":301,"column":0},"end":{"line":301,"column":15}},"301":{"start":{"line":302,"column":0},"end":{"line":302,"column":73}},"302":{"start":{"line":303,"column":0},"end":{"line":303,"column":25}},"303":{"start":{"line":304,"column":0},"end":{"line":304,"column":11}},"304":{"start":{"line":305,"column":0},"end":{"line":305,"column":7}},"305":{"start":{"line":306,"column":0},"end":{"line":306,"column":9}},"306":{"start":{"line":307,"column":0},"end":{"line":307,"column":77}},"307":{"start":{"line":308,"column":0},"end":{"line":308,"column":32}},"308":{"start":{"line":309,"column":0},"end":{"line":309,"column":9}},"309":{"start":{"line":310,"column":0},"end":{"line":310,"column":18}},"310":{"start":{"line":311,"column":0},"end":{"line":311,"column":13}},"311":{"start":{"line":312,"column":0},"end":{"line":312,"column":32}},"312":{"start":{"line":313,"column":0},"end":{"line":313,"column":3}},"313":{"start":{"line":314,"column":0},"end":{"line":314,"column":37}},"314":{"start":{"line":315,"column":0},"end":{"line":315,"column":20}},"315":{"start":{"line":316,"column":0},"end":{"line":316,"column":20}},"316":{"start":{"line":317,"column":0},"end":{"line":317,"column":8}},"317":{"start":{"line":318,"column":0},"end":{"line":318,"column":9}},"318":{"start":{"line":319,"column":0},"end":{"line":319,"column":0}},"319":{"start":{"line":320,"column":0},"end":{"line":320,"column":3}},"320":{"start":{"line":321,"column":0},"end":{"line":321,"column":12}},"321":{"start":{"line":322,"column":0},"end":{"line":322,"column":22}},"322":{"start":{"line":323,"column":0},"end":{"line":323,"column":32}},"323":{"start":{"line":324,"column":0},"end":{"line":324,"column":56}},"324":{"start":{"line":325,"column":0},"end":{"line":325,"column":42}},"325":{"start":{"line":326,"column":0},"end":{"line":326,"column":58}},"326":{"start":{"line":327,"column":0},"end":{"line":327,"column":17}},"327":{"start":{"line":328,"column":0},"end":{"line":328,"column":3}},"328":{"start":{"line":329,"column":0},"end":{"line":329,"column":34}},"329":{"start":{"line":330,"column":0},"end":{"line":330,"column":32}},"330":{"start":{"line":331,"column":0},"end":{"line":331,"column":23}},"331":{"start":{"line":332,"column":0},"end":{"line":332,"column":2}},"332":{"start":{"line":333,"column":0},"end":{"line":333,"column":13}},"333":{"start":{"line":334,"column":0},"end":{"line":334,"column":14}},"334":{"start":{"line":335,"column":0},"end":{"line":335,"column":27}},"335":{"start":{"line":336,"column":0},"end":{"line":336,"column":25}},"336":{"start":{"line":337,"column":0},"end":{"line":337,"column":39}},"337":{"start":{"line":338,"column":0},"end":{"line":338,"column":17}},"338":{"start":{"line":339,"column":0},"end":{"line":339,"column":19}},"339":{"start":{"line":340,"column":0},"end":{"line":340,"column":3}},"340":{"start":{"line":341,"column":0},"end":{"line":341,"column":69}},"341":{"start":{"line":342,"column":0},"end":{"line":342,"column":52}},"342":{"start":{"line":343,"column":0},"end":{"line":343,"column":13}},"343":{"start":{"line":344,"column":0},"end":{"line":344,"column":3}},"344":{"start":{"line":345,"column":0},"end":{"line":345,"column":47}},"345":{"start":{"line":346,"column":0},"end":{"line":346,"column":30}},"346":{"start":{"line":347,"column":0},"end":{"line":347,"column":19}},"347":{"start":{"line":348,"column":0},"end":{"line":348,"column":42}},"348":{"start":{"line":349,"column":0},"end":{"line":349,"column":51}},"349":{"start":{"line":350,"column":0},"end":{"line":350,"column":31}},"350":{"start":{"line":351,"column":0},"end":{"line":351,"column":70}},"351":{"start":{"line":352,"column":0},"end":{"line":352,"column":9}},"352":{"start":{"line":353,"column":0},"end":{"line":353,"column":23}},"353":{"start":{"line":354,"column":0},"end":{"line":354,"column":7}},"354":{"start":{"line":355,"column":0},"end":{"line":355,"column":40}},"355":{"start":{"line":356,"column":0},"end":{"line":356,"column":5}},"356":{"start":{"line":357,"column":0},"end":{"line":357,"column":3}},"357":{"start":{"line":358,"column":0},"end":{"line":358,"column":25}},"358":{"start":{"line":359,"column":0},"end":{"line":359,"column":58}},"359":{"start":{"line":360,"column":0},"end":{"line":360,"column":3}},"360":{"start":{"line":361,"column":0},"end":{"line":361,"column":40}},"361":{"start":{"line":362,"column":0},"end":{"line":362,"column":38}},"362":{"start":{"line":363,"column":0},"end":{"line":363,"column":10}},"363":{"start":{"line":364,"column":0},"end":{"line":364,"column":50}},"364":{"start":{"line":365,"column":0},"end":{"line":365,"column":3}},"365":{"start":{"line":366,"column":0},"end":{"line":366,"column":1}},"366":{"start":{"line":367,"column":0},"end":{"line":367,"column":3}},"367":{"start":{"line":368,"column":0},"end":{"line":368,"column":12}},"368":{"start":{"line":369,"column":0},"end":{"line":369,"column":22}},"369":{"start":{"line":370,"column":0},"end":{"line":370,"column":32}},"370":{"start":{"line":371,"column":0},"end":{"line":371,"column":56}},"371":{"start":{"line":372,"column":0},"end":{"line":372,"column":42}},"372":{"start":{"line":373,"column":0},"end":{"line":373,"column":58}},"373":{"start":{"line":374,"column":0},"end":{"line":374,"column":17}},"374":{"start":{"line":375,"column":0},"end":{"line":375,"column":3}},"375":{"start":{"line":376,"column":0},"end":{"line":376,"column":25}},"376":{"start":{"line":377,"column":0},"end":{"line":377,"column":15}},"377":{"start":{"line":378,"column":0},"end":{"line":378,"column":19}},"378":{"start":{"line":379,"column":0},"end":{"line":379,"column":17}},"379":{"start":{"line":380,"column":0},"end":{"line":380,"column":25}},"380":{"start":{"line":381,"column":0},"end":{"line":381,"column":11}},"381":{"start":{"line":382,"column":0},"end":{"line":382,"column":69}},"382":{"start":{"line":383,"column":0},"end":{"line":383,"column":52}},"383":{"start":{"line":384,"column":0},"end":{"line":384,"column":13}},"384":{"start":{"line":385,"column":0},"end":{"line":385,"column":3}},"385":{"start":{"line":386,"column":0},"end":{"line":386,"column":47}},"386":{"start":{"line":387,"column":0},"end":{"line":387,"column":30}},"387":{"start":{"line":388,"column":0},"end":{"line":388,"column":17}},"388":{"start":{"line":389,"column":0},"end":{"line":389,"column":19}},"389":{"start":{"line":390,"column":0},"end":{"line":390,"column":3}},"390":{"start":{"line":391,"column":0},"end":{"line":391,"column":19}},"391":{"start":{"line":392,"column":0},"end":{"line":392,"column":42}},"392":{"start":{"line":393,"column":0},"end":{"line":393,"column":51}},"393":{"start":{"line":394,"column":0},"end":{"line":394,"column":31}},"394":{"start":{"line":395,"column":0},"end":{"line":395,"column":70}},"395":{"start":{"line":396,"column":0},"end":{"line":396,"column":9}},"396":{"start":{"line":397,"column":0},"end":{"line":397,"column":23}},"397":{"start":{"line":398,"column":0},"end":{"line":398,"column":7}},"398":{"start":{"line":399,"column":0},"end":{"line":399,"column":40}},"399":{"start":{"line":400,"column":0},"end":{"line":400,"column":5}},"400":{"start":{"line":401,"column":0},"end":{"line":401,"column":3}},"401":{"start":{"line":402,"column":0},"end":{"line":402,"column":25}},"402":{"start":{"line":403,"column":0},"end":{"line":403,"column":42}},"403":{"start":{"line":404,"column":0},"end":{"line":404,"column":3}},"404":{"start":{"line":405,"column":0},"end":{"line":405,"column":40}},"405":{"start":{"line":406,"column":0},"end":{"line":406,"column":38}},"406":{"start":{"line":407,"column":0},"end":{"line":407,"column":10}},"407":{"start":{"line":408,"column":0},"end":{"line":408,"column":50}},"408":{"start":{"line":409,"column":0},"end":{"line":409,"column":3}},"409":{"start":{"line":410,"column":0},"end":{"line":410,"column":1}},"410":{"start":{"line":411,"column":0},"end":{"line":411,"column":0}},"411":{"start":{"line":412,"column":0},"end":{"line":412,"column":3}},"412":{"start":{"line":413,"column":0},"end":{"line":413,"column":25}},"413":{"start":{"line":414,"column":0},"end":{"line":414,"column":12}},"414":{"start":{"line":415,"column":0},"end":{"line":415,"column":30}},"415":{"start":{"line":416,"column":0},"end":{"line":416,"column":41}},"416":{"start":{"line":417,"column":0},"end":{"line":417,"column":20}},"417":{"start":{"line":418,"column":0},"end":{"line":418,"column":3}},"418":{"start":{"line":419,"column":0},"end":{"line":419,"column":75}},"419":{"start":{"line":420,"column":0},"end":{"line":420,"column":13}},"420":{"start":{"line":421,"column":0},"end":{"line":421,"column":16}},"421":{"start":{"line":422,"column":0},"end":{"line":422,"column":12}},"422":{"start":{"line":423,"column":0},"end":{"line":423,"column":3}},"423":{"start":{"line":424,"column":0},"end":{"line":424,"column":41}},"424":{"start":{"line":425,"column":0},"end":{"line":425,"column":35}},"425":{"start":{"line":426,"column":0},"end":{"line":426,"column":19}},"426":{"start":{"line":427,"column":0},"end":{"line":427,"column":13}},"427":{"start":{"line":428,"column":0},"end":{"line":428,"column":3}},"428":{"start":{"line":429,"column":0},"end":{"line":429,"column":28}},"429":{"start":{"line":430,"column":0},"end":{"line":430,"column":32}},"430":{"start":{"line":431,"column":0},"end":{"line":431,"column":28}},"431":{"start":{"line":432,"column":0},"end":{"line":432,"column":15}},"432":{"start":{"line":433,"column":0},"end":{"line":433,"column":5}},"433":{"start":{"line":434,"column":0},"end":{"line":434,"column":4}},"434":{"start":{"line":435,"column":0},"end":{"line":435,"column":11}},"435":{"start":{"line":436,"column":0},"end":{"line":436,"column":1}},"436":{"start":{"line":437,"column":0},"end":{"line":437,"column":0}},"437":{"start":{"line":438,"column":0},"end":{"line":438,"column":3}},"438":{"start":{"line":439,"column":0},"end":{"line":439,"column":23}},"439":{"start":{"line":440,"column":0},"end":{"line":440,"column":12}},"440":{"start":{"line":441,"column":0},"end":{"line":441,"column":34}},"441":{"start":{"line":442,"column":0},"end":{"line":442,"column":31}},"442":{"start":{"line":443,"column":0},"end":{"line":443,"column":20}},"443":{"start":{"line":444,"column":0},"end":{"line":444,"column":3}},"444":{"start":{"line":445,"column":0},"end":{"line":445,"column":28}},"445":{"start":{"line":446,"column":0},"end":{"line":446,"column":18}},"446":{"start":{"line":447,"column":0},"end":{"line":447,"column":51}},"447":{"start":{"line":448,"column":0},"end":{"line":448,"column":14}},"448":{"start":{"line":449,"column":0},"end":{"line":449,"column":75}},"449":{"start":{"line":450,"column":0},"end":{"line":450,"column":16}},"450":{"start":{"line":451,"column":0},"end":{"line":451,"column":13}},"451":{"start":{"line":452,"column":0},"end":{"line":452,"column":3}},"452":{"start":{"line":453,"column":0},"end":{"line":453,"column":38}},"453":{"start":{"line":454,"column":0},"end":{"line":454,"column":1}},"454":{"start":{"line":455,"column":0},"end":{"line":455,"column":0}},"455":{"start":{"line":456,"column":0},"end":{"line":456,"column":3}},"456":{"start":{"line":457,"column":0},"end":{"line":457,"column":50}},"457":{"start":{"line":458,"column":0},"end":{"line":458,"column":12}},"458":{"start":{"line":459,"column":0},"end":{"line":459,"column":33}},"459":{"start":{"line":460,"column":0},"end":{"line":460,"column":17}},"460":{"start":{"line":461,"column":0},"end":{"line":461,"column":3}},"461":{"start":{"line":462,"column":0},"end":{"line":462,"column":31}},"462":{"start":{"line":463,"column":0},"end":{"line":463,"column":74}},"463":{"start":{"line":464,"column":0},"end":{"line":464,"column":17}},"464":{"start":{"line":465,"column":0},"end":{"line":465,"column":27}},"465":{"start":{"line":466,"column":0},"end":{"line":466,"column":7}},"466":{"start":{"line":467,"column":0},"end":{"line":467,"column":11}},"467":{"start":{"line":468,"column":0},"end":{"line":468,"column":38}},"468":{"start":{"line":469,"column":0},"end":{"line":469,"column":17}},"469":{"start":{"line":470,"column":0},"end":{"line":470,"column":23}},"470":{"start":{"line":471,"column":0},"end":{"line":471,"column":39}},"471":{"start":{"line":472,"column":0},"end":{"line":472,"column":24}},"472":{"start":{"line":473,"column":0},"end":{"line":473,"column":44}},"473":{"start":{"line":474,"column":0},"end":{"line":474,"column":9}},"474":{"start":{"line":475,"column":0},"end":{"line":475,"column":8}},"475":{"start":{"line":476,"column":0},"end":{"line":476,"column":14}},"476":{"start":{"line":477,"column":0},"end":{"line":477,"column":15}},"477":{"start":{"line":478,"column":0},"end":{"line":478,"column":28}},"478":{"start":{"line":479,"column":0},"end":{"line":479,"column":14}},"479":{"start":{"line":480,"column":0},"end":{"line":480,"column":3}},"480":{"start":{"line":481,"column":0},"end":{"line":481,"column":46}},"481":{"start":{"line":482,"column":0},"end":{"line":482,"column":20}},"482":{"start":{"line":483,"column":0},"end":{"line":483,"column":41}},"483":{"start":{"line":484,"column":0},"end":{"line":484,"column":26}},"484":{"start":{"line":485,"column":0},"end":{"line":485,"column":6}},"485":{"start":{"line":486,"column":0},"end":{"line":486,"column":18}},"486":{"start":{"line":487,"column":0},"end":{"line":487,"column":1}},"487":{"start":{"line":488,"column":0},"end":{"line":488,"column":0}},"488":{"start":{"line":489,"column":0},"end":{"line":489,"column":3}},"489":{"start":{"line":490,"column":0},"end":{"line":490,"column":36}},"490":{"start":{"line":491,"column":0},"end":{"line":491,"column":12}},"491":{"start":{"line":492,"column":0},"end":{"line":492,"column":28}},"492":{"start":{"line":493,"column":0},"end":{"line":493,"column":62}},"493":{"start":{"line":494,"column":0},"end":{"line":494,"column":46}},"494":{"start":{"line":495,"column":0},"end":{"line":495,"column":20}},"495":{"start":{"line":496,"column":0},"end":{"line":496,"column":3}},"496":{"start":{"line":497,"column":0},"end":{"line":497,"column":32}},"497":{"start":{"line":498,"column":0},"end":{"line":498,"column":15}},"498":{"start":{"line":499,"column":0},"end":{"line":499,"column":44}},"499":{"start":{"line":500,"column":0},"end":{"line":500,"column":46}},"500":{"start":{"line":501,"column":0},"end":{"line":501,"column":14}},"501":{"start":{"line":502,"column":0},"end":{"line":502,"column":71}},"502":{"start":{"line":503,"column":0},"end":{"line":503,"column":24}},"503":{"start":{"line":504,"column":0},"end":{"line":504,"column":29}},"504":{"start":{"line":505,"column":0},"end":{"line":505,"column":28}},"505":{"start":{"line":506,"column":0},"end":{"line":506,"column":46}},"506":{"start":{"line":507,"column":0},"end":{"line":507,"column":20}},"507":{"start":{"line":508,"column":0},"end":{"line":508,"column":47}},"508":{"start":{"line":509,"column":0},"end":{"line":509,"column":52}},"509":{"start":{"line":510,"column":0},"end":{"line":510,"column":19}},"510":{"start":{"line":511,"column":0},"end":{"line":511,"column":51}},"511":{"start":{"line":512,"column":0},"end":{"line":512,"column":29}},"512":{"start":{"line":513,"column":0},"end":{"line":513,"column":9}},"513":{"start":{"line":514,"column":0},"end":{"line":514,"column":42}},"514":{"start":{"line":515,"column":0},"end":{"line":515,"column":8}},"515":{"start":{"line":516,"column":0},"end":{"line":516,"column":44}},"516":{"start":{"line":517,"column":0},"end":{"line":517,"column":5}},"517":{"start":{"line":518,"column":0},"end":{"line":518,"column":25}},"518":{"start":{"line":519,"column":0},"end":{"line":519,"column":49}},"519":{"start":{"line":520,"column":0},"end":{"line":520,"column":33}},"520":{"start":{"line":521,"column":0},"end":{"line":521,"column":34}},"521":{"start":{"line":522,"column":0},"end":{"line":522,"column":25}},"522":{"start":{"line":523,"column":0},"end":{"line":523,"column":26}},"523":{"start":{"line":524,"column":0},"end":{"line":524,"column":70}},"524":{"start":{"line":525,"column":0},"end":{"line":525,"column":14}},"525":{"start":{"line":526,"column":0},"end":{"line":526,"column":69}},"526":{"start":{"line":527,"column":0},"end":{"line":527,"column":7}},"527":{"start":{"line":528,"column":0},"end":{"line":528,"column":12}},"528":{"start":{"line":529,"column":0},"end":{"line":529,"column":61}},"529":{"start":{"line":530,"column":0},"end":{"line":530,"column":5}},"530":{"start":{"line":531,"column":0},"end":{"line":531,"column":10}},"531":{"start":{"line":532,"column":0},"end":{"line":532,"column":19}},"532":{"start":{"line":533,"column":0},"end":{"line":533,"column":28}},"533":{"start":{"line":534,"column":0},"end":{"line":534,"column":25}},"534":{"start":{"line":535,"column":0},"end":{"line":535,"column":55}},"535":{"start":{"line":536,"column":0},"end":{"line":536,"column":12}},"536":{"start":{"line":537,"column":0},"end":{"line":537,"column":42}},"537":{"start":{"line":538,"column":0},"end":{"line":538,"column":5}},"538":{"start":{"line":539,"column":0},"end":{"line":539,"column":3}},"539":{"start":{"line":540,"column":0},"end":{"line":540,"column":17}},"540":{"start":{"line":541,"column":0},"end":{"line":541,"column":1}},"541":{"start":{"line":542,"column":0},"end":{"line":542,"column":0}},"542":{"start":{"line":543,"column":0},"end":{"line":543,"column":3}},"543":{"start":{"line":544,"column":0},"end":{"line":544,"column":12}},"544":{"start":{"line":545,"column":0},"end":{"line":545,"column":24}},"545":{"start":{"line":546,"column":0},"end":{"line":546,"column":25}},"546":{"start":{"line":547,"column":0},"end":{"line":547,"column":3}},"547":{"start":{"line":548,"column":0},"end":{"line":548,"column":38}},"548":{"start":{"line":549,"column":0},"end":{"line":549,"column":17}},"549":{"start":{"line":550,"column":0},"end":{"line":550,"column":74}},"550":{"start":{"line":551,"column":0},"end":{"line":551,"column":3}},"551":{"start":{"line":552,"column":0},"end":{"line":552,"column":78}},"552":{"start":{"line":553,"column":0},"end":{"line":553,"column":1}},"553":{"start":{"line":554,"column":0},"end":{"line":554,"column":0}},"554":{"start":{"line":555,"column":0},"end":{"line":555,"column":3}},"555":{"start":{"line":556,"column":0},"end":{"line":556,"column":12}},"556":{"start":{"line":557,"column":0},"end":{"line":557,"column":31}},"557":{"start":{"line":558,"column":0},"end":{"line":558,"column":27}},"558":{"start":{"line":559,"column":0},"end":{"line":559,"column":27}},"559":{"start":{"line":560,"column":0},"end":{"line":560,"column":20}},"560":{"start":{"line":561,"column":0},"end":{"line":561,"column":3}},"561":{"start":{"line":562,"column":0},"end":{"line":562,"column":74}},"562":{"start":{"line":563,"column":0},"end":{"line":563,"column":22}},"563":{"start":{"line":564,"column":0},"end":{"line":564,"column":23}},"564":{"start":{"line":565,"column":0},"end":{"line":565,"column":14}},"565":{"start":{"line":566,"column":0},"end":{"line":566,"column":58}},"566":{"start":{"line":567,"column":0},"end":{"line":567,"column":1}},"567":{"start":{"line":568,"column":0},"end":{"line":568,"column":0}},"568":{"start":{"line":569,"column":0},"end":{"line":569,"column":3}},"569":{"start":{"line":570,"column":0},"end":{"line":570,"column":12}},"570":{"start":{"line":571,"column":0},"end":{"line":571,"column":37}},"571":{"start":{"line":572,"column":0},"end":{"line":572,"column":32}},"572":{"start":{"line":573,"column":0},"end":{"line":573,"column":3}},"573":{"start":{"line":574,"column":0},"end":{"line":574,"column":43}},"574":{"start":{"line":575,"column":0},"end":{"line":575,"column":11}},"575":{"start":{"line":576,"column":0},"end":{"line":576,"column":1}},"576":{"start":{"line":577,"column":0},"end":{"line":577,"column":3}},"577":{"start":{"line":578,"column":0},"end":{"line":578,"column":12}},"578":{"start":{"line":579,"column":0},"end":{"line":579,"column":23}},"579":{"start":{"line":580,"column":0},"end":{"line":580,"column":29}},"580":{"start":{"line":581,"column":0},"end":{"line":581,"column":25}},"581":{"start":{"line":582,"column":0},"end":{"line":582,"column":3}},"582":{"start":{"line":583,"column":0},"end":{"line":583,"column":48}},"583":{"start":{"line":584,"column":0},"end":{"line":584,"column":31}},"584":{"start":{"line":585,"column":0},"end":{"line":585,"column":1}},"585":{"start":{"line":586,"column":0},"end":{"line":586,"column":0}},"586":{"start":{"line":587,"column":0},"end":{"line":587,"column":3}},"587":{"start":{"line":588,"column":0},"end":{"line":588,"column":12}},"588":{"start":{"line":589,"column":0},"end":{"line":589,"column":34}},"589":{"start":{"line":590,"column":0},"end":{"line":590,"column":31}},"590":{"start":{"line":591,"column":0},"end":{"line":591,"column":33}},"591":{"start":{"line":592,"column":0},"end":{"line":592,"column":23}},"592":{"start":{"line":593,"column":0},"end":{"line":593,"column":3}},"593":{"start":{"line":594,"column":0},"end":{"line":594,"column":68}},"594":{"start":{"line":595,"column":0},"end":{"line":595,"column":13}},"595":{"start":{"line":596,"column":0},"end":{"line":596,"column":22}},"596":{"start":{"line":597,"column":0},"end":{"line":597,"column":10}},"597":{"start":{"line":598,"column":0},"end":{"line":598,"column":27}},"598":{"start":{"line":599,"column":0},"end":{"line":599,"column":3}},"599":{"start":{"line":600,"column":0},"end":{"line":600,"column":20}},"600":{"start":{"line":601,"column":0},"end":{"line":601,"column":1}},"601":{"start":{"line":602,"column":0},"end":{"line":602,"column":0}},"602":{"start":{"line":603,"column":0},"end":{"line":603,"column":3}},"603":{"start":{"line":604,"column":0},"end":{"line":604,"column":12}},"604":{"start":{"line":605,"column":0},"end":{"line":605,"column":26}},"605":{"start":{"line":606,"column":0},"end":{"line":606,"column":29}},"606":{"start":{"line":607,"column":0},"end":{"line":607,"column":33}},"607":{"start":{"line":608,"column":0},"end":{"line":608,"column":37}},"608":{"start":{"line":609,"column":0},"end":{"line":609,"column":28}},"609":{"start":{"line":610,"column":0},"end":{"line":610,"column":3}},"610":{"start":{"line":611,"column":0},"end":{"line":611,"column":23}},"611":{"start":{"line":612,"column":0},"end":{"line":612,"column":14}},"612":{"start":{"line":613,"column":0},"end":{"line":613,"column":22}},"613":{"start":{"line":614,"column":0},"end":{"line":614,"column":19}},"614":{"start":{"line":615,"column":0},"end":{"line":615,"column":17}},"615":{"start":{"line":616,"column":0},"end":{"line":616,"column":53}},"616":{"start":{"line":617,"column":0},"end":{"line":617,"column":16}},"617":{"start":{"line":618,"column":0},"end":{"line":618,"column":37}},"618":{"start":{"line":619,"column":0},"end":{"line":619,"column":3}},"619":{"start":{"line":620,"column":0},"end":{"line":620,"column":20}},"620":{"start":{"line":621,"column":0},"end":{"line":621,"column":14}},"621":{"start":{"line":622,"column":0},"end":{"line":622,"column":10}},"622":{"start":{"line":623,"column":0},"end":{"line":623,"column":42}},"623":{"start":{"line":624,"column":0},"end":{"line":624,"column":3}},"624":{"start":{"line":625,"column":0},"end":{"line":625,"column":1}},"625":{"start":{"line":626,"column":0},"end":{"line":626,"column":0}},"626":{"start":{"line":627,"column":0},"end":{"line":627,"column":3}},"627":{"start":{"line":628,"column":0},"end":{"line":628,"column":12}},"628":{"start":{"line":629,"column":0},"end":{"line":629,"column":66}},"629":{"start":{"line":630,"column":0},"end":{"line":630,"column":36}},"630":{"start":{"line":631,"column":0},"end":{"line":631,"column":51}},"631":{"start":{"line":632,"column":0},"end":{"line":632,"column":3}},"632":{"start":{"line":633,"column":0},"end":{"line":633,"column":78}},"633":{"start":{"line":634,"column":0},"end":{"line":634,"column":40}},"634":{"start":{"line":635,"column":0},"end":{"line":635,"column":57}},"635":{"start":{"line":636,"column":0},"end":{"line":636,"column":50}},"636":{"start":{"line":637,"column":0},"end":{"line":637,"column":27}},"637":{"start":{"line":638,"column":0},"end":{"line":638,"column":26}},"638":{"start":{"line":639,"column":0},"end":{"line":639,"column":38}},"639":{"start":{"line":640,"column":0},"end":{"line":640,"column":4}},"640":{"start":{"line":641,"column":0},"end":{"line":641,"column":30}},"641":{"start":{"line":642,"column":0},"end":{"line":642,"column":38}},"642":{"start":{"line":643,"column":0},"end":{"line":643,"column":57}},"643":{"start":{"line":644,"column":0},"end":{"line":644,"column":71}},"644":{"start":{"line":645,"column":0},"end":{"line":645,"column":15}},"645":{"start":{"line":646,"column":0},"end":{"line":646,"column":79}},"646":{"start":{"line":647,"column":0},"end":{"line":647,"column":7}},"647":{"start":{"line":648,"column":0},"end":{"line":648,"column":5}},"648":{"start":{"line":649,"column":0},"end":{"line":649,"column":3}},"649":{"start":{"line":650,"column":0},"end":{"line":650,"column":22}},"650":{"start":{"line":651,"column":0},"end":{"line":651,"column":11}},"651":{"start":{"line":652,"column":0},"end":{"line":652,"column":29}},"652":{"start":{"line":653,"column":0},"end":{"line":653,"column":11}},"653":{"start":{"line":654,"column":0},"end":{"line":654,"column":29}},"654":{"start":{"line":655,"column":0},"end":{"line":655,"column":11}},"655":{"start":{"line":656,"column":0},"end":{"line":656,"column":28}},"656":{"start":{"line":657,"column":0},"end":{"line":657,"column":11}},"657":{"start":{"line":658,"column":0},"end":{"line":658,"column":30}},"658":{"start":{"line":659,"column":0},"end":{"line":659,"column":12}},"659":{"start":{"line":660,"column":0},"end":{"line":660,"column":11}},"660":{"start":{"line":661,"column":0},"end":{"line":661,"column":3}},"661":{"start":{"line":662,"column":0},"end":{"line":662,"column":15}},"662":{"start":{"line":663,"column":0},"end":{"line":663,"column":1}}},"s":{"0":7,"1":7,"2":7,"3":7,"4":7,"5":7,"6":7,"7":7,"8":7,"9":7,"10":7,"11":7,"12":175,"13":175,"14":7,"15":7,"16":7,"17":7,"18":7,"19":7,"20":7,"21":175,"22":175,"23":175,"24":43,"25":43,"26":175,"27":175,"28":175,"29":175,"30":175,"31":175,"32":7,"33":7,"34":7,"35":7,"36":7,"37":7,"38":7,"39":7,"40":7,"41":7,"42":7,"43":7,"44":7,"45":7,"46":7,"47":7,"48":7,"49":7,"50":7,"51":1,"52":7,"53":7,"54":7,"55":7,"56":7,"57":7,"58":7,"59":7,"60":7,"61":7,"62":7,"63":7,"64":7,"65":7,"66":7,"67":7,"68":7,"69":7,"70":7,"71":7,"72":7,"73":7,"74":7,"75":0,"76":7,"77":7,"78":0,"79":7,"80":1,"81":1,"82":1,"83":1,"84":1,"85":1,"86":1,"87":1,"88":1,"89":1,"90":1,"91":1,"92":1,"93":1,"94":1,"95":1,"96":1,"97":1,"98":1,"99":1,"100":1,"101":1,"102":1,"103":1,"104":1,"105":1,"106":1,"107":1,"108":1,"109":1,"110":1,"111":1,"112":1,"113":1,"114":1,"115":1,"116":1,"117":7,"118":1,"119":1,"120":1,"121":1,"122":1,"123":0,"124":0,"125":0,"126":0,"127":0,"128":0,"129":0,"130":0,"131":0,"132":0,"133":0,"134":0,"135":0,"136":0,"137":0,"138":0,"139":7,"140":7,"141":7,"142":1,"143":1,"144":1,"145":1,"146":1,"147":1,"148":1,"149":1,"150":1,"151":1,"152":1,"153":1,"154":1,"155":7,"156":7,"157":3,"158":3,"159":3,"160":3,"161":3,"162":3,"163":3,"164":0,"165":0,"166":7,"167":5,"168":5,"169":5,"170":5,"171":5,"172":5,"173":5,"174":5,"175":5,"176":5,"177":5,"178":5,"179":5,"180":5,"181":5,"182":5,"183":5,"184":5,"185":5,"186":5,"187":7,"188":2,"189":2,"190":2,"191":2,"192":7,"193":7,"194":2,"195":2,"196":2,"197":2,"198":2,"199":2,"200":2,"201":2,"202":2,"203":2,"204":2,"205":2,"206":2,"207":2,"208":2,"209":2,"210":2,"211":2,"212":2,"213":2,"214":2,"215":2,"216":2,"217":0,"218":2,"219":2,"220":2,"221":2,"222":2,"223":2,"224":2,"225":0,"226":0,"227":2,"228":2,"229":2,"230":2,"231":7,"232":1,"233":1,"234":1,"235":7,"236":3,"237":3,"238":3,"239":3,"240":3,"241":3,"242":3,"243":7,"244":7,"245":7,"246":3,"247":3,"248":3,"249":3,"250":3,"251":3,"252":1,"253":3,"254":3,"255":3,"256":7,"257":17,"258":17,"259":17,"260":17,"261":17,"262":7,"263":7,"264":1,"265":1,"266":0,"267":1,"268":0,"269":0,"270":1,"271":1,"272":1,"273":1,"274":1,"275":1,"276":1,"277":1,"278":1,"279":1,"280":3,"281":3,"282":0,"283":0,"284":0,"285":3,"286":3,"287":1,"288":0,"289":0,"290":0,"291":0,"292":1,"293":1,"294":1,"295":0,"296":1,"297":7,"298":23,"299":23,"300":23,"301":23,"302":0,"303":23,"304":0,"305":0,"306":23,"307":23,"308":23,"309":23,"310":23,"311":23,"312":1,"313":23,"314":8,"315":8,"316":14,"317":14,"318":14,"319":14,"320":14,"321":14,"322":3,"323":1,"324":3,"325":23,"326":19,"327":23,"328":2,"329":23,"330":23,"331":4,"332":4,"333":4,"334":23,"335":15,"336":7,"337":7,"338":3,"339":3,"340":3,"341":3,"342":3,"343":1,"344":3,"345":3,"346":3,"347":2,"348":7,"349":4,"350":4,"351":4,"352":4,"353":1,"354":4,"355":7,"356":7,"357":7,"358":7,"359":7,"360":7,"361":7,"362":7,"363":9,"364":9,"365":9,"366":9,"367":9,"368":7,"369":7,"370":7,"371":0,"372":7,"373":12,"374":12,"375":12,"376":12,"377":12,"378":12,"379":12,"380":12,"381":12,"382":12,"383":4,"384":4,"385":4,"386":4,"387":2,"388":2,"389":2,"390":2,"391":2,"392":4,"393":4,"394":12,"395":5,"396":8,"397":3,"398":3,"399":2,"400":2,"401":2,"402":0,"403":0,"404":0,"405":0,"406":0,"407":0,"408":0,"409":0,"410":0,"411":2,"412":2,"413":2,"414":2,"415":3,"416":1,"417":1,"418":1,"419":1,"420":1,"421":1,"422":1,"423":7,"424":1,"425":5,"426":5,"427":5,"428":1,"429":1,"430":1,"431":1,"432":7,"433":7,"434":7,"435":3,"436":3,"437":3,"438":3,"439":3,"440":3,"441":3,"442":3,"443":7,"444":7,"445":7,"446":7,"447":7,"448":7,"449":0,"450":0,"451":0,"452":7,"453":0,"454":0,"455":0,"456":0,"457":0,"458":0,"459":0,"460":0,"461":0,"462":7,"463":7,"464":0,"465":0,"466":0,"467":0,"468":0,"469":0,"470":0,"471":0,"472":0,"473":0,"474":0,"475":0,"476":0,"477":0,"478":0,"479":0,"480":0,"481":0,"482":0,"483":0,"484":0,"485":0,"486":0,"487":0,"488":0,"489":0,"490":0,"491":0,"492":0,"493":0,"494":0,"495":0,"496":0,"497":0,"498":1,"499":1,"500":1,"501":1,"502":1,"503":1,"504":1,"505":1,"506":1,"507":1,"508":1,"509":1,"510":1,"511":1,"512":1,"513":1,"514":1,"515":1,"516":1,"517":1,"518":1,"519":1,"520":1,"521":1,"522":1,"523":1,"524":1,"525":1,"526":1,"527":1,"528":1,"529":1,"530":1,"531":1,"532":1,"533":1,"534":1,"535":1,"536":1,"537":1,"538":1,"539":1,"540":1,"541":1,"542":1,"543":1,"544":1,"545":1,"546":1,"547":1,"548":1,"549":1,"550":1,"551":1,"552":1,"553":1,"554":1,"555":1,"556":1,"557":1,"558":1,"559":1,"560":1,"561":1,"562":1,"563":1,"564":1,"565":1,"566":1,"567":1,"568":1,"569":1,"570":1,"571":1,"572":1,"573":1,"574":1,"575":1,"576":1,"577":1,"578":1,"579":1,"580":1,"581":1,"582":1,"583":1,"584":1,"585":1,"586":1,"587":1,"588":1,"589":1,"590":1,"591":1,"592":1,"593":1,"594":1,"595":1,"596":1,"597":1,"598":1,"599":1,"600":1,"601":1,"602":1,"603":1,"604":1,"605":1,"606":1,"607":1,"608":1,"609":1,"610":1,"611":1,"612":1,"613":1,"614":1,"615":1,"616":1,"617":1,"618":1,"619":1,"620":1,"621":1,"622":1,"623":1,"624":1,"625":1,"626":1,"627":1,"628":1,"629":1,"630":1,"631":1,"632":1,"633":1,"634":1,"635":1,"636":1,"637":1,"638":1,"639":1,"640":1,"641":1,"642":1,"643":1,"644":1,"645":1,"646":1,"647":1,"648":1,"649":1,"650":1,"651":1,"652":1,"653":1,"654":1,"655":1,"656":1,"657":1,"658":1,"659":1,"660":1,"661":1,"662":1},"branchMap":{"0":{"type":"branch","line":1,"loc":{"start":{"line":1,"column":0},"end":{"line":499,"column":36}},"locations":[{"start":{"line":1,"column":0},"end":{"line":499,"column":36}}]},"1":{"type":"branch","line":1,"loc":{"start":{"line":1,"column":0},"end":{"line":499,"column":33}},"locations":[{"start":{"line":1,"column":0},"end":{"line":499,"column":33}}]},"2":{"type":"branch","line":11,"loc":{"start":{"line":11,"column":3},"end":{"line":15,"column":21}},"locations":[{"start":{"line":11,"column":3},"end":{"line":15,"column":21}}]},"3":{"type":"branch","line":12,"loc":{"start":{"line":12,"column":21},"end":{"line":15,"column":19}},"locations":[{"start":{"line":12,"column":21},"end":{"line":15,"column":19}}]},"4":{"type":"branch","line":15,"loc":{"start":{"line":15,"column":41},"end":{"line":33,"column":22}},"locations":[{"start":{"line":15,"column":41},"end":{"line":33,"column":22}}]},"5":{"type":"branch","line":17,"loc":{"start":{"line":17,"column":46},"end":{"line":18,"column":20}},"locations":[{"start":{"line":17,"column":46},"end":{"line":18,"column":20}}]},"6":{"type":"branch","line":21,"loc":{"start":{"line":21,"column":20},"end":{"line":33,"column":3}},"locations":[{"start":{"line":21,"column":20},"end":{"line":33,"column":3}}]},"7":{"type":"branch","line":24,"loc":{"start":{"line":24,"column":3},"end":{"line":26,"column":1}},"locations":[{"start":{"line":24,"column":3},"end":{"line":26,"column":1}}]},"8":{"type":"branch","line":34,"loc":{"start":{"line":34,"column":3},"end":{"line":40,"column":15}},"locations":[{"start":{"line":34,"column":3},"end":{"line":40,"column":15}}]},"9":{"type":"branch","line":44,"loc":{"start":{"line":44,"column":0},"end":{"line":44,"column":15}},"locations":[{"start":{"line":44,"column":0},"end":{"line":44,"column":15}}]},"10":{"type":"branch","line":44,"loc":{"start":{"line":44,"column":30},"end":{"line":44,"column":45}},"locations":[{"start":{"line":44,"column":30},"end":{"line":44,"column":45}}]},"11":{"type":"branch","line":45,"loc":{"start":{"line":45,"column":1},"end":{"line":45,"column":13}},"locations":[{"start":{"line":45,"column":1},"end":{"line":45,"column":13}}]},"12":{"type":"branch","line":46,"loc":{"start":{"line":46,"column":2},"end":{"line":46,"column":15}},"locations":[{"start":{"line":46,"column":2},"end":{"line":46,"column":15}}]},"13":{"type":"branch","line":48,"loc":{"start":{"line":48,"column":12},"end":{"line":49,"column":3}},"locations":[{"start":{"line":48,"column":12},"end":{"line":49,"column":3}}]},"14":{"type":"branch","line":49,"loc":{"start":{"line":49,"column":18},"end":{"line":49,"column":33}},"locations":[{"start":{"line":49,"column":18},"end":{"line":49,"column":33}}]},"15":{"type":"branch","line":49,"loc":{"start":{"line":49,"column":49},"end":{"line":50,"column":3}},"locations":[{"start":{"line":49,"column":49},"end":{"line":50,"column":3}}]},"16":{"type":"branch","line":51,"loc":{"start":{"line":51,"column":1},"end":{"line":51,"column":18}},"locations":[{"start":{"line":51,"column":1},"end":{"line":51,"column":18}}]},"17":{"type":"branch","line":51,"loc":{"start":{"line":51,"column":38},"end":{"line":53,"column":3}},"locations":[{"start":{"line":51,"column":38},"end":{"line":53,"column":3}}]},"18":{"type":"branch","line":53,"loc":{"start":{"line":53,"column":16},"end":{"line":54,"column":5}},"locations":[{"start":{"line":53,"column":16},"end":{"line":54,"column":5}}]},"19":{"type":"branch","line":55,"loc":{"start":{"line":55,"column":10},"end":{"line":55,"column":25}},"locations":[{"start":{"line":55,"column":10},"end":{"line":55,"column":25}}]},"20":{"type":"branch","line":55,"loc":{"start":{"line":55,"column":38},"end":{"line":55,"column":51}},"locations":[{"start":{"line":55,"column":38},"end":{"line":55,"column":51}}]},"21":{"type":"branch","line":57,"loc":{"start":{"line":57,"column":4},"end":{"line":57,"column":25}},"locations":[{"start":{"line":57,"column":4},"end":{"line":57,"column":25}}]},"22":{"type":"branch","line":58,"loc":{"start":{"line":58,"column":1},"end":{"line":58,"column":11}},"locations":[{"start":{"line":58,"column":1},"end":{"line":58,"column":11}}]},"23":{"type":"branch","line":59,"loc":{"start":{"line":59,"column":9},"end":{"line":59,"column":23}},"locations":[{"start":{"line":59,"column":9},"end":{"line":59,"column":23}}]},"24":{"type":"branch","line":61,"loc":{"start":{"line":61,"column":1},"end":{"line":61,"column":16}},"locations":[{"start":{"line":61,"column":1},"end":{"line":61,"column":16}}]},"25":{"type":"branch","line":62,"loc":{"start":{"line":62,"column":5},"end":{"line":63,"column":5}},"locations":[{"start":{"line":62,"column":5},"end":{"line":63,"column":5}}]},"26":{"type":"branch","line":65,"loc":{"start":{"line":65,"column":31},"end":{"line":65,"column":47}},"locations":[{"start":{"line":65,"column":31},"end":{"line":65,"column":47}}]},"27":{"type":"branch","line":65,"loc":{"start":{"line":65,"column":61},"end":{"line":66,"column":12}},"locations":[{"start":{"line":65,"column":61},"end":{"line":66,"column":12}}]},"28":{"type":"branch","line":67,"loc":{"start":{"line":67,"column":13},"end":{"line":67,"column":31}},"locations":[{"start":{"line":67,"column":13},"end":{"line":67,"column":31}}]},"29":{"type":"branch","line":67,"loc":{"start":{"line":67,"column":42},"end":{"line":67,"column":53}},"locations":[{"start":{"line":67,"column":42},"end":{"line":67,"column":53}}]},"30":{"type":"branch","line":80,"loc":{"start":{"line":80,"column":19},"end":{"line":118,"column":11}},"locations":[{"start":{"line":80,"column":19},"end":{"line":118,"column":11}}]},"31":{"type":"branch","line":118,"loc":{"start":{"line":118,"column":30},"end":{"line":140,"column":12}},"locations":[{"start":{"line":118,"column":30},"end":{"line":140,"column":12}}]},"32":{"type":"branch","line":123,"loc":{"start":{"line":123,"column":35},"end":{"line":140,"column":10}},"locations":[{"start":{"line":123,"column":35},"end":{"line":140,"column":10}}]},"33":{"type":"branch","line":142,"loc":{"start":{"line":142,"column":5},"end":{"line":156,"column":28}},"locations":[{"start":{"line":142,"column":5},"end":{"line":156,"column":28}}]},"34":{"type":"branch","line":143,"loc":{"start":{"line":143,"column":6},"end":{"line":154,"column":0}},"locations":[{"start":{"line":143,"column":6},"end":{"line":154,"column":0}}]},"35":{"type":"branch","line":157,"loc":{"start":{"line":157,"column":12},"end":{"line":167,"column":31}},"locations":[{"start":{"line":157,"column":12},"end":{"line":167,"column":31}}]},"36":{"type":"branch","line":164,"loc":{"start":{"line":164,"column":4},"end":{"line":167,"column":12}},"locations":[{"start":{"line":164,"column":4},"end":{"line":167,"column":12}}]},"37":{"type":"branch","line":167,"loc":{"start":{"line":167,"column":51},"end":{"line":188,"column":23}},"locations":[{"start":{"line":167,"column":51},"end":{"line":188,"column":23}}]},"38":{"type":"branch","line":188,"loc":{"start":{"line":188,"column":43},"end":{"line":193,"column":5}},"locations":[{"start":{"line":188,"column":43},"end":{"line":193,"column":5}}]},"39":{"type":"branch","line":194,"loc":{"start":{"line":194,"column":10},"end":{"line":232,"column":9}},"locations":[{"start":{"line":194,"column":10},"end":{"line":232,"column":9}}]},"40":{"type":"branch","line":217,"loc":{"start":{"line":217,"column":15},"end":{"line":219,"column":3}},"locations":[{"start":{"line":217,"column":15},"end":{"line":219,"column":3}}]},"41":{"type":"branch","line":225,"loc":{"start":{"line":225,"column":29},"end":{"line":228,"column":33}},"locations":[{"start":{"line":225,"column":29},"end":{"line":228,"column":33}}]},"42":{"type":"branch","line":229,"loc":{"start":{"line":229,"column":5},"end":{"line":230,"column":6}},"locations":[{"start":{"line":229,"column":5},"end":{"line":230,"column":6}}]},"43":{"type":"branch","line":230,"loc":{"start":{"line":230,"column":7},"end":{"line":231,"column":16}},"locations":[{"start":{"line":230,"column":7},"end":{"line":231,"column":16}}]},"44":{"type":"branch","line":232,"loc":{"start":{"line":232,"column":34},"end":{"line":236,"column":18}},"locations":[{"start":{"line":232,"column":34},"end":{"line":236,"column":18}}]},"45":{"type":"branch","line":236,"loc":{"start":{"line":236,"column":39},"end":{"line":244,"column":14}},"locations":[{"start":{"line":236,"column":39},"end":{"line":244,"column":14}}]},"46":{"type":"branch","line":243,"loc":{"start":{"line":243,"column":7},"end":{"line":243,"column":39}},"locations":[{"start":{"line":243,"column":7},"end":{"line":243,"column":39}}]},"47":{"type":"branch","line":244,"loc":{"start":{"line":244,"column":6},"end":{"line":244,"column":11}},"locations":[{"start":{"line":244,"column":6},"end":{"line":244,"column":11}}]},"48":{"type":"branch","line":246,"loc":{"start":{"line":246,"column":2},"end":{"line":257,"column":48}},"locations":[{"start":{"line":246,"column":2},"end":{"line":257,"column":48}}]},"49":{"type":"branch","line":252,"loc":{"start":{"line":252,"column":3},"end":{"line":254,"column":25}},"locations":[{"start":{"line":252,"column":3},"end":{"line":254,"column":25}}]},"50":{"type":"branch","line":257,"loc":{"start":{"line":257,"column":64},"end":{"line":263,"column":33}},"locations":[{"start":{"line":257,"column":64},"end":{"line":263,"column":33}}]},"51":{"type":"branch","line":262,"loc":{"start":{"line":262,"column":6},"end":{"line":263,"column":29}},"locations":[{"start":{"line":262,"column":6},"end":{"line":263,"column":29}}]},"52":{"type":"branch","line":264,"loc":{"start":{"line":264,"column":7},"end":{"line":298,"column":39}},"locations":[{"start":{"line":264,"column":7},"end":{"line":298,"column":39}}]},"53":{"type":"branch","line":266,"loc":{"start":{"line":266,"column":6},"end":{"line":268,"column":1}},"locations":[{"start":{"line":266,"column":6},"end":{"line":268,"column":1}}]},"54":{"type":"branch","line":268,"loc":{"start":{"line":268,"column":37},"end":{"line":268,"column":68}},"locations":[{"start":{"line":268,"column":37},"end":{"line":268,"column":68}}]},"55":{"type":"branch","line":268,"loc":{"start":{"line":268,"column":70},"end":{"line":271,"column":32}},"locations":[{"start":{"line":268,"column":70},"end":{"line":271,"column":32}}]},"56":{"type":"branch","line":280,"loc":{"start":{"line":280,"column":23},"end":{"line":288,"column":17}},"locations":[{"start":{"line":280,"column":23},"end":{"line":288,"column":17}}]},"57":{"type":"branch","line":282,"loc":{"start":{"line":282,"column":6},"end":{"line":286,"column":11}},"locations":[{"start":{"line":282,"column":6},"end":{"line":286,"column":11}}]},"58":{"type":"branch","line":288,"loc":{"start":{"line":288,"column":5},"end":{"line":288,"column":10}},"locations":[{"start":{"line":288,"column":5},"end":{"line":288,"column":10}}]},"59":{"type":"branch","line":288,"loc":{"start":{"line":288,"column":46},"end":{"line":293,"column":10}},"locations":[{"start":{"line":288,"column":46},"end":{"line":293,"column":10}}]},"60":{"type":"branch","line":295,"loc":{"start":{"line":295,"column":1},"end":{"line":297,"column":13}},"locations":[{"start":{"line":295,"column":1},"end":{"line":297,"column":13}}]},"61":{"type":"branch","line":298,"loc":{"start":{"line":298,"column":21},"end":{"line":298,"column":32}},"locations":[{"start":{"line":298,"column":21},"end":{"line":298,"column":32}}]},"62":{"type":"branch","line":299,"loc":{"start":{"line":299,"column":-1},"end":{"line":337,"column":19}},"locations":[{"start":{"line":299,"column":-1},"end":{"line":337,"column":19}}]},"63":{"type":"branch","line":302,"loc":{"start":{"line":302,"column":68},"end":{"line":303,"column":25}},"locations":[{"start":{"line":302,"column":68},"end":{"line":303,"column":25}}]},"64":{"type":"branch","line":304,"loc":{"start":{"line":304,"column":1},"end":{"line":307,"column":75}},"locations":[{"start":{"line":304,"column":1},"end":{"line":307,"column":75}}]},"65":{"type":"branch","line":312,"loc":{"start":{"line":312,"column":19},"end":{"line":314,"column":8}},"locations":[{"start":{"line":312,"column":19},"end":{"line":314,"column":8}}]},"66":{"type":"branch","line":314,"loc":{"start":{"line":314,"column":8},"end":{"line":314,"column":27}},"locations":[{"start":{"line":314,"column":8},"end":{"line":314,"column":27}}]},"67":{"type":"branch","line":314,"loc":{"start":{"line":314,"column":27},"end":{"line":326,"column":54}},"locations":[{"start":{"line":314,"column":27},"end":{"line":326,"column":54}}]},"68":{"type":"branch","line":316,"loc":{"start":{"line":316,"column":11},"end":{"line":326,"column":50}},"locations":[{"start":{"line":316,"column":11},"end":{"line":326,"column":50}}]},"69":{"type":"branch","line":322,"loc":{"start":{"line":322,"column":5},"end":{"line":326,"column":2}},"locations":[{"start":{"line":322,"column":5},"end":{"line":326,"column":2}}]},"70":{"type":"branch","line":323,"loc":{"start":{"line":323,"column":14},"end":{"line":325,"column":12}},"locations":[{"start":{"line":323,"column":14},"end":{"line":325,"column":12}}]},"71":{"type":"branch","line":326,"loc":{"start":{"line":326,"column":2},"end":{"line":326,"column":38}},"locations":[{"start":{"line":326,"column":2},"end":{"line":326,"column":38}}]},"72":{"type":"branch","line":326,"loc":{"start":{"line":326,"column":38},"end":{"line":326,"column":43}},"locations":[{"start":{"line":326,"column":38},"end":{"line":326,"column":43}}]},"73":{"type":"branch","line":326,"loc":{"start":{"line":326,"column":50},"end":{"line":326,"column":54}},"locations":[{"start":{"line":326,"column":50},"end":{"line":326,"column":54}}]},"74":{"type":"branch","line":326,"loc":{"start":{"line":326,"column":54},"end":{"line":328,"column":2}},"locations":[{"start":{"line":326,"column":54},"end":{"line":328,"column":2}}]},"75":{"type":"branch","line":328,"loc":{"start":{"line":328,"column":2},"end":{"line":330,"column":12}},"locations":[{"start":{"line":328,"column":2},"end":{"line":330,"column":12}}]},"76":{"type":"branch","line":330,"loc":{"start":{"line":330,"column":12},"end":{"line":331,"column":19}},"locations":[{"start":{"line":330,"column":12},"end":{"line":331,"column":19}}]},"77":{"type":"branch","line":331,"loc":{"start":{"line":331,"column":19},"end":{"line":335,"column":8}},"locations":[{"start":{"line":331,"column":19},"end":{"line":335,"column":8}}]},"78":{"type":"branch","line":335,"loc":{"start":{"line":335,"column":8},"end":{"line":337,"column":17}},"locations":[{"start":{"line":335,"column":8},"end":{"line":337,"column":17}}]},"79":{"type":"branch","line":337,"loc":{"start":{"line":337,"column":1},"end":{"line":337,"column":12}},"locations":[{"start":{"line":337,"column":1},"end":{"line":337,"column":12}}]},"80":{"type":"branch","line":338,"loc":{"start":{"line":338,"column":2},"end":{"line":349,"column":6}},"locations":[{"start":{"line":338,"column":2},"end":{"line":349,"column":6}}]},"81":{"type":"branch","line":341,"loc":{"start":{"line":341,"column":15},"end":{"line":341,"column":34}},"locations":[{"start":{"line":341,"column":15},"end":{"line":341,"column":34}}]},"82":{"type":"branch","line":343,"loc":{"start":{"line":343,"column":10},"end":{"line":345,"column":12}},"locations":[{"start":{"line":343,"column":10},"end":{"line":345,"column":12}}]},"83":{"type":"branch","line":345,"loc":{"start":{"line":345,"column":12},"end":{"line":349,"column":5}},"locations":[{"start":{"line":345,"column":12},"end":{"line":349,"column":5}}]},"84":{"type":"branch","line":345,"loc":{"start":{"line":345,"column":30},"end":{"line":348,"column":32}},"locations":[{"start":{"line":345,"column":30},"end":{"line":348,"column":32}}]},"85":{"type":"branch","line":348,"loc":{"start":{"line":348,"column":4},"end":{"line":348,"column":28}},"locations":[{"start":{"line":348,"column":4},"end":{"line":348,"column":28}}]},"86":{"type":"branch","line":349,"loc":{"start":{"line":349,"column":28},"end":{"line":356,"column":2}},"locations":[{"start":{"line":349,"column":28},"end":{"line":356,"column":2}}]},"87":{"type":"branch","line":350,"loc":{"start":{"line":350,"column":22},"end":{"line":350,"column":27}},"locations":[{"start":{"line":350,"column":22},"end":{"line":350,"column":27}}]},"88":{"type":"branch","line":353,"loc":{"start":{"line":353,"column":13},"end":{"line":355,"column":1}},"locations":[{"start":{"line":353,"column":13},"end":{"line":355,"column":1}}]},"89":{"type":"branch","line":355,"loc":{"start":{"line":355,"column":1},"end":{"line":356,"column":1}},"locations":[{"start":{"line":355,"column":1},"end":{"line":356,"column":1}}]},"90":{"type":"branch","line":358,"loc":{"start":{"line":358,"column":17},"end":{"line":373,"column":2}},"locations":[{"start":{"line":358,"column":17},"end":{"line":373,"column":2}}]},"91":{"type":"branch","line":359,"loc":{"start":{"line":359,"column":29},"end":{"line":359,"column":56}},"locations":[{"start":{"line":359,"column":29},"end":{"line":359,"column":56}}]},"92":{"type":"branch","line":371,"loc":{"start":{"line":371,"column":19},"end":{"line":373,"column":0}},"locations":[{"start":{"line":371,"column":19},"end":{"line":373,"column":0}}]},"93":{"type":"branch","line":363,"loc":{"start":{"line":363,"column":9},"end":{"line":370,"column":29}},"locations":[{"start":{"line":363,"column":9},"end":{"line":370,"column":29}}]},"94":{"type":"branch","line":368,"loc":{"start":{"line":368,"column":6},"end":{"line":370,"column":23}},"locations":[{"start":{"line":368,"column":6},"end":{"line":370,"column":23}}]},"95":{"type":"branch","line":373,"loc":{"start":{"line":373,"column":28},"end":{"line":424,"column":22}},"locations":[{"start":{"line":373,"column":28},"end":{"line":424,"column":22}}]},"96":{"type":"branch","line":374,"loc":{"start":{"line":374,"column":14},"end":{"line":375,"column":1}},"locations":[{"start":{"line":374,"column":14},"end":{"line":375,"column":1}}]},"97":{"type":"branch","line":382,"loc":{"start":{"line":382,"column":61},"end":{"line":383,"column":8}},"locations":[{"start":{"line":382,"column":61},"end":{"line":383,"column":8}}]},"98":{"type":"branch","line":383,"loc":{"start":{"line":383,"column":10},"end":{"line":395,"column":17}},"locations":[{"start":{"line":383,"column":10},"end":{"line":395,"column":17}}]},"99":{"type":"branch","line":395,"loc":{"start":{"line":395,"column":17},"end":{"line":424,"column":1}},"locations":[{"start":{"line":395,"column":17},"end":{"line":424,"column":1}}]},"100":{"type":"branch","line":395,"loc":{"start":{"line":395,"column":38},"end":{"line":397,"column":13}},"locations":[{"start":{"line":395,"column":38},"end":{"line":397,"column":13}}]},"101":{"type":"branch","line":397,"loc":{"start":{"line":397,"column":13},"end":{"line":424,"column":1}},"locations":[{"start":{"line":397,"column":13},"end":{"line":424,"column":1}}]},"102":{"type":"branch","line":399,"loc":{"start":{"line":399,"column":10},"end":{"line":416,"column":5}},"locations":[{"start":{"line":399,"column":10},"end":{"line":416,"column":5}}]},"103":{"type":"branch","line":402,"loc":{"start":{"line":402,"column":21},"end":{"line":411,"column":0}},"locations":[{"start":{"line":402,"column":21},"end":{"line":411,"column":0}}]},"104":{"type":"branch","line":416,"loc":{"start":{"line":416,"column":5},"end":{"line":424,"column":1}},"locations":[{"start":{"line":416,"column":5},"end":{"line":424,"column":1}}]},"105":{"type":"branch","line":419,"loc":{"start":{"line":419,"column":0},"end":{"line":419,"column":64}},"locations":[{"start":{"line":419,"column":0},"end":{"line":419,"column":64}}]},"106":{"type":"branch","line":385,"loc":{"start":{"line":385,"column":0},"end":{"line":393,"column":43}},"locations":[{"start":{"line":385,"column":0},"end":{"line":393,"column":43}}]},"107":{"type":"branch","line":386,"loc":{"start":{"line":386,"column":35},"end":{"line":387,"column":10}},"locations":[{"start":{"line":386,"column":35},"end":{"line":387,"column":10}}]},"108":{"type":"branch","line":387,"loc":{"start":{"line":387,"column":12},"end":{"line":393,"column":42}},"locations":[{"start":{"line":387,"column":12},"end":{"line":393,"column":42}}]},"109":{"type":"branch","line":391,"loc":{"start":{"line":391,"column":12},"end":{"line":392,"column":34}},"locations":[{"start":{"line":391,"column":12},"end":{"line":392,"column":34}}]},"110":{"type":"branch","line":424,"loc":{"start":{"line":424,"column":40},"end":{"line":433,"column":0}},"locations":[{"start":{"line":424,"column":40},"end":{"line":433,"column":0}}]},"111":{"type":"branch","line":425,"loc":{"start":{"line":425,"column":8},"end":{"line":429,"column":25}},"locations":[{"start":{"line":425,"column":8},"end":{"line":429,"column":25}}]},"112":{"type":"branch","line":435,"loc":{"start":{"line":435,"column":9},"end":{"line":444,"column":1}},"locations":[{"start":{"line":435,"column":9},"end":{"line":444,"column":1}}]},"113":{"type":"branch","line":445,"loc":{"start":{"line":445,"column":14},"end":{"line":446,"column":10}},"locations":[{"start":{"line":445,"column":14},"end":{"line":446,"column":10}}]},"114":{"type":"branch","line":447,"loc":{"start":{"line":447,"column":8},"end":{"line":448,"column":1}},"locations":[{"start":{"line":447,"column":8},"end":{"line":448,"column":1}}]}},"b":{"0":[7],"1":[7],"2":[7],"3":[175],"4":[7],"5":[0],"6":[175],"7":[43],"8":[7],"9":[1],"10":[1],"11":[4],"12":[1],"13":[1],"14":[1],"15":[1],"16":[1],"17":[1],"18":[1],"19":[1],"20":[1],"21":[1],"22":[1],"23":[4],"24":[1],"25":[1],"26":[1],"27":[1],"28":[1],"29":[17],"30":[1],"31":[1],"32":[0],"33":[1],"34":[1],"35":[3],"36":[0],"37":[5],"38":[2],"39":[2],"40":[0],"41":[0],"42":[0],"43":[0],"44":[1],"45":[3],"46":[0],"47":[2],"48":[3],"49":[1],"50":[17],"51":[17],"52":[1],"53":[0],"54":[0],"55":[0],"56":[3],"57":[0],"58":[0],"59":[0],"60":[0],"61":[0],"62":[23],"63":[0],"64":[0],"65":[1],"66":[22],"67":[8],"68":[14],"69":[3],"70":[1],"71":[11],"72":[0],"73":[5],"74":[19],"75":[2],"76":[19],"77":[4],"78":[15],"79":[6],"80":[3],"81":[1],"82":[1],"83":[2],"84":[3],"85":[1],"86":[4],"87":[1],"88":[1],"89":[3],"90":[7],"91":[1],"92":[0],"93":[9],"94":[7],"95":[12],"96":[0],"97":[11],"98":[4],"99":[8],"100":[5],"101":[3],"102":[2],"103":[0],"104":[1],"105":[0],"106":[4],"107":[2],"108":[2],"109":[0],"110":[1],"111":[5],"112":[3],"113":[1],"114":[4]},"fnMap":{"0":{"name":"Object.<anonymous>","decl":{"start":{"line":1,"column":0},"end":{"line":499,"column":33}},"loc":{"start":{"line":1,"column":0},"end":{"line":499,"column":33}},"line":1},"1":{"name":"__export","decl":{"start":{"line":11,"column":3},"end":{"line":15,"column":21}},"loc":{"start":{"line":11,"column":3},"end":{"line":15,"column":21}},"line":11},"2":{"name":"__copyProps","decl":{"start":{"line":15,"column":41},"end":{"line":33,"column":22}},"loc":{"start":{"line":15,"column":41},"end":{"line":33,"column":22}},"line":15},"3":{"name":"get","decl":{"start":{"line":24,"column":3},"end":{"line":26,"column":1}},"loc":{"start":{"line":24,"column":3},"end":{"line":26,"column":1}},"line":24},"4":{"name":"__toCommonJS","decl":{"start":{"line":34,"column":3},"end":{"line":40,"column":15}},"loc":{"start":{"line":34,"column":3},"end":{"line":40,"column":15}},"line":34},"5":{"name":"delCookie","decl":{"start":{"line":44,"column":0},"end":{"line":44,"column":15}},"loc":{"start":{"line":44,"column":0},"end":{"line":44,"column":15}},"line":44},"6":{"name":"getCookie","decl":{"start":{"line":44,"column":30},"end":{"line":44,"column":45}},"loc":{"start":{"line":44,"column":30},"end":{"line":44,"column":45}},"line":44},"7":{"name":"getEnv","decl":{"start":{"line":45,"column":1},"end":{"line":45,"column":13}},"loc":{"start":{"line":45,"column":1},"end":{"line":45,"column":13}},"line":45},"8":{"name":"getInfo","decl":{"start":{"line":46,"column":2},"end":{"line":46,"column":15}},"loc":{"start":{"line":46,"column":2},"end":{"line":46,"column":15}},"line":46},"9":{"name":"getNetworkStatus","decl":{"start":{"line":47,"column":12},"end":{"line":47,"column":34}},"loc":{"start":{"line":47,"column":12},"end":{"line":47,"column":34}},"line":47},"10":{"name":"getObj","decl":{"start":{"line":47,"column":46},"end":{"line":47,"column":58}},"loc":{"start":{"line":47,"column":46},"end":{"line":47,"column":58}},"line":47},"11":{"name":"getRandomColor","decl":{"start":{"line":48,"column":12},"end":{"line":49,"column":3}},"loc":{"start":{"line":48,"column":12},"end":{"line":49,"column":3}},"line":48},"12":{"name":"getRegexp","decl":{"start":{"line":49,"column":18},"end":{"line":49,"column":33}},"loc":{"start":{"line":49,"column":18},"end":{"line":49,"column":33}},"line":49},"13":{"name":"getStorage","decl":{"start":{"line":49,"column":49},"end":{"line":50,"column":3}},"loc":{"start":{"line":49,"column":49},"end":{"line":50,"column":3}},"line":49},"14":{"name":"getUrlParam","decl":{"start":{"line":51,"column":1},"end":{"line":51,"column":18}},"loc":{"start":{"line":51,"column":1},"end":{"line":51,"column":18}},"line":51},"15":{"name":"getUrlParamObj","decl":{"start":{"line":51,"column":38},"end":{"line":53,"column":3}},"loc":{"start":{"line":51,"column":38},"end":{"line":53,"column":3}},"line":51},"16":{"name":"getUuid","decl":{"start":{"line":53,"column":16},"end":{"line":54,"column":5}},"loc":{"start":{"line":53,"column":16},"end":{"line":54,"column":5}},"line":53},"17":{"name":"randomInt","decl":{"start":{"line":55,"column":10},"end":{"line":55,"column":25}},"loc":{"start":{"line":55,"column":10},"end":{"line":55,"column":25}},"line":55},"18":{"name":"remInit","decl":{"start":{"line":55,"column":38},"end":{"line":55,"column":51}},"loc":{"start":{"line":55,"column":38},"end":{"line":55,"column":51}},"line":55},"19":{"name":"replaceUrlParam","decl":{"start":{"line":57,"column":4},"end":{"line":57,"column":25}},"loc":{"start":{"line":57,"column":4},"end":{"line":57,"column":25}},"line":57},"20":{"name":"safe","decl":{"start":{"line":58,"column":1},"end":{"line":58,"column":11}},"loc":{"start":{"line":58,"column":1},"end":{"line":58,"column":11}},"line":58},"21":{"name":"safeData","decl":{"start":{"line":59,"column":9},"end":{"line":59,"column":23}},"loc":{"start":{"line":59,"column":9},"end":{"line":59,"column":23}},"line":59},"22":{"name":"setCookie","decl":{"start":{"line":61,"column":1},"end":{"line":61,"column":16}},"loc":{"start":{"line":61,"column":1},"end":{"line":61,"column":16}},"line":61},"23":{"name":"setEnv","decl":{"start":{"line":62,"column":5},"end":{"line":63,"column":5}},"loc":{"start":{"line":62,"column":5},"end":{"line":63,"column":5}},"line":62},"24":{"name":"setLog","decl":{"start":{"line":63,"column":17},"end":{"line":64,"column":8}},"loc":{"start":{"line":63,"column":17},"end":{"line":64,"column":8}},"line":63},"25":{"name":"setObj","decl":{"start":{"line":65,"column":3},"end":{"line":65,"column":15}},"loc":{"start":{"line":65,"column":3},"end":{"line":65,"column":15}},"line":65},"26":{"name":"setStorage","decl":{"start":{"line":65,"column":31},"end":{"line":65,"column":47}},"loc":{"start":{"line":65,"column":31},"end":{"line":65,"column":47}},"line":65},"27":{"name":"setTitle","decl":{"start":{"line":65,"column":61},"end":{"line":66,"column":12}},"loc":{"start":{"line":65,"column":61},"end":{"line":66,"column":12}},"line":65},"28":{"name":"setUrlParams","decl":{"start":{"line":67,"column":13},"end":{"line":67,"column":31}},"loc":{"start":{"line":67,"column":13},"end":{"line":67,"column":31}},"line":67},"29":{"name":"sleep","decl":{"start":{"line":67,"column":42},"end":{"line":67,"column":53}},"loc":{"start":{"line":67,"column":42},"end":{"line":67,"column":53}},"line":67},"30":{"name":"getNetworkStatus","decl":{"start":{"line":78,"column":125},"end":{"line":79,"column":11}},"loc":{"start":{"line":78,"column":125},"end":{"line":79,"column":11}},"line":78},"31":{"name":"getRegexp","decl":{"start":{"line":80,"column":19},"end":{"line":118,"column":11}},"loc":{"start":{"line":80,"column":19},"end":{"line":118,"column":11}},"line":80},"32":{"name":"setTitle","decl":{"start":{"line":118,"column":30},"end":{"line":140,"column":12}},"loc":{"start":{"line":118,"column":30},"end":{"line":140,"column":12}},"line":118},"33":{"name":"i.onload","decl":{"start":{"line":126,"column":4},"end":{"
[...]
,"/home/runner/work/utils/utils/src/encrypt/crypto.ts": {"path":"/home/runner/work/utils/utils/src/encrypt/crypto.ts","all":false,"statementMap":{"0":{"start":{"line":1,"column":0},"end":{"line":1,"column":3}},"1":{"start":{"line":2,"column":0},"end":{"line":2,"column":10}},"2":{"start":{"line":3,"column":0},"end":{"line":3,"column":40}},"3":{"start":{"line":4,"column":0},"end":{"line":4,"column":28}},"4":{"start":{"line":5,"column":0},"end":{"line":5,"column":76}},"5":{"start":{"line":6,"column":0},"end":{"line":6,"column":3}},"6":{"start":{"line":7,"column":0},"end":{"line":7,"column":32}},"7":{"start":{"line":8,"column":0},"end":{"line":8,"column":0}},"8":{"start":{"line":9,"column":0},"end":{"line":9,"column":14}},"9":{"start":{"line":10,"column":0},"end":{"line":10,"column":40}},"10":{"start":{"line":11,"column":0},"end":{"line":11,"column":3}},"11":{"start":{"line":12,"column":0},"end":{"line":12,"column":12}},"12":{"start":{"line":13,"column":0},"end":{"line":13,"column":41}},"13":{"start":{"line":14,"column":0},"end":{"line":14,"column":28}},"14":{"start":{"line":15,"column":0},"end":{"line":15,"column":30}},"15":{"start":{"line":16,"column":0},"end":{"line":16,"column":3}},"16":{"start":{"line":17,"column":0},"end":{"line":17,"column":56}},"17":{"start":{"line":18,"column":0},"end":{"line":18,"column":19}},"18":{"start":{"line":19,"column":0},"end":{"line":19,"column":53}},"19":{"start":{"line":20,"column":0},"end":{"line":20,"column":1}},"20":{"start":{"line":21,"column":0},"end":{"line":21,"column":0}},"21":{"start":{"line":22,"column":0},"end":{"line":22,"column":3}},"22":{"start":{"line":23,"column":0},"end":{"line":23,"column":12}},"23":{"start":{"line":24,"column":0},"end":{"line":24,"column":21}},"24":{"start":{"line":25,"column":0},"end":{"line":25,"column":38}},"25":{"start":{"line":26,"column":0},"end":{"line":26,"column":26}},"26":{"start":{"line":27,"column":0},"end":{"line":27,"column":3}},"27":{"start":{"line":28,"column":0},"end":{"line":28,"column":55}},"28":{"start":{"line":29,"column":0},"end":{"line":29,"column":46}},"29":{"start":{"line":30,"column":0},"end":{"line":30,"column":11}},"30":{"start":{"line":31,"column":0},"end":{"line":31,"column":28}},"31":{"start":{"line":32,"column":0},"end":{"line":32,"column":32}},"32":{"start":{"line":33,"column":0},"end":{"line":33,"column":15}},"33":{"start":{"line":34,"column":0},"end":{"line":34,"column":3}},"34":{"start":{"line":35,"column":0},"end":{"line":35,"column":12}},"35":{"start":{"line":36,"column":0},"end":{"line":36,"column":21}},"36":{"start":{"line":37,"column":0},"end":{"line":37,"column":29}},"37":{"start":{"line":38,"column":0},"end":{"line":38,"column":26}},"38":{"start":{"line":39,"column":0},"end":{"line":39,"column":3}},"39":{"start":{"line":40,"column":0},"end":{"line":40,"column":46}},"40":{"start":{"line":41,"column":0},"end":{"line":41,"column":35}},"41":{"start":{"line":42,"column":0},"end":{"line":42,"column":11}},"42":{"start":{"line":43,"column":0},"end":{"line":43,"column":28}},"43":{"start":{"line":44,"column":0},"end":{"line":44,"column":32}},"44":{"start":{"line":45,"column":0},"end":{"line":45,"column":32}},"45":{"start":{"line":46,"column":0},"end":{"line":46,"column":3}},"46":{"start":{"line":47,"column":0},"end":{"line":47,"column":12}},"47":{"start":{"line":48,"column":0},"end":{"line":48,"column":22}},"48":{"start":{"line":49,"column":0},"end":{"line":49,"column":57}},"49":{"start":{"line":50,"column":0},"end":{"line":50,"column":26}},"50":{"start":{"line":51,"column":0},"end":{"line":51,"column":3}},"51":{"start":{"line":52,"column":0},"end":{"line":52,"column":72}},"52":{"start":{"line":53,"column":0},"end":{"line":53,"column":34}},"53":{"start":{"line":54,"column":0},"end":{"line":54,"column":3}},"54":{"start":{"line":55,"column":0},"end":{"line":55,"column":12}},"55":{"start":{"line":56,"column":0},"end":{"line":56,"column":25}},"56":{"start":{"line":57,"column":0},"end":{"line":57,"column":41}},"57":{"start":{"line":58,"column":0},"end":{"line":58,"column":26}},"58":{"start":{"line":59,"column":0},"end":{"line":59,"column":3}},"59":{"start":{"line":60,"column":0},"end":{"line":60,"column":63}},"60":{"start":{"line":61,"column":0},"end":{"line":61,"column":36}},"61":{"start":{"line":62,"column":0},"end":{"line":62,"column":50}},"62":{"start":{"line":63,"column":0},"end":{"line":63,"column":55}},"63":{"start":{"line":64,"column":0},"end":{"line":64,"column":15}},"64":{"start":{"line":65,"column":0},"end":{"line":65,"column":1}},"65":{"start":{"line":66,"column":0},"end":{"line":66,"column":3}},"66":{"start":{"line":67,"column":0},"end":{"line":67,"column":12}},"67":{"start":{"line":68,"column":0},"end":{"line":68,"column":25}},"68":{"start":{"line":69,"column":0},"end":{"line":69,"column":32}},"69":{"start":{"line":70,"column":0},"end":{"line":70,"column":26}},"70":{"start":{"line":71,"column":0},"end":{"line":71,"column":3}},"71":{"start":{"line":72,"column":0},"end":{"line":72,"column":54}},"72":{"start":{"line":73,"column":0},"end":{"line":73,"column":25}},"73":{"start":{"line":74,"column":0},"end":{"line":74,"column":52}},"74":{"start":{"line":75,"column":0},"end":{"line":75,"column":52}},"75":{"start":{"line":76,"column":0},"end":{"line":76,"column":15}},"76":{"start":{"line":77,"column":0},"end":{"line":77,"column":1}},"77":{"start":{"line":78,"column":0},"end":{"line":78,"column":0}},"78":{"start":{"line":79,"column":0},"end":{"line":79,"column":3}},"79":{"start":{"line":80,"column":0},"end":{"line":80,"column":12}},"80":{"start":{"line":81,"column":0},"end":{"line":81,"column":18}},"81":{"start":{"line":82,"column":0},"end":{"line":82,"column":41}},"82":{"start":{"line":83,"column":0},"end":{"line":83,"column":40}},"83":{"start":{"line":84,"column":0},"end":{"line":84,"column":26}},"84":{"start":{"line":85,"column":0},"end":{"line":85,"column":3}},"85":{"start":{"line":86,"column":0},"end":{"line":86,"column":23}},"86":{"start":{"line":87,"column":0},"end":{"line":87,"column":27}},"87":{"start":{"line":88,"column":0},"end":{"line":88,"column":28}},"88":{"start":{"line":89,"column":0},"end":{"line":89,"column":14}},"89":{"start":{"line":90,"column":0},"end":{"line":90,"column":20}},"90":{"start":{"line":91,"column":0},"end":{"line":91,"column":18}},"91":{"start":{"line":92,"column":0},"end":{"line":92,"column":30}},"92":{"start":{"line":93,"column":0},"end":{"line":93,"column":15}},"93":{"start":{"line":94,"column":0},"end":{"line":94,"column":27}},"94":{"start":{"line":95,"column":0},"end":{"line":95,"column":12}},"95":{"start":{"line":96,"column":0},"end":{"line":96,"column":31}},"96":{"start":{"line":97,"column":0},"end":{"line":97,"column":3}},"97":{"start":{"line":98,"column":0},"end":{"line":98,"column":1}},"98":{"start":{"line":99,"column":0},"end":{"line":99,"column":0}},"99":{"start":{"line":100,"column":0},"end":{"line":100,"column":3}},"100":{"start":{"line":101,"column":0},"end":{"line":101,"column":12}},"101":{"start":{"line":102,"column":0},"end":{"line":102,"column":18}},"102":{"start":{"line":103,"column":0},"end":{"line":103,"column":32}},"103":{"start":{"line":104,"column":0},"end":{"line":104,"column":40}},"104":{"start":{"line":105,"column":0},"end":{"line":105,"column":26}},"105":{"start":{"line":106,"column":0},"end":{"line":106,"column":3}},"106":{"start":{"line":107,"column":0},"end":{"line":107,"column":80}},"107":{"start":{"line":108,"column":0},"end":{"line":108,"column":20}},"108":{"start":{"line":109,"column":0},"end":{"line":109,"column":18}},"109":{"start":{"line":110,"column":0},"end":{"line":110,"column":30}},"110":{"start":{"line":111,"column":0},"end":{"line":111,"column":15}},"111":{"start":{"line":112,"column":0},"end":{"line":112,"column":27}},"112":{"start":{"line":113,"column":0},"end":{"line":113,"column":12}},"113":{"start":{"line":114,"column":0},"end":{"line":114,"column":20}},"114":{"start":{"line":115,"column":0},"end":{"line":115,"column":3}},"115":{"start":{"line":116,"column":0},"end":{"line":116,"column":1}}},"s":{"0":1,"1":1,"2":1,"3":1,"4":1,"5":1,"6":1,"7":1,"8":1,"9":1,"10":1,"11":1,"12":1,"13":1,"14":8,"15":8,"16":1,"17":2,"18":2,"19":0,"20":0,"21":2,"22":2,"23":2,"24":2,"25":41,"26":41,"27":41,"28":41,"29":41,"30":2,"31":1,"32":1,"33":1,"34":1,"35":1,"36":1,"37":1,"38":1,"39":1,"40":1,"41":1,"42":1,"43":1,"44":1,"45":1,"46":1,"47":1,"48":1,"49":1,"50":1,"51":1,"52":1,"53":1,"54":1,"55":1,"56":1,"57":1,"58":1,"59":1,"60":1,"61":1,"62":1,"63":5,"64":5,"65":5,"66":5,"67":5,"68":5,"69":5,"70":5,"71":1,"72":5,"73":5,"74":5,"75":5,"76":5,"77":5,"78":5,"79":5,"80":5,"81":1,"82":1,"83":1,"84":2,"85":2,"86":2,"87":2,"88":2,"89":2,"90":2,"91":2,"92":2,"93":1,"94":1,"95":2,"96":2,"97":2,"98":2,"99":2,"100":2,"101":2,"102":2,"103":2,"104":2,"105":2,"106":1,"107":3,"108":1,"109":3,"110":2,"111":3,"112":0,"113":3,"114":1,"115":1},"branchMap":{"0":{"type":"branch","line":1,"loc":{"start":{"line":1,"column":0},"end":{"line":116,"column":1}},"locations":[{"start":{"line":1,"column":0},"end":{"line":116,"column":1}}]},"1":{"type":"branch","line":1,"loc":{"start":{"line":1,"column":0},"end":{"line":116,"column":1}},"locations":[{"start":{"line":1,"column":0},"end":{"line":116,"column":1}}]},"2":{"type":"branch","line":13,"loc":{"start":{"line":13,"column":13},"end":{"line":17,"column":18}},"locations":[{"start":{"line":13,"column":13},"end":{"line":17,"column":18}}]},"3":{"type":"branch","line":14,"loc":{"start":{"line":14,"column":18},"end":{"line":17,"column":16}},"locations":[{"start":{"line":14,"column":18},"end":{"line":17,"column":16}}]},"4":{"type":"branch","line":17,"loc":{"start":{"line":17,"column":38},"end":{"line":32,"column":3}},"locations":[{"start":{"line":17,"column":38},"end":{"line":32,"column":3}}]},"5":{"type":"branch","line":19,"loc":{"start":{"line":19,"column":30},"end":{"line":22,"column":2}},"locations":[{"start":{"line":19,"column":30},"end":{"line":22,"column":2}}]},"6":{"type":"branch","line":25,"loc":{"start":{"line":25,"column":19},"end":{"line":31,"column":13}},"locations":[{"start":{"line":25,"column":19},"end":{"line":31,"column":13}}]},"7":{"type":"branch","line":28,"loc":{"start":{"line":28,"column":37},"end":{"line":28,"column":53}},"locations":[{"start":{"line":28,"column":37},"end":{"line":28,"column":53}}]},"8":{"type":"branch","line":32,"loc":{"start":{"line":32,"column":19},"end":{"line":42,"column":10}},"locations":[{"start":{"line":32,"column":19},"end":{"line":42,"column":10}}]},"9":{"type":"branch","line":37,"loc":{"start":{"line":37,"column":12},"end":{"line":37,"column":16}},"locations":[{"start":{"line":37,"column":12},"end":{"line":37,"column":16}}]},"10":{"type":"branch","line":41,"loc":{"start":{"line":41,"column":28},"end":{"line":42,"column":0}},"locations":[{"start":{"line":41,"column":28},"end":{"line":42,"column":0}}]},"11":{"type":"branch","line":43,"loc":{"start":{"line":43,"column":19},"end":{"line":45,"column":28}},"locations":[{"start":{"line":43,"column":19},"end":{"line":45,"column":28}}]},"12":{"type":"branch","line":49,"loc":{"start":{"line":49,"column":18},"end":{"line":49,"column":31}},"locations":[{"start":{"line":49,"column":18},"end":{"line":49,"column":31}}]},"13":{"type":"branch","line":49,"loc":{"start":{"line":49,"column":42},"end":{"line":49,"column":53}},"locations":[{"start":{"line":49,"column":42},"end":{"line":49,"column":53}}]},"14":{"type":"branch","line":50,"loc":{"start":{"line":50,"column":9},"end":{"line":50,"column":23}},"locations":[{"start":{"line":50,"column":9},"end":{"line":50,"column":23}}]},"15":{"type":"branch","line":52,"loc":{"start":{"line":52,"column":4},"end":{"line":52,"column":16}},"locations":[{"start":{"line":52,"column":4},"end":{"line":52,"column":16}}]},"16":{"type":"branch","line":52,"loc":{"start":{"line":52,"column":27},"end":{"line":52,"column":38}},"locations":[{"start":{"line":52,"column":27},"end":{"line":52,"column":38}}]},"17":{"type":"branch","line":52,"loc":{"start":{"line":52,"column":52},"end":{"line":52,"column":66}},"locations":[{"start":{"line":52,"column":52},"end":{"line":52,"column":66}}]},"18":{"type":"branch","line":53,"loc":{"start":{"line":53,"column":5},"end":{"line":53,"column":17}},"locations":[{"start":{"line":53,"column":5},"end":{"line":53,"column":17}}]},"19":{"type":"branch","line":53,"loc":{"start":{"line":53,"column":26},"end":{"line":54,"column":0}},"locations":[{"start":{"line":53,"column":26},"end":{"line":54,"column":0}}]},"20":{"type":"branch","line":63,"loc":{"start":{"line":63,"column":32},"end":{"line":72,"column":30}},"locations":[{"start":{"line":63,"column":32},"end":{"line":72,"column":30}}]},"21":{"type":"branch","line":72,"loc":{"start":{"line":72,"column":46},"end":{"line":82,"column":5}},"locations":[{"start":{"line":72,"column":46},"end":{"line":82,"column":5}}]},"22":{"type":"branch","line":82,"loc":{"start":{"line":82,"column":19},"end":{"line":83,"column":38}},"locations":[{"start":{"line":82,"column":19},"end":{"line":83,"column":38}}]},"23":{"type":"branch","line":84,"loc":{"start":{"line":84,"column":16},"end":{"line":94,"column":14}},"locations":[{"start":{"line":84,"column":16},"end":{"line":94,"column":14}}]},"24":{"type":"branch","line":87,"loc":{"start":{"line":87,"column":7},"end":{"line":87,"column":12}},"locations":[{"start":{"line":87,"column":7},"end":{"line":87,"column":12}}]},"25":{"type":"branch","line":95,"loc":{"start":{"line":95,"column":5},"end":{"line":107,"column":12}},"locations":[{"start":{"line":95,"column":5},"end":{"line":107,"column":12}}]},"26":{"type":"branch","line":96,"loc":{"start":{"line":96,"column":27},"end":{"line":97,"column":0}},"locations":[{"start":{"line":96,"column":27},"end":{"line":97,"column":0}}]},"27":{"type":"branch","line":107,"loc":{"start":{"line":107,"column":29},"end":{"line":115,"column":2}},"locations":[{"start":{"line":107,"column":29},"end":{"line":115,"column":2}}]},"28":{"type":"branch","line":108,"loc":{"start":{"line":108,"column":8},"end":{"line":110,"column":14}},"locations":[{"start":{"line":108,"column":8},"end":{"line":110,"column":14}}]},"29":{"type":"branch","line":110,"loc":{"start":{"line":110,"column":19},"end":{"line":112,"column":12}},"locations":[{"start":{"line":110,"column":19},"end":{"line":112,"column":12}}]},"30":{"type":"branch","line":112,"loc":{"start":{"line":112,"column":17},"end":{"line":114,"column":17}},"locations":[{"start":{"line":112,"column":17},"end":{"line":114,"column":17}}]}},"b":{"0":[1],"1":[1],"2":[1],"3":[8],"4":[2],"5":[0],"6":[41],"7":[16],"8":[1],"9":[0],"10":[0],"11":[1],"12":[1],"13":[3],"14":[1],"15":[3],"16":[3],"17":[1],"18":[3],"19":[1],"20":[5],"21":[5],"22":[1],"23":[2],"24":[0],"25":[2],"26":[0],"27":[3],"28":[1],"29":[2],"30":[0]},"fnMap":{"0":{"name":"Object.<anonymous>","decl":{"start":{"line":1,"column":0},"end":{"line":116,"column":1}},"loc":{"start":{"line":1,"column":0},"end":{"line":116,"column":1}},"line":1},"1":{"name":"__export","decl":{"start":{"line":13,"column":13},"end":{"line":17,"column":18}},"loc":{"start":{"line":13,"column":13},"end":{"line":17,"column":18}},"line":13},"2":{"name":"__copyProps","decl":{"start":{"line":17,"column":38},"end":{"line":32,"column":3}},"loc":{"start":{"line":17,"column":38},"end":{"line":32,"column":3}},"line":17},"3":{"name":"get","decl":{"start":{"line":28,"column":37},"end":{"line":28,"column":53}},"loc":{"start":{"line":28,"column":37},"end":{"line":28,"column":53}},"line":28},"4":{"name":"__toESM","decl":{"start":{"line":32,"column":19},"end":{"line":42,"column":10}},"loc":{"start":{"line":32,"column":19},"end":{"line":42,"column":10}},"line":32},"5":{"name":"__toCommonJS","decl":{"start":{"line":43,"column":19},"end":{"line":45,"column":28}},"loc":{"start":{"line":43,"column":19},"end":{"line":45,"column":28}},"line":43},"6":{"name":"aesInit","decl":{"start":{"line":49,"column":18},"end":{"line":49,"column":31}},"loc":{"start":{"line":49,"column":18},"end":{"line":49,"column":31}},"line":49},"7":{"name":"deAes","decl":{"start":{"line":49,"column":42},"end":{"line":49,"column":53}},"loc":{"start":{"line":49,"column":42},"end":{"line":49,"column":53}},"line":49},"8":{"name":"deBase64","decl":{"start":{"line":50,"column":9},"end":{"line":50,"column":23}},"loc":{"start":{"line":50,"column":9},"end":{"line":50,"column":23}},"line":50},"9":{"name":"decode","decl":{"start":{"line":52,"column":4},"end":{"line":52,"column":16}},"loc":{"start":{"line":52,"column":4},"end":{"line":52,"column":16}},"line":52},"10":{"name":"enAes","decl":{"start":{"line":52,"column":27},"end":{"line":52,"column":38}},"loc":{"start":{"line":52,"column":27},"end":{"line":52,"column":38}},"line":52},"11":{"name":"enBase64","decl":{"start":{"line":52,"column":52},"end":{"line":52,"column":66}},"loc":{"start":{"line":52,"column":52},"end":{"line":52,"column":66}},"line":52},"12":{"name":"encode","decl":{"start":{"line":53,"column":5},"end":{"line":53,"column":17}},"loc":{"start":{"line":53,"column":5},"end":{"line":53,"column":17}},"line":53},"13":{"name":"md5","decl":{"start":{"line":53,"column":26},"end":{"line":54,"column":0}},"loc":{"start":{"line":53,"column":26},"end":{"line":54,"column":0}},"line":53},"14":{"name":"enAes","decl":{"start":{"line":63,"column":32},"end":{"line":72,"column":30}},"loc":{"start":{"line":63,"column":32},"end":{"line":72,"column":30}},"line":63},"15":{"name":"deAes","decl":{"start":{"line":72,"column":46},"end":{"line":82,"column":5}},"loc":{"start":{"line":72,"column":46},"end":{"line":82,"column":5}},"line":72},"16":{"name":"md5","decl":{"start":{"line":82,"column":19},"end":{"line":83,"column":38}},"loc":{"start":{"line":82,"column":19},"end":{"line":83,"column":38}},"line":82},"17":{"name":"enBase64","decl":{"start":{"line":84,"column":16},"end":{"line":94,"column":14}},"loc":{"start":{"line":84,"column":16},"end":{"line":94,"column":14}},"line":84},"18":{"name":"deBase64","decl":{"start":{"line":95,"column":5},"end":{"line":107,"column":12}},"loc":{"start":{"line":95,"column":5},"end":{"line":107,"column":12}},"line":95},"19":{"name":"encode","decl":{"start":{"line":107,"column":29},"end":{"line":115,"column":2}},"loc":{"start":{"line":107,"column":29},"end":{"line":115,"column":2}},"line":107}},"f":{"0":1,"1":1,"2":2,"3":16,"4":1,"5":1,"6":1,"7":3,"8":1,"9":3,"10":3,"11":1,"12":3,"13":1,"14":5,"15":5,"16":1,"17":2,"18":2,"19":3}}
}
