TN:
SF:src/base.ts
FN:1,Object.<anonymous>
FN:11,__export
FN:15,__copyProps
FN:24,get
FN:35,__toCommonJS
FN:44,autoPlayAudio
FN:46,deepCopy
FN:49,delay
FN:52,getCookie
FN:54,getEnv
FN:54,getInfo
FN:55,getNetworkStatus
FN:57,getObj
FN:57,getRandomColor
FN:58,getRegexp
FN:59,getStorage
FN:59,getUrlParam
FN:61,getUuid
FN:63,randomInt
FN:65,replaceUrlParam
FN:67,requestDeviceMotionPermission
FN:69,safe
FN:71,safeData
FN:72,setCookie
FN:74,setEnv
FN:75,setLog
FN:75,setObj
FN:77,setTitle
FN:77,setUrlParams
FN:78,sleep
FN:90,getNetworkStatus
FN:91,getRegexp
FN:128,setTitle
FN:140,i.onload
FN:152,remInit
FN:153,setRem
FN:165,globalThis.onresize
FN:165,getCookie
FN:176,getCookieObj
FN:185,setCookie
FN:203,delCookie
FN:210,getInfo
FN:252,getRandomColor
FN:256,getStorage
FN:263,setStorage
FN:276,sleep
FN:281,delay
FN:287,safe2
FN:322,safeData
FN:363,setUrlParams
FN:376,getUrlParam
FN:384,getUrlParamObj
FN:398,replaceUrlParam
FN:449,getUuid
FN:450,S4
FN:455,randomInt
FN:463,setEnv
FN:465,getEnv
FN:467,setObj
FN:477,getObj
FN:487,setLog
FN:525,deepCopy
FN:547,requestDeviceMotionPermission
FN:559,autoPlayAudio
FNF:64
FNH:47
FNDA:1,Object.<anonymous>
FNDA:1,__export
FNDA:1,__copyProps
FNDA:41,get
FNDA:1,__toCommonJS
FNDA:0,autoPlayAudio
FNDA:17,deepCopy
FNDA:0,delay
FNDA:1,getCookie
FNDA:4,getEnv
FNDA:1,getInfo
FNDA:0,getNetworkStatus
FNDA:0,getObj
FNDA:1,getRandomColor
FNDA:1,getRegexp
FNDA:1,getStorage
FNDA:1,getUrlParam
FNDA:1,getUuid
FNDA:1,randomInt
FNDA:1,replaceUrlParam
FNDA:0,requestDeviceMotionPermission
FNDA:1,safe
FNDA:24,safeData
FNDA:1,setCookie
FNDA:1,setEnv
FNDA:0,setLog
FNDA:0,setObj
FNDA:1,setTitle
FNDA:1,setUrlParams
FNDA:1,sleep
FNDA:0,getNetworkStatus
FNDA:1,getRegexp
FNDA:1,setTitle
FNDA:0,i.onload
FNDA:1,remInit
FNDA:1,setRem
FNDA:0,globalThis.onresize
FNDA:3,getCookie
FNDA:0,getCookieObj
FNDA:5,setCookie
FNDA:2,delCookie
FNDA:2,getInfo
FNDA:1,getRandomColor
FNDA:3,getStorage
FNDA:3,setStorage
FNDA:1,sleep
FNDA:0,delay
FNDA:1,safe2
FNDA:24,safeData
FNDA:3,setUrlParams
FNDA:4,getUrlParam
FNDA:7,getUrlParamObj
FNDA:12,replaceUrlParam
FNDA:1,getUuid
FNDA:5,S4
FNDA:3,randomInt
FNDA:1,setEnv
FNDA:4,getEnv
FNDA:0,setObj
FNDA:0,getObj
FNDA:0,setLog
FNDA:61,deepCopy
FNDA:0,requestDeviceMotionPermission
FNDA:0,autoPlayAudio
DA:1,1
DA:2,1
DA:3,1
DA:4,1
DA:5,1
DA:6,1
DA:7,1
DA:8,1
DA:9,1
DA:10,1
DA:11,1
DA:12,1
DA:13,30
DA:14,30
DA:15,1
DA:16,1
DA:17,1
DA:18,1
DA:19,1
DA:20,1
DA:21,1
DA:22,30
DA:23,30
DA:24,30
DA:25,41
DA:26,41
DA:27,30
DA:28,30
DA:29,30
DA:30,30
DA:31,30
DA:32,1
DA:33,1
DA:34,1
DA:35,1
DA:36,1
DA:37,1
DA:38,1
DA:39,1
DA:40,1
DA:41,1
DA:42,1
DA:43,1
DA:44,1
DA:45,1
DA:46,1
DA:47,1
DA:48,1
DA:49,1
DA:50,0
DA:51,1
DA:52,1
DA:53,1
DA:54,1
DA:55,1
DA:56,1
DA:57,1
DA:58,1
DA:59,1
DA:60,1
DA:61,1
DA:62,1
DA:63,1
DA:64,1
DA:65,1
DA:66,1
DA:67,1
DA:68,0
DA:69,1
DA:70,1
DA:71,1
DA:72,1
DA:73,1
DA:74,1
DA:75,1
DA:76,1
DA:77,1
DA:78,1
DA:79,1
DA:80,1
DA:81,1
DA:82,1
DA:83,1
DA:84,1
DA:85,1
DA:86,1
DA:87,1
DA:88,1
DA:89,1
DA:90,1
DA:91,1
DA:92,1
DA:93,1
DA:94,1
DA:95,1
DA:96,1
DA:97,1
DA:98,1
DA:99,1
DA:100,1
DA:101,1
DA:102,1
DA:103,1
DA:104,1
DA:105,1
DA:106,1
DA:107,1
DA:108,1
DA:109,1
DA:110,1
DA:111,1
DA:112,1
DA:113,1
DA:114,1
DA:115,1
DA:116,1
DA:117,1
DA:118,1
DA:119,1
DA:120,1
DA:121,1
DA:122,1
DA:123,1
DA:124,1
DA:125,1
DA:126,1
DA:127,1
DA:128,1
DA:129,1
DA:130,1
DA:131,1
DA:132,1
DA:133,1
DA:134,1
DA:135,0
DA:136,0
DA:137,0
DA:138,0
DA:139,0
DA:140,0
DA:141,0
DA:142,0
DA:143,0
DA:144,0
DA:145,0
DA:146,0
DA:147,0
DA:148,0
DA:149,0
DA:150,0
DA:151,0
DA:152,1
DA:153,1
DA:154,1
DA:155,1
DA:156,1
DA:157,1
DA:158,1
DA:159,1
DA:160,1
DA:161,1
DA:162,1
DA:163,1
DA:164,1
DA:165,1
DA:166,3
DA:167,3
DA:168,5
DA:169,3
DA:170,3
DA:171,2
DA:172,3
DA:173,3
DA:174,1
DA:175,1
DA:176,1
DA:177,0
DA:178,0
DA:179,0
DA:180,0
DA:181,0
DA:182,0
DA:183,0
DA:184,1
DA:185,1
DA:186,5
DA:187,5
DA:188,5
DA:189,0
DA:190,0
DA:191,0
DA:192,0
DA:193,5
DA:194,5
DA:195,5
DA:196,5
DA:197,5
DA:198,5
DA:199,5
DA:200,5
DA:201,5
DA:202,5
DA:203,1
DA:204,2
DA:205,2
DA:206,2
DA:207,2
DA:208,2
DA:209,1
DA:210,1
DA:211,2
DA:212,2
DA:213,2
DA:214,2
DA:215,2
DA:216,2
DA:217,2
DA:218,2
DA:219,2
DA:220,2
DA:221,2
DA:222,2
DA:223,2
DA:224,2
DA:225,2
DA:226,2
DA:227,2
DA:228,2
DA:229,2
DA:230,2
DA:231,2
DA:232,2
DA:233,2
DA:234,2
DA:235,2
DA:236,2
DA:237,2
DA:238,2
DA:239,2
DA:240,2
DA:241,2
DA:242,2
DA:243,2
DA:244,2
DA:245,2
DA:246,0
DA:247,0
DA:248,0
DA:249,2
DA:250,2
DA:251,2
DA:252,1
DA:253,1
DA:254,1
DA:255,1
DA:256,1
DA:257,3
DA:258,3
DA:259,3
DA:260,3
DA:261,3
DA:262,1
DA:263,1
DA:264,3
DA:265,3
DA:266,3
DA:267,3
DA:268,3
DA:269,3
DA:270,3
DA:271,3
DA:272,3
DA:273,3
DA:274,3
DA:275,1
DA:276,1
DA:277,1
DA:278,1
DA:279,1
DA:280,1
DA:281,1
DA:282,0
DA:283,0
DA:284,0
DA:285,0
DA:286,0
DA:287,1
DA:288,1
DA:289,1
DA:290,1
DA:291,1
DA:292,1
DA:293,0
DA:294,0
DA:295,1
DA:296,1
DA:297,1
DA:298,1
DA:299,1
DA:300,1
DA:301,1
DA:302,1
DA:303,1
DA:304,3
DA:305,3
DA:306,0
DA:307,0
DA:308,0
DA:309,3
DA:310,1
DA:311,1
DA:312,1
DA:313,1
DA:314,1
DA:315,1
DA:316,1
DA:317,1
DA:318,1
DA:319,1
DA:320,1
DA:321,1
DA:322,1
DA:323,24
DA:324,24
DA:325,24
DA:326,24
DA:327,0
DA:328,24
DA:329,0
DA:330,0
DA:331,0
DA:332,24
DA:333,24
DA:334,24
DA:335,24
DA:336,24
DA:337,0
DA:338,24
DA:339,24
DA:340,2
DA:341,2
DA:342,2
DA:343,0
DA:344,0
DA:345,0
DA:346,0
DA:347,0
DA:348,0
DA:349,0
DA:350,2
DA:351,2
DA:352,2
DA:353,2
DA:354,2
DA:355,2
DA:356,24
DA:357,24
DA:358,24
DA:359,24
DA:360,24
DA:361,1
DA:362,1
DA:363,1
DA:364,3
DA:365,3
DA:366,3
DA:367,3
DA:368,3
DA:369,3
DA:370,3
DA:371,3
DA:372,2
DA:373,3
DA:374,3
DA:375,2
DA:376,1
DA:377,4
DA:378,4
DA:379,4
DA:380,4
DA:381,4
DA:382,4
DA:383,1
DA:384,1
DA:385,7
DA:386,7
DA:387,7
DA:388,7
DA:389,7
DA:390,9
DA:391,9
DA:392,9
DA:393,9
DA:394,7
DA:395,7
DA:396,0
DA:397,0
DA:398,1
DA:399,12
DA:400,12
DA:401,12
DA:402,12
DA:403,12
DA:404,12
DA:405,12
DA:406,12
DA:407,12
DA:408,12
DA:409,4
DA:410,4
DA:411,4
DA:412,4
DA:413,4
DA:414,4
DA:415,4
DA:416,2
DA:417,4
DA:418,4
DA:419,4
DA:420,12
DA:421,8
DA:422,5
DA:423,8
DA:424,3
DA:425,3
DA:426,2
DA:427,2
DA:428,0
DA:429,0
DA:430,0
DA:431,0
DA:432,0
DA:433,0
DA:434,2
DA:435,2
DA:436,2
DA:437,2
DA:438,3
DA:439,1
DA:440,1
DA:441,0
DA:442,1
DA:443,1
DA:444,1
DA:445,12
DA:446,12
DA:447,12
DA:448,1
DA:449,1
DA:450,1
DA:451,5
DA:452,1
DA:453,1
DA:454,1
DA:455,1
DA:456,3
DA:457,3
DA:458,3
DA:459,3
DA:460,3
DA:461,1
DA:462,1
DA:463,1
DA:464,1
DA:465,1
DA:466,1
DA:467,1
DA:468,0
DA:469,0
DA:470,0
DA:471,0
DA:472,0
DA:473,0
DA:474,0
DA:475,0
DA:476,0
DA:477,1
DA:478,0
DA:479,0
DA:480,0
DA:481,0
DA:482,0
DA:483,0
DA:484,0
DA:485,1
DA:486,1
DA:487,1
DA:488,0
DA:489,0
DA:490,0
DA:491,0
DA:492,0
DA:493,0
DA:494,0
DA:495,0
DA:496,0
DA:497,0
DA:498,0
DA:499,0
DA:500,0
DA:501,0
DA:502,0
DA:503,0
DA:504,0
DA:505,0
DA:506,0
DA:507,0
DA:508,0
DA:509,0
DA:510,0
DA:511,0
DA:512,0
DA:513,0
DA:514,0
DA:515,0
DA:516,0
DA:517,0
DA:518,0
DA:519,0
DA:520,0
DA:521,0
DA:522,0
DA:523,0
DA:524,0
DA:525,1
DA:526,61
DA:527,61
DA:528,61
DA:529,61
DA:530,61
DA:531,33
DA:532,61
DA:533,61
DA:534,61
DA:535,61
DA:536,61
DA:537,61
DA:538,61
DA:539,61
DA:540,33
DA:541,61
DA:542,61
DA:543,44
DA:544,61
DA:545,1
DA:546,1
DA:547,1
DA:548,0
DA:549,0
DA:550,0
DA:551,0
DA:552,0
DA:553,0
DA:554,0
DA:555,0
DA:556,0
DA:557,0
DA:558,0
DA:559,1
DA:560,0
DA:561,0
DA:562,0
DA:563,0
DA:564,0
DA:565,0
DA:566,0
DA:567,0
DA:568,0
DA:569,0
DA:570,0
DA:571,0
DA:572,1
DA:573,1
DA:574,1
DA:575,1
DA:576,1
DA:577,1
DA:578,1
DA:579,1
DA:580,1
DA:581,1
DA:582,1
DA:583,1
DA:584,1
DA:585,1
DA:586,1
DA:587,1
DA:588,1
DA:589,1
DA:590,1
DA:591,1
DA:592,1
DA:593,1
DA:594,1
DA:595,1
DA:596,1
DA:597,1
DA:598,1
DA:599,1
DA:600,1
DA:601,1
DA:602,1
DA:603,1
DA:604,1
DA:605,1
DA:606,1
DA:607,1
DA:608,1
DA:609,1
DA:610,1
DA:611,1
DA:612,1
DA:613,1
DA:614,1
DA:615,1
DA:616,1
DA:617,1
DA:618,1
DA:619,1
DA:620,1
DA:621,1
DA:622,1
DA:623,1
DA:624,1
DA:625,1
DA:626,1
DA:627,1
DA:628,1
DA:629,1
DA:630,1
DA:631,1
DA:632,1
DA:633,1
DA:634,1
DA:635,1
DA:636,1
DA:637,1
DA:638,1
DA:639,1
DA:640,1
DA:641,1
DA:642,1
DA:643,1
DA:644,1
DA:645,1
DA:646,1
DA:647,1
DA:648,1
DA:649,1
DA:650,1
DA:651,1
DA:652,1
DA:653,1
DA:654,1
DA:655,1
DA:656,1
DA:657,1
DA:658,1
DA:659,1
DA:660,1
DA:661,1
DA:662,1
DA:663,1
DA:664,1
DA:665,1
DA:666,1
DA:667,1
DA:668,1
DA:669,1
DA:670,1
DA:671,1
DA:672,1
DA:673,1
DA:674,1
DA:675,1
DA:676,1
DA:677,1
DA:678,1
DA:679,1
DA:680,1
DA:681,1
DA:682,1
DA:683,1
DA:684,1
DA:685,1
DA:686,1
DA:687,1
DA:688,1
DA:689,1
DA:690,1
DA:691,1
DA:692,1
DA:693,1
DA:694,1
DA:695,1
DA:696,1
DA:697,1
DA:698,1
DA:699,1
DA:700,1
DA:701,1
DA:702,1
DA:703,1
DA:704,1
DA:705,1
DA:706,1
DA:707,1
DA:708,1
DA:709,1
DA:710,1
DA:711,1
DA:712,1
DA:713,1
DA:714,1
DA:715,1
DA:716,1
DA:717,1
DA:718,1
DA:719,1
DA:720,1
DA:721,1
DA:722,1
DA:723,1
DA:724,1
DA:725,1
DA:726,1
DA:727,1
DA:728,1
DA:729,1
DA:730,1
DA:731,1
DA:732,1
DA:733,1
DA:734,1
DA:735,1
DA:736,1
DA:737,1
DA:738,1
DA:739,1
DA:740,1
DA:741,1
DA:742,1
DA:743,1
DA:744,1
DA:745,1
DA:746,1
DA:747,1
DA:748,1
DA:749,1
DA:750,1
DA:751,1
DA:752,1
DA:753,1
DA:754,1
DA:755,1
DA:756,1
DA:757,1
DA:758,1
DA:759,1
DA:760,1
DA:761,1
DA:762,1
DA:763,1
DA:764,1
DA:765,1
DA:766,1
DA:767,1
DA:768,1
DA:769,1
DA:770,1
DA:771,1
DA:772,1
DA:773,1
DA:774,1
DA:775,1
DA:776,1
DA:777,1
DA:778,1
DA:779,1
DA:780,1
DA:781,1
DA:782,1
DA:783,1
DA:784,1
DA:785,1
DA:786,1
DA:787,1
DA:788,1
DA:789,1
DA:790,1
LF:790
LH:650
BRDA:1,0,0,1
BRDA:1,1,0,1
BRDA:11,2,0,1
BRDA:12,3,0,30
BRDA:15,4,0,1
BRDA:17,5,0,0
BRDA:21,6,0,30
BRDA:24,7,0,41
BRDA:35,8,0,1
BRDA:46,9,0,17
BRDA:52,10,0,1
BRDA:54,11,0,4
BRDA:54,12,0,1
BRDA:57,13,0,1
BRDA:58,14,0,1
BRDA:59,15,0,1
BRDA:59,16,0,1
BRDA:61,17,0,1
BRDA:63,18,0,1
BRDA:65,19,0,1
BRDA:69,20,0,1
BRDA:71,21,0,24
BRDA:72,22,0,1
BRDA:74,23,0,1
BRDA:77,24,0,1
BRDA:77,25,0,1
BRDA:78,26,0,1
BRDA:91,27,0,1
BRDA:128,28,0,1
BRDA:134,29,0,0
BRDA:152,30,0,1
BRDA:153,31,0,1
BRDA:165,32,0,3
BRDA:170,33,0,2
BRDA:172,34,0,0
BRDA:172,35,0,1
BRDA:167,36,0,5
BRDA:185,37,0,5
BRDA:188,38,0,0
BRDA:203,39,0,2
BRDA:210,40,0,2
BRDA:236,41,0,0
BRDA:245,42,0,0
BRDA:250,43,0,0
BRDA:251,44,0,0
BRDA:252,45,0,1
BRDA:256,46,0,3
BRDA:260,47,0,0
BRDA:260,48,0,0
BRDA:262,49,0,2
BRDA:263,50,0,3
BRDA:267,51,0,1
BRDA:276,52,0,1
BRDA:278,53,0,1
BRDA:287,54,0,1
BRDA:289,55,0,0
BRDA:292,56,0,0
BRDA:292,57,0,0
BRDA:304,58,0,3
BRDA:305,59,0,0
BRDA:310,60,0,0
BRDA:312,61,0,0
BRDA:318,62,0,0
BRDA:321,63,0,0
BRDA:322,64,0,24
BRDA:326,65,0,0
BRDA:328,66,0,0
BRDA:337,67,0,0
BRDA:340,68,0,2
BRDA:342,69,0,0
BRDA:354,70,0,0
BRDA:357,71,0,0
BRDA:359,72,0,0
BRDA:360,73,0,2
BRDA:363,74,0,3
BRDA:364,75,0,1
BRDA:371,76,0,1
BRDA:371,77,0,2
BRDA:372,78,0,3
BRDA:375,79,0,1
BRDA:376,80,0,4
BRDA:379,81,0,1
BRDA:382,82,0,1
BRDA:382,83,0,3
BRDA:384,84,0,7
BRDA:385,85,0,1
BRDA:395,86,0,0
BRDA:389,87,0,9
BRDA:393,88,0,7
BRDA:398,89,0,12
BRDA:403,90,0,0
BRDA:407,91,0,11
BRDA:408,92,0,4
BRDA:420,93,0,8
BRDA:421,94,0,5
BRDA:423,95,0,3
BRDA:425,96,0,2
BRDA:427,97,0,0
BRDA:438,98,0,1
BRDA:440,99,0,0
BRDA:412,100,0,4
BRDA:414,101,0,2
BRDA:415,102,0,2
BRDA:416,103,0,0
BRDA:449,104,0,1
BRDA:450,105,0,5
BRDA:455,106,0,3
BRDA:463,107,0,1
BRDA:465,108,0,4
BRDA:525,109,0,61
BRDA:528,110,0,28
BRDA:528,111,0,33
BRDA:529,112,0,0
BRDA:530,113,0,33
BRDA:532,114,0,0
BRDA:533,115,0,33
BRDA:534,116,0,0
BRDA:535,117,0,33
BRDA:536,118,0,0
BRDA:537,119,0,33
BRDA:537,120,0,0
BRDA:538,121,0,33
BRDA:539,122,0,0
BRDA:539,123,0,33
BRDA:542,124,0,44
BRDA:544,125,0,33
BRF:126
BRH:90
end_of_record
TN:
SF:src/file.ts
FN:1,Object.<anonymous>
FN:12,__export
FN:17,__copyProps
FN:22,get
FN:26,__toCommonJS
FN:33,blobToBase64
FN:34,blobToFile
FN:35,blobUrlToFile
FN:37,dataURLtoBlob
FN:37,dlFile
FN:39,getDuration
FN:39,loadFile
FN:42,blobToBase64
FN:45,fileReader.onload
FN:49,fileReader.onerror
FN:58,blobUrlToFile
FN:65,xhr.onload
FN:68,xhr.onerror
FN:70,dataURLtoBlob
FN:90,blobToFile
FN:96,dlFile
FN:120,getDuration
FN:142,loadFile
FN:183,nodeTag.onreadystatechange
FN:187,nodeTag.onload
FNF:25
FNH:19
FNDA:1,Object.<anonymous>
FNDA:1,__export
FNDA:1,__copyProps
FNDA:7,get
FNDA:1,__toCommonJS
FNDA:1,blobToBase64
FNDA:1,blobToFile
FNDA:1,blobUrlToFile
FNDA:1,dataURLtoBlob
FNDA:1,dlFile
FNDA:1,getDuration
FNDA:1,loadFile
FNDA:1,blobToBase64
FNDA:0,fileReader.onload
FNDA:0,fileReader.onerror
FNDA:1,blobUrlToFile
FNDA:0,xhr.onload
FNDA:0,xhr.onerror
FNDA:2,dataURLtoBlob
FNDA:1,blobToFile
FNDA:2,dlFile
FNDA:2,getDuration
FNDA:1,loadFile
FNDA:0,nodeTag.onreadystatechange
FNDA:0,nodeTag.onload
DA:1,1
DA:2,1
DA:3,1
DA:4,1
DA:5,1
DA:6,1
DA:7,1
DA:8,1
DA:9,1
DA:10,1
DA:11,1
DA:12,1
DA:13,1
DA:14,1
DA:15,1
DA:16,1
DA:17,1
DA:18,1
DA:19,1
DA:20,1
DA:21,7
DA:22,7
DA:23,7
DA:24,1
DA:25,1
DA:26,1
DA:27,1
DA:28,1
DA:29,1
DA:30,1
DA:31,1
DA:32,1
DA:33,1
DA:34,1
DA:35,1
DA:36,1
DA:37,1
DA:38,1
DA:39,1
DA:40,1
DA:41,1
DA:42,1
DA:43,1
DA:44,1
DA:45,1
DA:46,0
DA:47,1
DA:48,1
DA:49,0
DA:50,0
DA:51,0
DA:52,0
DA:53,1
DA:54,1
DA:55,1
DA:56,1
DA:57,1
DA:58,1
DA:59,1
DA:60,1
DA:61,1
DA:62,1
DA:63,1
DA:64,1
DA:65,0
DA:66,0
DA:67,1
DA:68,0
DA:69,0
DA:70,1
DA:71,2
DA:72,2
DA:73,2
DA:74,2
DA:75,2
DA:76,2
DA:77,2
DA:78,2
DA:79,0
DA:80,2
DA:81,1
DA:82,1
DA:83,1
DA:84,1
DA:85,1
DA:86,2
DA:87,2
DA:88,2
DA:89,1
DA:90,1
DA:91,1
DA:92,1
DA:93,1
DA:94,1
DA:95,1
DA:96,1
DA:97,2
DA:98,2
DA:99,2
DA:100,2
DA:101,2
DA:102,2
DA:103,2
DA:104,2
DA:105,2
DA:106,2
DA:107,2
DA:108,2
DA:109,0
DA:110,2
DA:111,2
DA:112,2
DA:113,2
DA:114,0
DA:115,2
DA:116,2
DA:117,2
DA:118,2
DA:119,2
DA:120,1
DA:121,2
DA:122,2
DA:123,1
DA:124,1
DA:125,1
DA:126,1
DA:127,2
DA:128,2
DA:129,2
DA:130,2
DA:131,2
DA:132,0
DA:133,0
DA:134,0
DA:135,0
DA:136,0
DA:137,0
DA:138,0
DA:139,2
DA:140,0
DA:141,0
DA:142,1
DA:143,1
DA:144,1
DA:145,1
DA:146,1
DA:147,1
DA:148,1
DA:149,1
DA:150,1
DA:151,1
DA:152,1
DA:153,1
DA:154,0
DA:155,0
DA:156,0
DA:157,1
DA:158,1
DA:159,1
DA:160,0
DA:161,0
DA:162,0
DA:163,0
DA:164,0
DA:165,0
DA:166,0
DA:167,0
DA:168,1
DA:169,1
DA:170,1
DA:171,1
DA:172,1
DA:173,1
DA:174,0
DA:175,0
DA:176,0
DA:177,0
DA:178,1
DA:179,1
DA:180,1
DA:181,1
DA:182,0
DA:183,0
DA:184,0
DA:185,0
DA:186,0
DA:187,1
DA:188,0
DA:189,1
DA:190,1
DA:191,1
DA:192,1
DA:193,1
DA:194,1
DA:195,1
DA:196,1
DA:197,1
DA:198,1
DA:199,1
DA:200,1
DA:201,1
DA:202,1
DA:203,1
DA:204,1
DA:205,1
DA:206,1
DA:207,1
DA:208,1
DA:209,1
DA:210,1
DA:211,1
DA:212,1
DA:213,1
DA:214,1
DA:215,1
DA:216,1
DA:217,1
DA:218,1
DA:219,1
DA:220,1
DA:221,1
DA:222,1
DA:223,1
DA:224,1
DA:225,1
DA:226,1
DA:227,1
DA:228,1
DA:229,1
DA:230,1
DA:231,1
DA:232,1
DA:233,1
DA:234,1
DA:235,1
DA:236,1
DA:237,1
DA:238,1
DA:239,1
DA:240,1
DA:241,1
DA:242,1
LF:242
LH:200
BRDA:1,0,0,1
BRDA:1,1,0,1
BRDA:12,2,0,1
BRDA:14,3,0,7
BRDA:17,4,0,1
BRDA:19,5,0,0
BRDA:20,6,0,7
BRDA:22,7,0,7
BRDA:26,8,0,1
BRDA:33,9,0,1
BRDA:34,10,0,1
BRDA:35,11,0,1
BRDA:37,12,0,1
BRDA:37,13,0,1
BRDA:39,14,0,1
BRDA:39,15,0,1
BRDA:42,16,0,1
BRDA:58,17,0,1
BRDA:59,18,0,1
BRDA:70,19,0,2
BRDA:78,20,0,0
BRDA:80,21,0,1
BRDA:86,22,0,9
BRDA:87,23,0,1
BRDA:90,24,0,1
BRDA:96,25,0,2
BRDA:106,26,0,0
BRDA:108,27,0,0
BRDA:120,28,0,2
BRDA:122,29,0,1
BRDA:127,30,0,2
BRDA:142,31,0,1
BRDA:153,32,0,0
BRDA:159,33,0,0
BRDA:173,34,0,0
BRDA:181,35,0,0
BRF:36
BRH:28
end_of_record
TN:
SF:src/index.ts
FN:1,Object.<anonymous>
FNF:1
FNH:1
FNDA:1,Object.<anonymous>
DA:1,1
DA:2,1
DA:3,1
DA:4,1
DA:5,1
DA:6,1
DA:7,1
DA:8,1
DA:9,1
LF:9
LH:9
BRDA:1,0,0,1
BRDA:1,1,0,1
BRF:2
BRH:2
end_of_record
TN:
SF:src/is.ts
FN:1,Object.<anonymous>
FN:11,__export
FN:15,__copyProps
FN:24,get
FN:28,__toCommonJS
FN:35,isBlob
FN:36,isFile
FN:37,isIdCard
FN:38,isJson
FN:40,isPrime
FN:41,isPrime
FN:47,isJson
FN:52,isBlob
FN:53,isFile
FN:58,isIdCard
FNF:15
FNH:13
FNDA:1,Object.<anonymous>
FNDA:1,__export
FNDA:1,__copyProps
FNDA:3,get
FNDA:1,__toCommonJS
FNDA:3,isBlob
FNDA:1,isFile
FNDA:1,isIdCard
FNDA:3,isJson
FNDA:0,isPrime
FNDA:0,isPrime
FNDA:3,isJson
FNDA:3,isBlob
FNDA:1,isFile
FNDA:3,isIdCard
DA:1,1
DA:2,1
DA:3,1
DA:4,1
DA:5,1
DA:6,1
DA:7,1
DA:8,1
DA:9,1
DA:10,1
DA:11,1
DA:12,1
DA:13,5
DA:14,5
DA:15,1
DA:16,1
DA:17,1
DA:18,1
DA:19,1
DA:20,1
DA:21,1
DA:22,5
DA:23,5
DA:24,5
DA:25,5
DA:26,5
DA:27,5
DA:28,1
DA:29,1
DA:30,1
DA:31,1
DA:32,1
DA:33,1
DA:34,1
DA:35,1
DA:36,1
DA:37,1
DA:38,1
DA:39,1
DA:40,1
DA:41,1
DA:42,0
DA:43,0
DA:44,0
DA:45,0
DA:46,1
DA:47,1
DA:48,3
DA:49,3
DA:50,1
DA:51,1
DA:52,1
DA:53,1
DA:54,1
DA:55,1
DA:56,1
DA:57,1
DA:58,1
DA:59,3
DA:60,3
DA:61,3
DA:62,3
DA:63,3
DA:64,3
DA:65,3
DA:66,3
DA:67,3
DA:68,3
DA:69,3
DA:70,3
DA:71,3
DA:72,3
DA:73,3
DA:74,3
DA:75,3
DA:76,3
DA:77,3
DA:78,3
DA:79,3
DA:80,3
DA:81,3
DA:82,3
DA:83,3
DA:84,3
DA:85,3
DA:86,3
DA:87,3
DA:88,3
DA:89,3
DA:90,3
DA:91,3
DA:92,3
DA:93,3
DA:94,3
DA:95,3
DA:96,3
DA:97,3
DA:98,3
DA:99,3
DA:100,3
DA:101,3
DA:102,3
DA:103,3
DA:104,3
DA:105,3
DA:106,3
DA:107,3
DA:108,3
DA:109,3
DA:110,3
DA:111,3
DA:112,3
DA:113,2
DA:114,2
DA:115,2
DA:116,3
DA:117,1
DA:118,0
DA:119,0
DA:120,1
DA:121,1
DA:122,1
DA:123,1
DA:124,1
DA:125,1
DA:126,1
DA:127,1
DA:128,1
DA:129,1
DA:130,17
DA:131,17
DA:132,17
DA:133,1
DA:134,1
DA:135,1
DA:136,1
DA:137,1
DA:138,1
DA:139,1
DA:140,1
DA:141,1
LF:141
LH:135
BRDA:1,0,0,1
BRDA:1,1,0,1
BRDA:11,2,0,1
BRDA:12,3,0,5
BRDA:15,4,0,1
BRDA:19,5,0,0
BRDA:22,6,0,5
BRDA:24,7,0,3
BRDA:28,8,0,1
BRDA:35,9,0,3
BRDA:36,10,0,1
BRDA:37,11,0,1
BRDA:38,12,0,3
BRDA:47,13,0,3
BRDA:48,14,0,2
BRDA:52,15,0,3
BRDA:53,16,0,1
BRDA:58,17,0,3
BRDA:112,18,0,2
BRDA:116,19,0,1
BRDA:118,20,0,0
BRDA:129,21,0,17
BRF:22
BRH:20
end_of_record
TN:
SF:src/transform.ts
FN:1,Object.<anonymous>
FN:8,__export
FN:16,__copyProps
FN:23,get
FN:30,__toCommonJS
FN:38,arrayToObj
FN:39,decodeHtml
FN:40,encodeHtml
FN:41,formatNumber
FN:43,formatSize
FN:43,formatTime
FN:44,friendlyTime
FN:46,hideInfo
FN:46,objToArray
FN:47,objToObj
FN:49,rmbPrice
FN:51,secondToTime
FN:54,string10to62
FN:55,string62to10
FN:56,toFixed
FN:56,toHump
FN:64,encodeHtml
FN:78,decodeHtml
FN:87,rmbPrice
FN:100,formatTime
FN:159,friendlyTime
FN:203,px2vw
FN:206,secondToTime
FN:281,formatNumber
FN:296,hideInfo
FN:324,string10to62
FN:335,string62to10
FN:345,toFixed
FN:355,toLine
FN:359,toHump
FN:369,arrayToObj
FN:383,objToArray
FN:394,objToObj
FNF:38
FNH:38
FNDA:1,Object.<anonymous>
FNDA:1,__export
FNDA:1,__copyProps
FNDA:18,get
FNDA:1,__toCommonJS
FNDA:1,arrayToObj
FNDA:1,decodeHtml
FNDA:1,encodeHtml
FNDA:1,formatNumber
FNDA:1,formatSize
FNDA:1,formatTime
FNDA:1,friendlyTime
FNDA:1,hideInfo
FNDA:1,objToArray
FNDA:1,objToObj
FNDA:1,rmbPrice
FNDA:1,secondToTime
FNDA:1,string10to62
FNDA:1,string62to10
FNDA:1,toFixed
FNDA:1,toHump
FNDA:2,encodeHtml
FNDA:1,decodeHtml
FNDA:3,rmbPrice
FNDA:11,formatTime
FNDA:12,friendlyTime
FNDA:4,px2vw
FNDA:20,secondToTime
FNDA:6,formatNumber
FNDA:5,hideInfo
FNDA:1,string10to62
FNDA:1,string62to10
FNDA:29,toFixed
FNDA:2,toLine
FNDA:2,toHump
FNDA:6,arrayToObj
FNDA:4,objToArray
FNDA:17,objToObj
DA:1,1
DA:2,1
DA:3,1
DA:4,1
DA:5,1
DA:6,1
DA:7,1
DA:8,1
DA:9,1
DA:10,1
DA:11,1
DA:12,1
DA:13,18
DA:14,1
DA:15,1
DA:16,1
DA:17,1
DA:18,0
DA:19,1
DA:20,1
DA:21,18
DA:22,18
DA:23,18
DA:24,18
DA:25,18
DA:26,18
DA:27,18
DA:28,1
DA:29,1
DA:30,1
DA:31,1
DA:32,1
DA:33,1
DA:34,1
DA:35,1
DA:36,1
DA:37,1
DA:38,1
DA:39,1
DA:40,1
DA:41,1
DA:42,1
DA:43,1
DA:44,1
DA:45,1
DA:46,1
DA:47,1
DA:48,1
DA:49,1
DA:50,1
DA:51,1
DA:52,1
DA:53,1
DA:54,1
DA:55,1
DA:56,1
DA:57,1
DA:58,1
DA:59,1
DA:60,1
DA:61,1
DA:62,1
DA:63,1
DA:64,1
DA:65,2
DA:66,1
DA:67,1
DA:68,1
DA:69,1
DA:70,1
DA:71,1
DA:72,1
DA:73,1
DA:74,1
DA:75,8
DA:76,1
DA:77,1
DA:78,1
DA:79,1
DA:80,1
DA:81,1
DA:82,1
DA:83,1
DA:84,1
DA:85,8
DA:86,8
DA:87,1
DA:88,3
DA:89,3
DA:90,3
DA:91,3
DA:92,3
DA:93,3
DA:94,3
DA:95,3
DA:96,3
DA:97,3
DA:98,3
DA:99,2
DA:100,1
DA:101,11
DA:102,11
DA:103,11
DA:104,11
DA:105,11
DA:106,11
DA:107,11
DA:108,6
DA:109,6
DA:110,1
DA:111,11
DA:112,10
DA:113,10
DA:114,10
DA:115,10
DA:116,10
DA:117,11
DA:118,5
DA:119,11
DA:120,11
DA:121,11
DA:122,11
DA:123,11
DA:124,11
DA:125,11
DA:126,11
DA:127,11
DA:128,11
DA:129,11
DA:130,10
DA:131,10
DA:132,10
DA:133,10
DA:134,10
DA:135,10
DA:136,10
DA:137,10
DA:138,10
DA:139,11
DA:140,2
DA:141,2
DA:142,2
DA:143,2
DA:144,2
DA:145,2
DA:146,2
DA:147,2
DA:148,11
DA:149,80
DA:150,80
DA:151,80
DA:152,19
DA:153,1
DA:154,1
DA:155,19
DA:156,19
DA:157,11
DA:158,1
DA:159,1
DA:160,12
DA:161,12
DA:162,12
DA:163,12
DA:164,11
DA:165,11
DA:166,11
DA:167,0
DA:168,0
DA:169,0
DA:170,12
DA:171,11
DA:172,11
DA:173,11
DA:174,11
DA:175,11
DA:176,11
DA:177,11
DA:178,12
DA:179,12
DA:180,12
DA:181,0
DA:182,12
DA:183,12
DA:184,12
DA:185,1
DA:186,12
DA:187,10
DA:188,12
DA:189,6
DA:190,4
DA:191,6
DA:192,6
DA:193,6
DA:194,1
DA:195,1
DA:196,1
DA:197,12
DA:198,12
DA:199,2
DA:200,12
DA:201,12
DA:202,1
DA:203,4
DA:204,4
DA:205,4
DA:206,1
DA:207,20
DA:208,20
DA:209,20
DA:210,20
DA:211,20
DA:212,20
DA:213,20
DA:214,20
DA:215,20
DA:216,20
DA:217,20
DA:218,20
DA:219,20
DA:220,20
DA:221,20
DA:222,20
DA:223,20
DA:224,20
DA:225,20
DA:226,20
DA:227,20
DA:228,20
DA:229,20
DA:230,20
DA:231,20
DA:232,20
DA:233,20
DA:234,20
DA:235,20
DA:236,20
DA:237,20
DA:238,20
DA:239,96
DA:240,96
DA:241,20
DA:242,20
DA:243,20
DA:244,20
DA:245,20
DA:246,20
DA:247,20
DA:248,96
DA:249,96
DA:250,96
DA:251,96
DA:252,96
DA:253,20
DA:254,20
DA:255,92
DA:256,59
DA:257,20
DA:258,20
DA:259,1
DA:260,1
DA:261,0
DA:262,1
DA:263,1
DA:264,1
DA:265,1
DA:266,1
DA:267,1
DA:268,1
DA:269,1
DA:270,1
DA:271,1
DA:272,1
DA:273,1
DA:274,1
DA:275,1
DA:276,1
DA:277,1
DA:278,1
DA:279,1
DA:280,1
DA:281,1
DA:282,6
DA:283,6
DA:284,6
DA:285,1
DA:286,6
DA:287,5
DA:288,3
DA:289,3
DA:290,3
DA:291,2
DA:292,2
DA:293,2
DA:294,1
DA:295,1
DA:296,1
DA:297,5
DA:298,5
DA:299,5
DA:300,5
DA:301,5
DA:302,5
DA:303,5
DA:304,5
DA:305,5
DA:306,5
DA:307,5
DA:308,5
DA:309,5
DA:310,3
DA:311,3
DA:312,3
DA:313,6
DA:314,3
DA:315,3
DA:316,3
DA:317,3
DA:318,3
DA:319,3
DA:320,3
DA:321,5
DA:322,1
DA:323,1
DA:324,1
DA:325,1
DA:326,1
DA:327,1
DA:328,1
DA:329,1
DA:330,1
DA:331,2
DA:332,2
DA:333,2
DA:334,1
DA:335,1
DA:336,1
DA:337,1
DA:338,1
DA:339,1
DA:340,1
DA:341,1
DA:342,1
DA:343,1
DA:344,1
DA:345,1
DA:346,29
DA:347,29
DA:348,29
DA:349,2
DA:350,29
DA:351,27
DA:352,27
DA:353,27
DA:354,27
DA:355,1
DA:356,2
DA:357,2
DA:358,1
DA:359,1
DA:360,2
DA:361,2
DA:362,2
DA:363,2
DA:364,2
DA:365,2
DA:366,2
DA:367,2
DA:368,2
DA:369,1
DA:370,6
DA:371,6
DA:372,2
DA:373,2
DA:374,0
DA:375,0
DA:376,0
DA:377,0
DA:378,0
DA:379,14
DA:380,12
DA:381,6
DA:382,1
DA:383,1
DA:384,4
DA:385,4
DA:386,4
DA:387,4
DA:388,4
DA:389,4
DA:390,4
DA:391,4
DA:392,4
DA:393,4
DA:394,1
DA:395,17
DA:396,17
DA:397,17
DA:398,17
DA:399,17
DA:400,17
DA:401,28
DA:402,28
DA:403,28
DA:404,28
DA:405,28
DA:406,22
DA:407,22
DA:408,17
DA:409,17
DA:410,1
DA:411,1
DA:412,1
DA:413,1
DA:414,1
DA:415,1
DA:416,1
DA:417,1
DA:418,1
DA:419,1
DA:420,1
DA:421,1
DA:422,1
DA:423,1
DA:424,1
DA:425,1
DA:426,1
DA:427,1
DA:428,1
DA:429,1
DA:430,1
DA:431,1
DA:432,1
DA:433,1
DA:434,1
DA:435,1
DA:436,1
DA:437,1
DA:438,1
DA:439,1
DA:440,1
DA:441,1
DA:442,1
DA:443,1
DA:444,1
DA:445,1
DA:446,1
DA:447,1
DA:448,1
DA:449,1
DA:450,1
DA:451,1
DA:452,1
DA:453,1
DA:454,1
DA:455,1
DA:456,1
DA:457,1
DA:458,1
DA:459,1
DA:460,1
DA:461,1
DA:462,1
DA:463,1
DA:464,1
DA:465,1
DA:466,1
DA:467,1
DA:468,1
DA:469,1
DA:470,1
DA:471,1
DA:472,1
DA:473,1
DA:474,1
DA:475,1
DA:476,1
DA:477,1
DA:478,1
DA:479,1
DA:480,1
DA:481,1
DA:482,1
DA:483,1
DA:484,1
DA:485,1
DA:486,1
DA:487,1
DA:488,1
DA:489,1
DA:490,1
DA:491,1
DA:492,1
DA:493,1
DA:494,1
DA:495,1
DA:496,1
DA:497,1
DA:498,1
DA:499,1
DA:500,1
DA:501,1
DA:502,1
DA:503,1
DA:504,1
DA:505,1
DA:506,1
DA:507,1
DA:508,1
DA:509,1
DA:510,1
DA:511,1
DA:512,1
DA:513,1
DA:514,1
DA:515,1
DA:516,1
DA:517,1
DA:518,1
DA:519,1
DA:520,1
DA:521,1
DA:522,1
DA:523,1
DA:524,1
DA:525,1
DA:526,1
DA:527,1
DA:528,1
DA:529,1
DA:530,1
DA:531,1
DA:532,1
DA:533,1
DA:534,1
DA:535,1
DA:536,1
DA:537,1
DA:538,1
DA:539,1
DA:540,1
DA:541,1
DA:542,1
DA:543,1
DA:544,1
DA:545,1
DA:546,1
DA:547,1
DA:548,1
DA:549,1
DA:550,1
DA:551,1
DA:552,1
DA:553,1
DA:554,1
DA:555,1
DA:556,1
DA:557,1
DA:558,1
DA:559,1
DA:560,1
DA:561,1
DA:562,1
DA:563,1
DA:564,1
DA:565,1
DA:566,1
DA:567,1
DA:568,1
DA:569,1
DA:570,1
DA:571,1
DA:572,1
DA:573,1
DA:574,1
DA:575,1
DA:576,1
DA:577,1
DA:578,1
DA:579,1
DA:580,1
DA:581,1
DA:582,1
DA:583,1
DA:584,1
DA:585,1
DA:586,1
DA:587,1
DA:588,1
DA:589,1
DA:590,1
DA:591,1
DA:592,1
DA:593,1
DA:594,1
DA:595,1
DA:596,1
DA:597,1
DA:598,1
DA:599,1
DA:600,1
DA:601,1
DA:602,1
DA:603,1
DA:604,1
DA:605,1
DA:606,1
DA:607,1
DA:608,1
DA:609,1
DA:610,1
DA:611,1
DA:612,1
DA:613,1
DA:614,1
DA:615,1
DA:616,1
DA:617,1
DA:618,1
DA:619,1
DA:620,1
DA:621,1
DA:622,1
DA:623,1
DA:624,1
DA:625,1
DA:626,1
DA:627,1
DA:628,1
DA:629,1
DA:630,1
DA:631,1
DA:632,1
DA:633,1
DA:634,1
DA:635,1
DA:636,1
DA:637,1
DA:638,1
DA:639,1
DA:640,1
DA:641,1
DA:642,1
DA:643,1
DA:644,1
DA:645,1
DA:646,1
DA:647,1
DA:648,1
DA:649,1
DA:650,1
DA:651,1
DA:652,1
DA:653,1
DA:654,1
DA:655,1
DA:656,1
DA:657,1
DA:658,1
DA:659,1
DA:660,1
DA:661,1
DA:662,1
DA:663,1
DA:664,1
DA:665,1
DA:666,1
DA:667,1
LF:667
LH:656
BRDA:1,0,0,1
BRDA:1,1,0,1
BRDA:8,2,0,1
BRDA:12,3,0,18
BRDA:16,4,0,1
BRDA:17,5,0,0
BRDA:20,6,0,18
BRDA:23,7,0,18
BRDA:30,8,0,1
BRDA:38,9,0,1
BRDA:39,10,0,1
BRDA:40,11,0,1
BRDA:41,12,0,1
BRDA:43,13,0,1
BRDA:43,14,0,1
BRDA:44,15,0,1
BRDA:46,16,0,1
BRDA:46,17,0,1
BRDA:47,18,0,1
BRDA:49,19,0,1
BRDA:51,20,0,1
BRDA:54,21,0,1
BRDA:55,22,0,1
BRDA:56,23,0,1
BRDA:56,24,0,1
BRDA:64,25,0,2
BRDA:65,26,0,1
BRDA:65,27,0,1
BRDA:74,28,0,8
BRDA:78,29,0,1
BRDA:84,30,0,8
BRDA:87,31,0,0
BRDA:87,32,0,3
BRDA:95,33,0,2
BRDA:95,34,0,0
BRDA:96,35,0,1
BRDA:96,36,0,2
BRDA:97,37,0,1
BRDA:98,38,0,2
BRDA:100,39,0,11
BRDA:104,40,0,2
BRDA:104,41,0,1
BRDA:104,42,0,10
BRDA:105,43,0,0
BRDA:106,44,0,10
BRDA:107,45,0,6
BRDA:109,46,0,1
BRDA:111,47,0,10
BRDA:117,48,0,5
BRDA:118,49,0,5
BRDA:130,50,0,10
BRDA:139,51,0,2
BRDA:143,52,0,1
BRDA:148,53,0,10
BRDA:148,54,0,80
BRDA:151,55,0,19
BRDA:152,56,0,1
BRDA:155,57,0,18
BRDA:157,58,0,10
BRDA:159,59,0,12
BRDA:161,60,0,2
BRDA:162,61,0,1
BRDA:162,62,0,11
BRDA:162,63,0,0
BRDA:163,64,0,11
BRDA:167,65,0,0
BRDA:170,66,0,11
BRDA:171,67,0,1
BRDA:180,68,0,0
BRDA:182,69,0,11
BRDA:183,70,0,11
BRDA:184,71,0,1
BRDA:186,72,0,10
BRDA:188,73,0,6
BRDA:188,74,0,2
BRDA:189,75,0,4
BRDA:191,76,0,1
BRDA:191,77,0,3
BRDA:191,78,0,1
BRDA:192,79,0,2
BRDA:192,80,0,1
BRDA:193,81,0,1
BRDA:197,82,0,4
BRDA:197,83,0,1
BRDA:197,84,0,3
BRDA:198,85,0,1
BRDA:198,86,0,2
BRDA:199,87,0,1
BRDA:200,88,0,1
BRDA:203,89,0,4
BRDA:206,90,0,20
BRDA:238,91,0,96
BRDA:240,92,0,20
BRDA:244,93,0,18
BRDA:245,94,0,12
BRDA:248,95,0,76
BRDA:249,96,0,0
BRDA:249,97,0,76
BRDA:249,98,0,0
BRDA:249,99,0,0
BRDA:251,100,0,66
BRDA:251,101,0,42
BRDA:252,102,0,76
BRDA:254,103,0,92
BRDA:254,104,0,38
BRDA:254,105,0,10
BRDA:254,106,0,33
BRDA:255,107,0,59
BRDA:256,108,0,17
BRDA:260,109,0,0
BRDA:281,110,0,6
BRDA:284,111,0,1
BRDA:286,112,0,5
BRDA:287,113,0,3
BRDA:291,114,0,2
BRDA:296,115,0,5
BRDA:309,116,0,3
BRDA:312,117,0,6
BRDA:324,118,0,1
BRDA:331,119,0,2
BRDA:335,120,0,1
BRDA:343,121,0,2
BRDA:344,122,0,0
BRDA:345,123,0,29
BRDA:348,124,0,2
BRDA:350,125,0,27
BRDA:355,126,0,2
BRDA:359,127,0,2
BRDA:369,128,0,6
BRDA:371,129,0,14
BRDA:371,130,0,2
BRDA:373,131,0,0
BRDA:373,132,0,0
BRDA:373,133,0,0
BRDA:379,134,0,12
BRDA:380,135,0,6
BRDA:383,136,0,4
BRDA:390,137,0,2
BRDA:391,138,0,6
BRDA:392,139,0,2
BRDA:392,140,0,6
BRDA:394,141,0,17
BRDA:400,142,0,28
BRDA:400,143,0,6
BRDA:404,144,0,6
BRDA:405,145,0,22
BRDA:409,146,0,1
BRF:147
BRH:132
end_of_record
TN:
SF:src/class/Counter.ts
FN:1,Object.<anonymous>
FN:9,__export
FN:17,__copyProps
FN:26,get
FN:34,__toCommonJS
FN:39,__accessCheck
FN:46,__privateGet
FN:55,__privateAdd
FN:64,__privateSet
FN:74,Counter
FN:76,default
FN:85,Counter
FNF:12
FNH:11
FNDA:1,Object.<anonymous>
FNDA:1,__export
FNDA:1,__copyProps
FNDA:1,get
FNDA:1,__toCommonJS
FNDA:9,__accessCheck
FNDA:7,__privateGet
FNDA:1,__privateAdd
FNDA:2,__privateSet
FNDA:0,Counter
FNDA:1,default
FNDA:1,Counter
DA:1,1
DA:2,1
DA:3,1
DA:4,1
DA:5,1
DA:6,1
DA:7,1
DA:8,1
DA:9,1
DA:10,1
DA:11,1
DA:12,2
DA:13,2
DA:14,2
DA:15,2
DA:16,1
DA:17,1
DA:18,1
DA:19,1
DA:20,1
DA:21,1
DA:22,1
DA:23,1
DA:24,2
DA:25,2
DA:26,2
DA:27,1
DA:28,1
DA:29,2
DA:30,2
DA:31,2
DA:32,1
DA:33,1
DA:34,1
DA:35,1
DA:36,1
DA:37,1
DA:38,1
DA:39,9
DA:40,9
DA:41,9
DA:42,9
DA:43,9
DA:44,9
DA:45,1
DA:46,1
DA:47,7
DA:48,7
DA:49,7
DA:50,7
DA:51,7
DA:52,7
DA:53,7
DA:54,1
DA:55,1
DA:56,1
DA:57,1
DA:58,1
DA:59,0
DA:60,1
DA:61,1
DA:62,1
DA:63,1
DA:64,1
DA:65,2
DA:66,2
DA:67,2
DA:68,2
DA:69,2
DA:70,2
DA:71,1
DA:72,1
DA:73,1
DA:74,1
DA:75,1
DA:76,1
DA:77,1
DA:78,1
DA:79,1
DA:80,1
DA:81,1
DA:82,1
DA:83,1
DA:84,1
DA:85,1
DA:86,1
DA:87,1
DA:88,1
DA:89,1
DA:90,1
DA:91,1
LF:91
LH:90
BRDA:1,0,0,1
BRDA:1,1,0,1
BRDA:9,2,0,1
BRDA:12,3,0,2
BRDA:17,4,0,1
BRDA:21,5,0,0
BRDA:23,6,0,2
BRDA:26,7,0,1
BRDA:34,8,0,1
BRDA:39,9,0,9
BRDA:44,10,0,0
BRDA:46,11,0,7
BRDA:53,12,0,0
BRDA:55,13,0,1
BRDA:58,14,0,0
BRDA:61,15,0,0
BRDA:64,16,0,2
BRDA:76,17,0,1
BRDA:85,18,0,1
BRF:19
BRH:14
end_of_record
TN:
SF:src/class/Debounce.ts
FN:1,Object.<anonymous>
FN:9,__export
FN:16,__copyProps
FN:23,get
FNF:4
FNH:4
FNDA:1,Object.<anonymous>
FNDA:1,__export
FNDA:1,__copyProps
FNDA:1,get
DA:1,1
DA:2,1
DA:3,1
DA:4,1
DA:5,1
DA:6,1
DA:7,1
DA:8,1
DA:9,1
DA:10,1
DA:11,1
DA:12,1
DA:13,1
DA:14,2
DA:15,2
DA:16,1
DA:17,1
DA:18,1
DA:19,1
DA:20,1
DA:21,1
DA:22,2
DA:23,2
DA:24,1
DA:25,2
DA:26,2
DA:27,1
DA:28,1
DA:29,1
DA:30,1
LF:30
LH:30
BRDA:1,0,0,1
BRDA:1,1,0,1
BRDA:9,2,0,1
BRDA:13,3,0,2
BRDA:16,4,0,1
BRDA:18,5,0,0
BRDA:21,6,0,2
BRDA:23,7,0,1
BRF:8
BRH:7
end_of_record
TN:
SF:src/class/Loading.ts
FN:1,Object.<anonymous>
FN:9,__export
FN:20,__copyProps
FN:29,get
FN:32,__toCommonJS
FN:35,__accessCheck
FN:41,__privateGet
FN:47,__privateAdd
FN:56,__privateSet
FN:66,Loading
FN:66,default
FN:75,Loading
FNF:12
FNH:11
FNDA:1,Object.<anonymous>
FNDA:1,__export
FNDA:1,__copyProps
FNDA:1,get
FNDA:1,__toCommonJS
FNDA:19,__accessCheck
FNDA:12,__privateGet
FNDA:3,__privateAdd
FNDA:7,__privateSet
FNDA:0,Loading
FNDA:1,default
FNDA:1,Loading
DA:1,1
DA:2,1
DA:3,1
DA:4,1
DA:5,1
DA:6,1
DA:7,1
DA:8,1
DA:9,1
DA:10,1
DA:11,1
DA:12,1
DA:13,2
DA:14,2
DA:15,2
DA:16,2
DA:17,2
DA:18,1
DA:19,1
DA:20,1
DA:21,1
DA:22,1
DA:23,1
DA:24,1
DA:25,0
DA:26,1
DA:27,1
DA:28,2
DA:29,2
DA:30,2
DA:31,1
DA:32,1
DA:33,1
DA:34,1
DA:35,1
DA:36,19
DA:37,19
DA:38,19
DA:39,1
DA:40,1
DA:41,1
DA:42,12
DA:43,12
DA:44,12
DA:45,12
DA:46,1
DA:47,1
DA:48,3
DA:49,0
DA:50,3
DA:51,3
DA:52,3
DA:53,3
DA:54,3
DA:55,1
DA:56,1
DA:57,7
DA:58,7
DA:59,7
DA:60,7
DA:61,7
DA:62,7
DA:63,1
DA:64,1
DA:65,1
DA:66,1
DA:67,1
DA:68,1
DA:69,1
DA:70,1
DA:71,1
DA:72,1
DA:73,1
DA:74,1
DA:75,1
DA:76,1
DA:77,1
DA:78,1
DA:79,1
DA:80,1
DA:81,1
DA:82,1
DA:83,1
DA:84,1
DA:85,1
DA:86,1
DA:87,1
DA:88,1
LF:88
LH:86
BRDA:1,0,0,1
BRDA:1,1,0,1
BRDA:9,2,0,1
BRDA:12,3,0,2
BRDA:20,4,0,1
BRDA:24,5,0,0
BRDA:28,6,0,2
BRDA:29,7,0,1
BRDA:32,8,0,1
BRDA:35,9,0,19
BRDA:38,10,0,0
BRDA:41,11,0,12
BRDA:44,12,0,0
BRDA:47,13,0,3
BRDA:48,14,0,0
BRDA:52,15,0,0
BRDA:56,16,0,7
BRDA:61,17,0,0
BRDA:66,18,0,1
BRDA:75,19,0,1
BRF:20
BRH:14
end_of_record
TN:
SF:src/class/Throttle.ts
FN:1,Object.<anonymous>
FN:12,__export
FN:17,__copyProps
FN:26,get
FN:30,__toCommonJS
FN:34,__accessCheck
FN:42,__privateGet
FNF:7
FNH:7
FNDA:1,Object.<anonymous>
FNDA:1,__export
FNDA:1,__copyProps
FNDA:1,get
FNDA:1,__toCommonJS
FNDA:8,__accessCheck
FNDA:5,__privateGet
DA:1,1
DA:2,1
DA:3,1
DA:4,1
DA:5,1
DA:6,1
DA:7,1
DA:8,1
DA:9,1
DA:10,1
DA:11,1
DA:12,1
DA:13,1
DA:14,1
DA:15,1
DA:16,1
DA:17,1
DA:18,1
DA:19,1
DA:20,0
DA:21,1
DA:22,1
DA:23,1
DA:24,2
DA:25,2
DA:26,2
DA:27,2
DA:28,2
DA:29,1
DA:30,1
DA:31,1
DA:32,1
DA:33,1
DA:34,1
DA:35,8
DA:36,8
DA:37,8
DA:38,1
DA:39,1
DA:40,1
DA:41,1
DA:42,5
LF:42
LH:41
BRDA:1,0,0,1
BRDA:1,1,0,1
BRDA:12,2,0,1
BRDA:15,3,0,2
BRDA:17,4,0,1
BRDA:19,5,0,0
BRDA:23,6,0,2
BRDA:26,7,0,1
BRDA:30,8,0,1
BRDA:34,9,0,8
BRDA:37,10,0,0
BRDA:42,11,0,5
BRF:12
BRH:10
end_of_record
TN:
SF:src/encrypt/base64.ts
FN:1,Object.<anonymous>
FN:12,__export
FN:15,__copyProps
FN:26,get
FN:35,__toCommonJS
FN:40,deBase64
FN:42,decode
FN:43,enBase64
FN:44,encode
FN:50,enBase64
FN:59,deBase64
FN:65,encode
FNF:12
FNH:9
FNDA:1,Object.<anonymous>
FNDA:1,__export
FNDA:1,__copyProps
FNDA:2,get
FNDA:1,__toCommonJS
FNDA:1,deBase64
FNDA:0,decode
FNDA:1,enBase64
FNDA:0,encode
FNDA:1,enBase64
FNDA:1,deBase64
FNDA:0,encode
DA:1,1
DA:2,1
DA:3,1
DA:4,1
DA:5,1
DA:6,1
DA:7,1
DA:8,1
DA:9,1
DA:10,1
DA:11,1
DA:12,1
DA:13,1
DA:14,4
DA:15,1
DA:16,1
DA:17,1
DA:18,0
DA:19,0
DA:20,0
DA:21,1
DA:22,1
DA:23,1
DA:24,4
DA:25,4
DA:26,4
DA:27,4
DA:28,4
DA:29,4
DA:30,1
DA:31,1
DA:32,1
DA:33,1
DA:34,1
DA:35,1
DA:36,1
DA:37,1
DA:38,1
DA:39,1
DA:40,1
DA:41,1
DA:42,1
DA:43,1
DA:44,1
DA:45,1
DA:46,1
DA:47,1
DA:48,1
DA:49,1
DA:50,1
DA:51,1
DA:52,1
DA:53,1
DA:54,1
DA:55,1
DA:56,1
DA:57,1
DA:58,1
DA:59,1
DA:60,1
DA:61,1
DA:62,1
DA:63,1
DA:64,1
DA:65,1
DA:66,0
DA:67,0
DA:68,0
LF:68
LH:62
BRDA:1,0,0,1
BRDA:1,1,0,1
BRDA:12,2,0,1
BRDA:13,3,0,4
BRDA:15,4,0,1
BRDA:18,5,0,0
BRDA:23,6,0,4
BRDA:26,7,0,2
BRDA:35,8,0,1
BRDA:40,9,0,1
BRDA:43,10,0,1
BRDA:50,11,0,1
BRDA:55,12,0,0
BRDA:59,13,0,1
BRDA:61,14,0,0
BRDA:63,15,0,0
BRF:16
BRH:12
end_of_record
TN:
SF:src/encrypt/crypto.ts
FN:1,Object.<anonymous>
FN:13,__export
FN:17,__copyProps
FN:28,get
FN:32,__toESM
FN:43,__toCommonJS
FN:48,aesInit
FN:49,deAes
FN:54,deBase64
FN:56,decode
FN:56,enAes
FN:56,enBase64
FN:57,encode
FN:59,md5
FN:65,aesInit
FN:68,enAes
FN:76,deAes
FN:89,md5
FN:92,enBase64
FN:103,deBase64
FN:114,encode
FNF:21
FNH:21
FNDA:1,Object.<anonymous>
FNDA:1,__export
FNDA:2,__copyProps
FNDA:16,get
FNDA:1,__toESM
FNDA:1,__toCommonJS
FNDA:1,aesInit
FNDA:3,deAes
FNDA:1,deBase64
FNDA:3,decode
FNDA:3,enAes
FNDA:1,enBase64
FNDA:3,encode
FNDA:1,md5
FNDA:1,aesInit
FNDA:5,enAes
FNDA:5,deAes
FNDA:1,md5
FNDA:2,enBase64
FNDA:2,deBase64
FNDA:3,encode
DA:1,1
DA:2,1
DA:3,1
DA:4,1
DA:5,1
DA:6,1
DA:7,1
DA:8,1
DA:9,1
DA:10,1
DA:11,1
DA:12,1
DA:13,1
DA:14,1
DA:15,8
DA:16,8
DA:17,1
DA:18,2
DA:19,2
DA:20,0
DA:21,0
DA:22,2
DA:23,2
DA:24,2
DA:25,2
DA:26,42
DA:27,42
DA:28,42
DA:29,42
DA:30,42
DA:31,2
DA:32,1
DA:33,1
DA:34,1
DA:35,1
DA:36,1
DA:37,1
DA:38,1
DA:39,1
DA:40,1
DA:41,1
DA:42,1
DA:43,1
DA:44,1
DA:45,1
DA:46,1
DA:47,1
DA:48,1
DA:49,1
DA:50,3
DA:51,3
DA:52,3
DA:53,1
DA:54,1
DA:55,1
DA:56,1
DA:57,1
DA:58,1
DA:59,1
DA:60,1
DA:61,1
DA:62,1
DA:63,1
DA:64,1
DA:65,1
DA:66,1
DA:67,1
DA:68,1
DA:69,5
DA:70,5
DA:71,5
DA:72,5
DA:73,5
DA:74,5
DA:75,5
DA:76,1
DA:77,5
DA:78,5
DA:79,5
DA:80,5
DA:81,5
DA:82,5
DA:83,5
DA:84,0
DA:85,0
DA:86,0
DA:87,0
DA:88,0
DA:89,1
DA:90,1
DA:91,1
DA:92,1
DA:93,2
DA:94,2
DA:95,2
DA:96,2
DA:97,2
DA:98,2
DA:99,2
DA:100,2
DA:101,1
DA:102,1
DA:103,1
DA:104,2
DA:105,2
DA:106,2
DA:107,0
DA:108,2
DA:109,2
DA:110,2
DA:111,2
DA:112,2
DA:113,2
DA:114,1
DA:115,3
DA:116,3
DA:117,3
DA:118,2
DA:119,3
DA:120,3
DA:121,0
DA:122,0
DA:123,0
LF:123
LH:112
BRDA:1,0,0,1
BRDA:1,1,0,1
BRDA:13,2,0,1
BRDA:14,3,0,8
BRDA:17,4,0,2
BRDA:19,5,0,0
BRDA:25,6,0,42
BRDA:28,7,0,16
BRDA:32,8,0,1
BRDA:37,9,0,0
BRDA:42,10,0,0
BRDA:43,11,0,1
BRDA:48,12,0,1
BRDA:49,13,0,3
BRDA:54,14,0,1
BRDA:56,15,0,3
BRDA:56,16,0,3
BRDA:56,17,0,1
BRDA:57,18,0,3
BRDA:59,19,0,1
BRDA:65,20,0,1
BRDA:68,21,0,5
BRDA:76,22,0,5
BRDA:83,23,0,0
BRDA:89,24,0,1
BRDA:92,25,0,2
BRDA:94,26,0,0
BRDA:103,27,0,2
BRDA:107,28,0,0
BRDA:114,29,0,3
BRDA:118,30,0,2
BRDA:120,31,0,0
BRF:32
BRH:25
end_of_record
