TN:
SF:src/base.ts
FN:1,Object.<anonymous>
FN:11,__export
FN:15,__copyProps
FN:24,get
FN:34,__toCommonJS
FN:44,delCookie
FN:44,getCookie
FN:45,getEnv
FN:46,getInfo
FN:47,getNetworkStatus
FN:47,getObj
FN:48,getRandomColor
FN:49,getRegexp
FN:49,getStorage
FN:51,getUrlParam
FN:51,getUrlParamObj
FN:53,getUuid
FN:55,randomInt
FN:55,remInit
FN:57,replaceUrlParam
FN:58,safe
FN:59,safeData
FN:61,setCookie
FN:62,setEnv
FN:63,setLog
FN:65,setObj
FN:65,setStorage
FN:65,setTitle
FN:67,setUrlParams
FN:67,sleep
FN:78,getNetworkStatus
FN:80,getRegexp
FN:118,setTitle
FN:126,i.onload
FN:142,remInit
FN:143,setRem
FN:156,globalThis.onresize
FN:157,getCookie
FN:167,setCookie
FN:188,delCookie
FN:194,getInfo
FN:232,getRandomColor
FN:236,getStorage
FN:246,setStorage
FN:257,sleep
FN:264,safe2
FN:299,safeData
FN:338,setUrlParams
FN:349,getUrlParam
FN:358,getUrlParamObj
FN:373,replaceUrlParam
FN:424,getUuid
FN:425,S4
FN:435,randomInt
FN:445,setEnv
FN:447,getEnv
FN:449,setObj
FN:453,getObj
FN:464,setLog
FNF:59
FNH:49
FNDA:7,Object.<anonymous>
FNDA:7,__export
FNDA:7,__copyProps
FNDA:43,get
FNDA:7,__toCommonJS
FNDA:1,delCookie
FNDA:1,getCookie
FNDA:4,getEnv
FNDA:1,getInfo
FNDA:0,getNetworkStatus
FNDA:0,getObj
FNDA:1,getRandomColor
FNDA:1,getRegexp
FNDA:1,getStorage
FNDA:1,getUrlParam
FNDA:1,getUrlParamObj
FNDA:1,getUuid
FNDA:1,randomInt
FNDA:1,remInit
FNDA:1,replaceUrlParam
FNDA:1,safe
FNDA:4,safeData
FNDA:1,setCookie
FNDA:1,setEnv
FNDA:0,setLog
FNDA:0,setObj
FNDA:1,setStorage
FNDA:1,setTitle
FNDA:1,setUrlParams
FNDA:17,sleep
FNDA:0,getNetworkStatus
FNDA:1,getRegexp
FNDA:1,setTitle
FNDA:0,i.onload
FNDA:1,remInit
FNDA:1,setRem
FNDA:0,globalThis.onresize
FNDA:3,getCookie
FNDA:5,setCookie
FNDA:2,delCookie
FNDA:2,getInfo
FNDA:1,getRandomColor
FNDA:3,getStorage
FNDA:3,setStorage
FNDA:17,sleep
FNDA:1,safe2
FNDA:23,safeData
FNDA:3,setUrlParams
FNDA:4,getUrlParam
FNDA:7,getUrlParamObj
FNDA:12,replaceUrlParam
FNDA:1,getUuid
FNDA:5,S4
FNDA:3,randomInt
FNDA:1,setEnv
FNDA:4,getEnv
FNDA:0,setObj
FNDA:0,getObj
FNDA:0,setLog
DA:1,7
DA:2,7
DA:3,7
DA:4,7
DA:5,7
DA:6,7
DA:7,7
DA:8,7
DA:9,7
DA:10,7
DA:11,7
DA:12,7
DA:13,175
DA:14,175
DA:15,7
DA:16,7
DA:17,7
DA:18,7
DA:19,7
DA:20,7
DA:21,7
DA:22,175
DA:23,175
DA:24,175
DA:25,43
DA:26,43
DA:27,175
DA:28,175
DA:29,175
DA:30,175
DA:31,175
DA:32,175
DA:33,7
DA:34,7
DA:35,7
DA:36,7
DA:37,7
DA:38,7
DA:39,7
DA:40,7
DA:41,7
DA:42,7
DA:43,7
DA:44,7
DA:45,7
DA:46,7
DA:47,7
DA:48,7
DA:49,7
DA:50,7
DA:51,7
DA:52,1
DA:53,7
DA:54,7
DA:55,7
DA:56,7
DA:57,7
DA:58,7
DA:59,7
DA:60,7
DA:61,7
DA:62,7
DA:63,7
DA:64,7
DA:65,7
DA:66,7
DA:67,7
DA:68,7
DA:69,7
DA:70,7
DA:71,7
DA:72,7
DA:73,7
DA:74,7
DA:75,7
DA:76,0
DA:77,7
DA:78,7
DA:79,0
DA:80,7
DA:81,1
DA:82,1
DA:83,1
DA:84,1
DA:85,1
DA:86,1
DA:87,1
DA:88,1
DA:89,1
DA:90,1
DA:91,1
DA:92,1
DA:93,1
DA:94,1
DA:95,1
DA:96,1
DA:97,1
DA:98,1
DA:99,1
DA:100,1
DA:101,1
DA:102,1
DA:103,1
DA:104,1
DA:105,1
DA:106,1
DA:107,1
DA:108,1
DA:109,1
DA:110,1
DA:111,1
DA:112,1
DA:113,1
DA:114,1
DA:115,1
DA:116,1
DA:117,1
DA:118,7
DA:119,1
DA:120,1
DA:121,1
DA:122,1
DA:123,1
DA:124,0
DA:125,0
DA:126,0
DA:127,0
DA:128,0
DA:129,0
DA:130,0
DA:131,0
DA:132,0
DA:133,0
DA:134,0
DA:135,0
DA:136,0
DA:137,0
DA:138,0
DA:139,0
DA:140,7
DA:141,7
DA:142,7
DA:143,1
DA:144,1
DA:145,1
DA:146,1
DA:147,1
DA:148,1
DA:149,1
DA:150,1
DA:151,1
DA:152,1
DA:153,1
DA:154,1
DA:155,1
DA:156,7
DA:157,7
DA:158,3
DA:159,3
DA:160,3
DA:161,3
DA:162,3
DA:163,3
DA:164,3
DA:165,0
DA:166,0
DA:167,7
DA:168,5
DA:169,5
DA:170,5
DA:171,5
DA:172,5
DA:173,5
DA:174,5
DA:175,5
DA:176,5
DA:177,5
DA:178,5
DA:179,5
DA:180,5
DA:181,5
DA:182,5
DA:183,5
DA:184,5
DA:185,5
DA:186,5
DA:187,5
DA:188,7
DA:189,2
DA:190,2
DA:191,2
DA:192,2
DA:193,7
DA:194,7
DA:195,2
DA:196,2
DA:197,2
DA:198,2
DA:199,2
DA:200,2
DA:201,2
DA:202,2
DA:203,2
DA:204,2
DA:205,2
DA:206,2
DA:207,2
DA:208,2
DA:209,2
DA:210,2
DA:211,2
DA:212,2
DA:213,2
DA:214,2
DA:215,2
DA:216,2
DA:217,2
DA:218,0
DA:219,2
DA:220,2
DA:221,2
DA:222,2
DA:223,2
DA:224,2
DA:225,2
DA:226,0
DA:227,0
DA:228,2
DA:229,2
DA:230,2
DA:231,2
DA:232,7
DA:233,1
DA:234,1
DA:235,1
DA:236,7
DA:237,3
DA:238,3
DA:239,3
DA:240,3
DA:241,3
DA:242,3
DA:243,3
DA:244,7
DA:245,7
DA:246,7
DA:247,3
DA:248,3
DA:249,3
DA:250,3
DA:251,3
DA:252,3
DA:253,1
DA:254,3
DA:255,3
DA:256,3
DA:257,7
DA:258,17
DA:259,17
DA:260,17
DA:261,17
DA:262,17
DA:263,7
DA:264,7
DA:265,1
DA:266,1
DA:267,0
DA:268,1
DA:269,0
DA:270,0
DA:271,1
DA:272,1
DA:273,1
DA:274,1
DA:275,1
DA:276,1
DA:277,1
DA:278,1
DA:279,1
DA:280,1
DA:281,3
DA:282,3
DA:283,0
DA:284,0
DA:285,0
DA:286,3
DA:287,3
DA:288,1
DA:289,0
DA:290,0
DA:291,0
DA:292,0
DA:293,1
DA:294,1
DA:295,1
DA:296,0
DA:297,1
DA:298,7
DA:299,23
DA:300,23
DA:301,23
DA:302,23
DA:303,0
DA:304,23
DA:305,0
DA:306,0
DA:307,23
DA:308,23
DA:309,23
DA:310,23
DA:311,23
DA:312,23
DA:313,1
DA:314,23
DA:315,8
DA:316,8
DA:317,14
DA:318,14
DA:319,14
DA:320,14
DA:321,14
DA:322,14
DA:323,3
DA:324,1
DA:325,3
DA:326,23
DA:327,19
DA:328,23
DA:329,2
DA:330,23
DA:331,23
DA:332,4
DA:333,4
DA:334,4
DA:335,23
DA:336,15
DA:337,7
DA:338,7
DA:339,3
DA:340,3
DA:341,3
DA:342,3
DA:343,3
DA:344,1
DA:345,3
DA:346,3
DA:347,3
DA:348,2
DA:349,7
DA:350,4
DA:351,4
DA:352,4
DA:353,4
DA:354,1
DA:355,4
DA:356,7
DA:357,7
DA:358,7
DA:359,7
DA:360,7
DA:361,7
DA:362,7
DA:363,7
DA:364,9
DA:365,9
DA:366,9
DA:367,9
DA:368,9
DA:369,7
DA:370,7
DA:371,7
DA:372,0
DA:373,7
DA:374,12
DA:375,12
DA:376,12
DA:377,12
DA:378,12
DA:379,12
DA:380,12
DA:381,12
DA:382,12
DA:383,12
DA:384,4
DA:385,4
DA:386,4
DA:387,4
DA:388,2
DA:389,2
DA:390,2
DA:391,2
DA:392,2
DA:393,4
DA:394,4
DA:395,12
DA:396,5
DA:397,8
DA:398,3
DA:399,3
DA:400,2
DA:401,2
DA:402,2
DA:403,0
DA:404,0
DA:405,0
DA:406,0
DA:407,0
DA:408,0
DA:409,0
DA:410,0
DA:411,0
DA:412,2
DA:413,2
DA:414,2
DA:415,2
DA:416,3
DA:417,1
DA:418,1
DA:419,1
DA:420,1
DA:421,1
DA:422,1
DA:423,1
DA:424,7
DA:425,1
DA:426,5
DA:427,5
DA:428,5
DA:429,1
DA:430,1
DA:431,1
DA:432,1
DA:433,7
DA:434,7
DA:435,7
DA:436,3
DA:437,3
DA:438,3
DA:439,3
DA:440,3
DA:441,3
DA:442,3
DA:443,3
DA:444,7
DA:445,7
DA:446,7
DA:447,7
DA:448,7
DA:449,7
DA:450,0
DA:451,0
DA:452,0
DA:453,7
DA:454,0
DA:455,0
DA:456,0
DA:457,0
DA:458,0
DA:459,0
DA:460,0
DA:461,0
DA:462,0
DA:463,7
DA:464,7
DA:465,0
DA:466,0
DA:467,0
DA:468,0
DA:469,0
DA:470,0
DA:471,0
DA:472,0
DA:473,0
DA:474,0
DA:475,0
DA:476,0
DA:477,0
DA:478,0
DA:479,0
DA:480,0
DA:481,0
DA:482,0
DA:483,0
DA:484,0
DA:485,0
DA:486,0
DA:487,0
DA:488,0
DA:489,0
DA:490,0
DA:491,0
DA:492,0
DA:493,0
DA:494,0
DA:495,0
DA:496,0
DA:497,0
DA:498,0
DA:499,1
DA:500,1
DA:501,1
DA:502,1
DA:503,1
DA:504,1
DA:505,1
DA:506,1
DA:507,1
DA:508,1
DA:509,1
DA:510,1
DA:511,1
DA:512,1
DA:513,1
DA:514,1
DA:515,1
DA:516,1
DA:517,1
DA:518,1
DA:519,1
DA:520,1
DA:521,1
DA:522,1
DA:523,1
DA:524,1
DA:525,1
DA:526,1
DA:527,1
DA:528,1
DA:529,1
DA:530,1
DA:531,1
DA:532,1
DA:533,1
DA:534,1
DA:535,1
DA:536,1
DA:537,1
DA:538,1
DA:539,1
DA:540,1
DA:541,1
DA:542,1
DA:543,1
DA:544,1
DA:545,1
DA:546,1
DA:547,1
DA:548,1
DA:549,1
DA:550,1
DA:551,1
DA:552,1
DA:553,1
DA:554,1
DA:555,1
DA:556,1
DA:557,1
DA:558,1
DA:559,1
DA:560,1
DA:561,1
DA:562,1
DA:563,1
DA:564,1
DA:565,1
DA:566,1
DA:567,1
DA:568,1
DA:569,1
DA:570,1
DA:571,1
DA:572,1
DA:573,1
DA:574,1
DA:575,1
DA:576,1
DA:577,1
DA:578,1
DA:579,1
DA:580,1
DA:581,1
DA:582,1
DA:583,1
DA:584,1
DA:585,1
DA:586,1
DA:587,1
DA:588,1
DA:589,1
DA:590,1
DA:591,1
DA:592,1
DA:593,1
DA:594,1
DA:595,1
DA:596,1
DA:597,1
DA:598,1
DA:599,1
DA:600,1
DA:601,1
DA:602,1
DA:603,1
DA:604,1
DA:605,1
DA:606,1
DA:607,1
DA:608,1
DA:609,1
DA:610,1
DA:611,1
DA:612,1
DA:613,1
DA:614,1
DA:615,1
DA:616,1
DA:617,1
DA:618,1
DA:619,1
DA:620,1
DA:621,1
DA:622,1
DA:623,1
DA:624,1
DA:625,1
DA:626,1
DA:627,1
DA:628,1
DA:629,1
DA:630,1
DA:631,1
DA:632,1
DA:633,1
DA:634,1
DA:635,1
DA:636,1
DA:637,1
DA:638,1
DA:639,1
DA:640,1
DA:641,1
DA:642,1
DA:643,1
DA:644,1
DA:645,1
DA:646,1
DA:647,1
DA:648,1
DA:649,1
DA:650,1
DA:651,1
DA:652,1
DA:653,1
DA:654,1
DA:655,1
DA:656,1
DA:657,1
DA:658,1
DA:659,1
DA:660,1
DA:661,1
DA:662,1
DA:663,1
LF:663
LH:570
BRDA:1,0,0,7
BRDA:1,1,0,7
BRDA:11,2,0,7
BRDA:12,3,0,175
BRDA:15,4,0,7
BRDA:17,5,0,0
BRDA:21,6,0,175
BRDA:24,7,0,43
BRDA:34,8,0,7
BRDA:44,9,0,1
BRDA:44,10,0,1
BRDA:45,11,0,4
BRDA:46,12,0,1
BRDA:48,13,0,1
BRDA:49,14,0,1
BRDA:49,15,0,1
BRDA:51,16,0,1
BRDA:51,17,0,1
BRDA:53,18,0,1
BRDA:55,19,0,1
BRDA:55,20,0,1
BRDA:57,21,0,1
BRDA:58,22,0,1
BRDA:59,23,0,4
BRDA:61,24,0,1
BRDA:62,25,0,1
BRDA:65,26,0,1
BRDA:65,27,0,1
BRDA:67,28,0,1
BRDA:67,29,0,17
BRDA:80,30,0,1
BRDA:118,31,0,1
BRDA:123,32,0,0
BRDA:142,33,0,1
BRDA:143,34,0,1
BRDA:157,35,0,3
BRDA:164,36,0,0
BRDA:167,37,0,5
BRDA:188,38,0,2
BRDA:194,39,0,2
BRDA:217,40,0,0
BRDA:225,41,0,0
BRDA:229,42,0,0
BRDA:230,43,0,0
BRDA:232,44,0,1
BRDA:236,45,0,3
BRDA:243,46,0,0
BRDA:244,47,0,2
BRDA:246,48,0,3
BRDA:252,49,0,1
BRDA:257,50,0,17
BRDA:262,51,0,17
BRDA:264,52,0,1
BRDA:266,53,0,0
BRDA:268,54,0,0
BRDA:268,55,0,0
BRDA:280,56,0,3
BRDA:282,57,0,0
BRDA:288,58,0,0
BRDA:288,59,0,0
BRDA:295,60,0,0
BRDA:298,61,0,0
BRDA:299,62,0,23
BRDA:302,63,0,0
BRDA:304,64,0,0
BRDA:312,65,0,1
BRDA:314,66,0,22
BRDA:314,67,0,8
BRDA:316,68,0,14
BRDA:322,69,0,3
BRDA:323,70,0,1
BRDA:326,71,0,11
BRDA:326,72,0,0
BRDA:326,73,0,5
BRDA:326,74,0,19
BRDA:328,75,0,2
BRDA:330,76,0,19
BRDA:331,77,0,4
BRDA:335,78,0,15
BRDA:337,79,0,6
BRDA:338,80,0,3
BRDA:341,81,0,1
BRDA:343,82,0,1
BRDA:345,83,0,2
BRDA:345,84,0,3
BRDA:348,85,0,1
BRDA:349,86,0,4
BRDA:350,87,0,1
BRDA:353,88,0,1
BRDA:355,89,0,3
BRDA:358,90,0,7
BRDA:359,91,0,1
BRDA:371,92,0,0
BRDA:363,93,0,9
BRDA:368,94,0,7
BRDA:373,95,0,12
BRDA:374,96,0,0
BRDA:382,97,0,11
BRDA:383,98,0,4
BRDA:395,99,0,8
BRDA:395,100,0,5
BRDA:397,101,0,3
BRDA:399,102,0,2
BRDA:402,103,0,0
BRDA:416,104,0,1
BRDA:419,105,0,0
BRDA:385,106,0,4
BRDA:386,107,0,2
BRDA:387,108,0,2
BRDA:391,109,0,0
BRDA:424,110,0,1
BRDA:425,111,0,5
BRDA:435,112,0,3
BRDA:445,113,0,1
BRDA:447,114,0,4
BRF:115
BRH:91
end_of_record
TN:
SF:src/file.ts
FN:1,Object.<anonymous>
FN:13,__export
FN:18,__copyProps
FN:23,get
FN:32,__toCommonJS
FN:37,blobToBase64
FN:37,blobToFile
FN:38,blobUrlToFile
FN:39,dataURLtoBlob
FN:39,dlFile
FN:40,getDuration
FN:41,loadFile
FN:45,blobToBase64
FN:51,fileReader.onload
FN:58,fileReader.onerror
FN:62,blobUrlToFile
FN:68,xhr.onload
FN:74,xhr.onerror
FN:79,dataURLtoBlob
FN:98,blobToFile
FN:104,dlFile
FN:126,getDuration
FN:148,loadFile
FN:192,nodeTag.onreadystatechange
FN:198,nodeTag.onload
FNF:25
FNH:19
FNDA:1,Object.<anonymous>
FNDA:1,__export
FNDA:1,__copyProps
FNDA:7,get
FNDA:1,__toCommonJS
FNDA:1,blobToBase64
FNDA:1,blobToFile
FNDA:1,blobUrlToFile
FNDA:1,dataURLtoBlob
FNDA:1,dlFile
FNDA:1,getDuration
FNDA:1,loadFile
FNDA:1,blobToBase64
FNDA:0,fileReader.onload
FNDA:0,fileReader.onerror
FNDA:1,blobUrlToFile
FNDA:0,xhr.onload
FNDA:0,xhr.onerror
FNDA:2,dataURLtoBlob
FNDA:1,blobToFile
FNDA:2,dlFile
FNDA:2,getDuration
FNDA:1,loadFile
FNDA:0,nodeTag.onreadystatechange
FNDA:0,nodeTag.onload
DA:1,1
DA:2,1
DA:3,1
DA:4,1
DA:5,1
DA:6,1
DA:7,1
DA:8,1
DA:9,1
DA:10,1
DA:11,1
DA:12,1
DA:13,1
DA:14,1
DA:15,1
DA:16,7
DA:17,7
DA:18,1
DA:19,1
DA:20,1
DA:21,1
DA:22,1
DA:23,7
DA:24,7
DA:25,7
DA:26,7
DA:27,1
DA:28,1
DA:29,1
DA:30,1
DA:31,1
DA:32,1
DA:33,1
DA:34,1
DA:35,1
DA:36,1
DA:37,1
DA:38,1
DA:39,1
DA:40,1
DA:41,1
DA:42,1
DA:43,1
DA:44,1
DA:45,1
DA:46,1
DA:47,1
DA:48,1
DA:49,1
DA:50,1
DA:51,1
DA:52,0
DA:53,0
DA:54,0
DA:55,0
DA:56,0
DA:57,1
DA:58,1
DA:59,0
DA:60,0
DA:61,1
DA:62,1
DA:63,1
DA:64,1
DA:65,1
DA:66,1
DA:67,1
DA:68,1
DA:69,0
DA:70,0
DA:71,0
DA:72,1
DA:73,1
DA:74,0
DA:75,0
DA:76,1
DA:77,1
DA:78,1
DA:79,1
DA:80,2
DA:81,2
DA:82,2
DA:83,1
DA:84,1
DA:85,1
DA:86,1
DA:87,1
DA:88,2
DA:89,1
DA:90,1
DA:91,1
DA:92,1
DA:93,2
DA:94,9
DA:95,9
DA:96,9
DA:97,2
DA:98,1
DA:99,1
DA:100,1
DA:101,1
DA:102,1
DA:103,1
DA:104,1
DA:105,2
DA:106,2
DA:107,2
DA:108,2
DA:109,2
DA:110,2
DA:111,2
DA:112,1
DA:113,1
DA:114,1
DA:115,1
DA:116,1
DA:117,2
DA:118,2
DA:119,2
DA:120,0
DA:121,2
DA:122,2
DA:123,2
DA:124,2
DA:125,2
DA:126,1
DA:127,2
DA:128,2
DA:129,2
DA:130,2
DA:131,2
DA:132,1
DA:133,1
DA:134,2
DA:135,2
DA:136,2
DA:137,2
DA:138,2
DA:139,0
DA:140,0
DA:141,0
DA:142,0
DA:143,0
DA:144,0
DA:145,2
DA:146,0
DA:147,1
DA:148,1
DA:149,1
DA:150,1
DA:151,1
DA:152,1
DA:153,1
DA:154,1
DA:155,1
DA:156,1
DA:157,1
DA:158,1
DA:159,1
DA:160,1
DA:161,1
DA:162,1
DA:163,0
DA:164,0
DA:165,0
DA:166,0
DA:167,0
DA:168,0
DA:169,0
DA:170,0
DA:171,1
DA:172,0
DA:173,0
DA:174,0
DA:175,1
DA:176,1
DA:177,1
DA:178,1
DA:179,1
DA:180,0
DA:181,0
DA:182,0
DA:183,0
DA:184,1
DA:185,1
DA:186,1
DA:187,1
DA:188,1
DA:189,1
DA:190,1
DA:191,0
DA:192,0
DA:193,0
DA:194,0
DA:195,0
DA:196,0
DA:197,1
DA:198,1
DA:199,0
DA:200,0
DA:201,1
DA:202,1
DA:203,1
DA:204,1
DA:205,1
DA:206,1
DA:207,1
DA:208,1
DA:209,1
DA:210,1
DA:211,1
DA:212,1
DA:213,1
DA:214,1
DA:215,1
DA:216,1
DA:217,1
DA:218,1
DA:219,1
DA:220,1
DA:221,1
DA:222,1
DA:223,1
DA:224,1
DA:225,1
DA:226,1
DA:227,1
DA:228,1
DA:229,1
DA:230,1
DA:231,1
LF:231
LH:188
BRDA:1,0,0,1
BRDA:1,1,0,1
BRDA:13,2,0,1
BRDA:15,3,0,7
BRDA:18,4,0,1
BRDA:19,5,0,0
BRDA:22,6,0,7
BRDA:23,7,0,7
BRDA:32,8,0,1
BRDA:37,9,0,1
BRDA:37,10,0,1
BRDA:38,11,0,1
BRDA:39,12,0,1
BRDA:39,13,0,1
BRDA:40,14,0,1
BRDA:41,15,0,1
BRDA:45,16,0,1
BRDA:62,17,0,1
BRDA:63,18,0,1
BRDA:79,19,0,2
BRDA:82,20,0,1
BRDA:88,21,0,0
BRDA:88,22,0,1
BRDA:93,23,0,9
BRDA:97,24,0,1
BRDA:98,25,0,1
BRDA:104,26,0,2
BRDA:111,27,0,1
BRDA:112,28,0,0
BRDA:114,29,0,0
BRDA:126,30,0,2
BRDA:131,31,0,1
BRDA:134,32,0,2
BRDA:148,33,0,1
BRDA:162,34,0,0
BRDA:171,35,0,0
BRDA:179,36,0,0
BRDA:190,37,0,1
BRDA:190,38,0,0
BRF:39
BRH:31
end_of_record
TN:
SF:src/index.ts
FN:1,Object.<anonymous>
FN:10,__export
FN:19,__copyProps
FN:36,get
FN:45,__toCommonJS
FN:55,blobToBase64
FN:58,blobToFile
FNF:7
FNH:7
FNDA:1,Object.<anonymous>
FNDA:1,__export
FNDA:1,__copyProps
FNDA:9,get
FNDA:1,__toCommonJS
FNDA:1,blobToBase64
FNDA:1,blobToFile
DA:1,1
DA:2,1
DA:3,1
DA:4,1
DA:5,1
DA:6,1
DA:7,1
DA:8,1
DA:9,1
DA:10,1
DA:11,1
DA:12,1
DA:13,1
DA:14,51
DA:15,51
DA:16,51
DA:17,1
DA:18,1
DA:19,1
DA:20,1
DA:21,1
DA:22,1
DA:23,1
DA:24,0
DA:25,1
DA:26,1
DA:27,1
DA:28,1
DA:29,1
DA:30,1
DA:31,51
DA:32,51
DA:33,51
DA:34,51
DA:35,51
DA:36,51
DA:37,51
DA:38,51
DA:39,51
DA:40,51
DA:41,51
DA:42,1
DA:43,1
DA:44,1
DA:45,1
DA:46,1
DA:47,1
DA:48,1
DA:49,1
DA:50,1
DA:51,1
DA:52,1
DA:53,1
DA:54,1
DA:55,1
DA:56,1
DA:57,1
DA:58,1
LF:58
LH:57
BRDA:1,0,0,1
BRDA:1,1,0,1
BRDA:10,2,0,1
BRDA:13,3,0,51
BRDA:19,4,0,1
BRDA:23,5,0,0
BRDA:30,6,0,51
BRDA:36,7,0,9
BRDA:45,8,0,1
BRDA:55,9,0,1
BRDA:58,10,0,1
BRF:11
BRH:10
end_of_record
TN:
SF:src/is.ts
FN:1,Object.<anonymous>
FN:12,__export
FN:18,__copyProps
FN:29,get
FN:34,__toCommonJS
FN:44,isFile
FN:44,isIdCard
FN:45,isJson
FN:49,isPrime
FN:52,isPrime
FN:55,isJson
FN:63,isBlob
FN:72,isIdCard
FNF:13
FNH:11
FNDA:8,Object.<anonymous>
FNDA:8,__export
FNDA:8,__copyProps
FNDA:10,get
FNDA:8,__toCommonJS
FNDA:1,isFile
FNDA:1,isIdCard
FNDA:4,isJson
FNDA:0,isPrime
FNDA:0,isPrime
FNDA:5,isJson
FNDA:5,isBlob
FNDA:3,isIdCard
DA:1,8
DA:2,8
DA:3,8
DA:4,8
DA:5,8
DA:6,8
DA:7,8
DA:8,8
DA:9,8
DA:10,8
DA:11,8
DA:12,8
DA:13,8
DA:14,40
DA:15,40
DA:16,8
DA:17,8
DA:18,8
DA:19,8
DA:20,8
DA:21,0
DA:22,8
DA:23,8
DA:24,8
DA:25,40
DA:26,40
DA:27,40
DA:28,40
DA:29,40
DA:30,40
DA:31,40
DA:32,40
DA:33,40
DA:34,8
DA:35,8
DA:36,8
DA:37,8
DA:38,8
DA:39,8
DA:40,8
DA:41,8
DA:42,8
DA:43,8
DA:44,8
DA:45,8
DA:46,8
DA:47,8
DA:48,8
DA:49,8
DA:50,8
DA:51,8
DA:52,8
DA:53,0
DA:54,8
DA:55,8
DA:56,5
DA:57,5
DA:58,5
DA:59,5
DA:60,3
DA:61,3
DA:62,8
DA:63,8
DA:64,5
DA:65,5
DA:66,8
DA:67,8
DA:68,8
DA:69,8
DA:70,8
DA:71,8
DA:72,8
DA:73,3
DA:74,3
DA:75,3
DA:76,3
DA:77,3
DA:78,3
DA:79,3
DA:80,3
DA:81,3
DA:82,3
DA:83,3
DA:84,3
DA:85,3
DA:86,3
DA:87,3
DA:88,3
DA:89,3
DA:90,3
DA:91,3
DA:92,3
DA:93,3
DA:94,3
DA:95,3
DA:96,3
DA:97,3
DA:98,3
DA:99,3
DA:100,3
DA:101,3
DA:102,3
DA:103,3
DA:104,3
DA:105,3
DA:106,3
DA:107,3
DA:108,3
DA:109,3
DA:110,3
DA:111,3
DA:112,3
DA:113,3
DA:114,3
DA:115,3
DA:116,3
DA:117,3
DA:118,3
DA:119,3
DA:120,3
DA:121,3
DA:122,3
DA:123,2
DA:124,2
DA:125,2
DA:126,3
DA:127,1
DA:128,1
DA:129,1
DA:130,1
DA:131,1
LF:131
LH:129
BRDA:1,0,0,8
BRDA:1,1,0,8
BRDA:12,2,0,8
BRDA:13,3,0,40
BRDA:18,4,0,8
BRDA:21,5,0,0
BRDA:24,6,0,40
BRDA:29,7,0,10
BRDA:34,8,0,8
BRDA:44,9,0,1
BRDA:44,10,0,1
BRDA:45,11,0,4
BRDA:55,12,0,5
BRDA:58,13,0,2
BRDA:59,14,0,3
BRDA:63,15,0,5
BRDA:72,16,0,3
BRDA:122,17,0,2
BRDA:126,18,0,1
BRF:19
BRH:18
end_of_record
TN:
SF:src/transform.ts
FN:1,Object.<anonymous>
FN:12,__export
FN:16,__copyProps
FN:25,get
FN:33,__toCommonJS
FN:37,decodeHtml
FN:40,encodeHtml
FN:41,formatNumber
FN:42,formatSize
FN:45,friendlyTime
FN:46,hideInfo
FN:47,px2vw
FN:52,secondToTime
FN:54,string10to62
FN:55,string62to10
FN:55,toFixed
FN:56,toHump
FN:57,toLine
FN:63,encodeHtml
FN:75,decodeHtml
FN:86,rmbPrice
FN:101,formatTime
FN:159,friendlyTime
FN:199,px2vw
FN:276,formatSize
FN:292,formatNumber
FN:303,toList
FN:312,hideInfo
FN:329,string10to62
FN:343,string62to10
FN:353,toFixed
FN:365,toLine
FN:369,toHump
FNF:33
FNH:32
FNDA:2,Object.<anonymous>
FNDA:2,__export
FNDA:2,__copyProps
FNDA:15,get
FNDA:2,__toCommonJS
FNDA:1,decodeHtml
FNDA:1,encodeHtml
FNDA:1,formatNumber
FNDA:1,formatSize
FNDA:1,friendlyTime
FNDA:1,hideInfo
FNDA:1,px2vw
FNDA:1,secondToTime
FNDA:1,string10to62
FNDA:1,string62to10
FNDA:1,toFixed
FNDA:1,toHump
FNDA:1,toLine
FNDA:2,encodeHtml
FNDA:1,decodeHtml
FNDA:3,rmbPrice
FNDA:11,formatTime
FNDA:12,friendlyTime
FNDA:4,px2vw
FNDA:7,formatSize
FNDA:6,formatNumber
FNDA:0,toList
FNDA:5,hideInfo
FNDA:1,string10to62
FNDA:1,string62to10
FNDA:29,toFixed
FNDA:2,toLine
FNDA:2,toHump
DA:1,2
DA:2,2
DA:3,2
DA:4,2
DA:5,2
DA:6,2
DA:7,2
DA:8,2
DA:9,2
DA:10,2
DA:11,2
DA:12,2
DA:13,2
DA:14,32
DA:15,2
DA:16,2
DA:17,2
DA:18,2
DA:19,2
DA:20,0
DA:21,2
DA:22,2
DA:23,2
DA:24,2
DA:25,2
DA:26,2
DA:27,2
DA:28,2
DA:29,2
DA:30,2
DA:31,2
DA:32,2
DA:33,2
DA:34,2
DA:35,2
DA:36,2
DA:37,2
DA:38,2
DA:39,2
DA:40,2
DA:41,2
DA:42,2
DA:43,2
DA:44,2
DA:45,2
DA:46,2
DA:47,2
DA:48,2
DA:49,2
DA:50,2
DA:51,2
DA:52,2
DA:53,2
DA:54,2
DA:55,2
DA:56,2
DA:57,2
DA:58,2
DA:59,2
DA:60,2
DA:61,2
DA:62,2
DA:63,2
DA:64,2
DA:65,2
DA:66,1
DA:67,1
DA:68,1
DA:69,1
DA:70,1
DA:71,1
DA:72,1
DA:73,1
DA:74,2
DA:75,2
DA:76,1
DA:77,1
DA:78,0
DA:79,0
DA:80,1
DA:81,1
DA:82,1
DA:83,1
DA:84,1
DA:85,2
DA:86,2
DA:87,3
DA:88,3
DA:89,3
DA:90,3
DA:91,2
DA:92,2
DA:93,3
DA:94,1
DA:95,2
DA:96,2
DA:97,2
DA:98,3
DA:99,3
DA:100,2
DA:101,2
DA:102,11
DA:103,11
DA:104,11
DA:105,11
DA:106,11
DA:107,11
DA:108,11
DA:109,6
DA:110,6
DA:111,10
DA:112,10
DA:113,10
DA:114,10
DA:115,10
DA:116,11
DA:117,11
DA:118,11
DA:119,11
DA:120,11
DA:121,11
DA:122,11
DA:123,11
DA:124,11
DA:125,11
DA:126,11
DA:127,11
DA:128,11
DA:129,11
DA:130,11
DA:131,11
DA:132,11
DA:133,11
DA:134,10
DA:135,10
DA:136,10
DA:137,10
DA:138,10
DA:139,2
DA:140,2
DA:141,2
DA:142,2
DA:143,2
DA:144,2
DA:145,2
DA:146,11
DA:147,11
DA:148,80
DA:149,80
DA:150,19
DA:151,19
DA:152,19
DA:153,19
DA:154,19
DA:155,19
DA:156,1
DA:157,19
DA:158,2
DA:159,2
DA:160,12
DA:161,12
DA:162,12
DA:163,12
DA:164,12
DA:165,11
DA:166,12
DA:167,12
DA:168,11
DA:169,11
DA:170,11
DA:171,1
DA:172,11
DA:173,11
DA:174,11
DA:175,11
DA:176,11
DA:177,11
DA:178,11
DA:179,12
DA:180,12
DA:181,0
DA:182,12
DA:183,12
DA:184,12
DA:185,12
DA:186,6
DA:187,4
DA:188,6
DA:189,6
DA:190,2
DA:191,2
DA:192,6
DA:193,1
DA:194,12
DA:195,12
DA:196,12
DA:197,12
DA:198,1
DA:199,2
DA:200,4
DA:201,4
DA:202,2
DA:203,2
DA:204,2
DA:205,2
DA:206,2
DA:207,2
DA:208,2
DA:209,2
DA:210,2
DA:211,2
DA:212,2
DA:213,2
DA:214,2
DA:215,2
DA:216,2
DA:217,2
DA:218,2
DA:219,2
DA:220,2
DA:221,2
DA:222,2
DA:223,2
DA:224,2
DA:225,2
DA:226,2
DA:227,2
DA:228,2
DA:229,2
DA:230,2
DA:231,8
DA:232,2
DA:233,2
DA:234,2
DA:235,2
DA:236,44
DA:237,44
DA:238,44
DA:239,44
DA:240,9
DA:241,9
DA:242,9
DA:243,9
DA:244,9
DA:245,9
DA:246,7
DA:247,7
DA:248,9
DA:249,9
DA:250,9
DA:251,9
DA:252,9
DA:253,44
DA:254,35
DA:255,35
DA:256,35
DA:257,35
DA:258,35
DA:259,35
DA:260,35
DA:261,44
DA:262,23
DA:263,44
DA:264,35
DA:265,2
DA:266,2
DA:267,2
DA:268,2
DA:269,2
DA:270,44
DA:271,44
DA:272,44
DA:273,27
DA:274,27
DA:275,27
DA:276,2
DA:277,7
DA:278,7
DA:279,7
DA:280,7
DA:281,7
DA:282,7
DA:283,7
DA:284,7
DA:285,7
DA:286,17
DA:287,17
DA:288,17
DA:289,17
DA:290,7
DA:291,2
DA:292,2
DA:293,6
DA:294,6
DA:295,1
DA:296,1
DA:297,6
DA:298,5
DA:299,3
DA:300,3
DA:301,5
DA:302,2
DA:303,2
DA:304,0
DA:305,0
DA:306,0
DA:307,0
DA:308,0
DA:309,0
DA:310,0
DA:311,0
DA:312,2
DA:313,5
DA:314,5
DA:315,5
DA:316,5
DA:317,5
DA:318,5
DA:319,5
DA:320,5
DA:321,3
DA:322,3
DA:323,3
DA:324,3
DA:325,3
DA:326,3
DA:327,5
DA:328,2
DA:329,2
DA:330,1
DA:331,1
DA:332,1
DA:333,1
DA:334,1
DA:335,2
DA:336,2
DA:337,2
DA:338,2
DA:339,2
DA:340,2
DA:341,1
DA:342,1
DA:343,2
DA:344,1
DA:345,1
DA:346,1
DA:347,1
DA:348,1
DA:349,1
DA:350,2
DA:351,2
DA:352,1
DA:353,2
DA:354,29
DA:355,29
DA:356,29
DA:357,29
DA:358,29
DA:359,27
DA:360,27
DA:361,27
DA:362,27
DA:363,27
DA:364,2
DA:365,2
DA:366,2
DA:367,2
DA:368,2
DA:369,2
DA:370,2
DA:371,2
DA:372,2
DA:373,2
DA:374,2
DA:375,2
DA:376,2
DA:377,2
DA:378,2
DA:379,2
DA:380,1
DA:381,1
DA:382,1
DA:383,1
DA:384,1
DA:385,1
DA:386,1
DA:387,1
DA:388,1
DA:389,1
DA:390,1
DA:391,1
DA:392,1
DA:393,1
DA:394,1
DA:395,1
DA:396,1
DA:397,1
DA:398,1
DA:399,1
DA:400,1
DA:401,1
DA:402,1
DA:403,1
DA:404,1
DA:405,1
DA:406,1
DA:407,1
DA:408,1
DA:409,1
DA:410,1
DA:411,1
DA:412,1
DA:413,1
DA:414,1
DA:415,1
DA:416,1
DA:417,1
DA:418,1
DA:419,1
DA:420,1
DA:421,1
DA:422,1
DA:423,1
DA:424,1
DA:425,1
DA:426,1
DA:427,1
DA:428,1
DA:429,1
DA:430,1
DA:431,1
DA:432,1
DA:433,1
DA:434,1
DA:435,1
DA:436,1
DA:437,1
DA:438,1
DA:439,1
DA:440,1
DA:441,1
DA:442,1
DA:443,1
DA:444,1
DA:445,1
DA:446,1
DA:447,1
DA:448,1
DA:449,1
DA:450,1
DA:451,1
DA:452,1
DA:453,1
DA:454,1
DA:455,1
DA:456,1
DA:457,1
DA:458,1
DA:459,1
DA:460,1
DA:461,1
DA:462,1
DA:463,1
DA:464,1
DA:465,1
DA:466,1
DA:467,1
DA:468,1
DA:469,1
DA:470,1
DA:471,1
DA:472,1
DA:473,1
DA:474,1
DA:475,1
DA:476,1
DA:477,1
DA:478,1
DA:479,1
DA:480,1
DA:481,1
DA:482,1
DA:483,1
DA:484,1
DA:485,1
DA:486,1
DA:487,1
DA:488,1
DA:489,1
DA:490,1
DA:491,1
DA:492,1
DA:493,1
DA:494,1
DA:495,1
DA:496,1
DA:497,1
LF:497
LH:485
BRDA:1,0,0,2
BRDA:1,1,0,2
BRDA:12,2,0,2
BRDA:13,3,0,32
BRDA:16,4,0,2
BRDA:20,5,0,0
BRDA:25,6,0,15
BRDA:33,7,0,2
BRDA:37,8,0,1
BRDA:40,9,0,1
BRDA:41,10,0,1
BRDA:42,11,0,1
BRDA:45,12,0,1
BRDA:46,13,0,1
BRDA:47,14,0,1
BRDA:52,15,0,1
BRDA:54,16,0,1
BRDA:55,17,0,1
BRDA:55,18,0,1
BRDA:56,19,0,1
BRDA:57,20,0,1
BRDA:63,21,0,2
BRDA:64,22,0,1
BRDA:65,23,0,1
BRDA:75,24,0,1
BRDA:77,25,0,0
BRDA:86,26,0,3
BRDA:90,27,0,2
BRDA:91,28,0,0
BRDA:92,29,0,0
BRDA:93,30,0,1
BRDA:95,31,0,2
BRDA:100,32,0,2
BRDA:101,33,0,11
BRDA:105,34,0,2
BRDA:106,35,0,1
BRDA:106,36,0,10
BRDA:107,37,0,0
BRDA:108,38,0,10
BRDA:108,39,0,6
BRDA:109,40,0,1
BRDA:111,41,0,10
BRDA:116,42,0,5
BRDA:116,43,0,5
BRDA:134,44,0,10
BRDA:139,45,0,2
BRDA:143,46,0,1
BRDA:146,47,0,10
BRDA:147,48,0,80
BRDA:149,49,0,19
BRDA:155,50,0,1
BRDA:157,51,0,18
BRDA:158,52,0,10
BRDA:159,53,0,12
BRDA:162,54,0,2
BRDA:163,55,0,1
BRDA:163,56,0,11
BRDA:164,57,0,0
BRDA:164,58,0,11
BRDA:166,59,0,0
BRDA:167,60,0,11
BRDA:170,61,0,1
BRDA:180,62,0,0
BRDA:182,63,0,11
BRDA:183,64,0,11
BRDA:184,65,0,1
BRDA:185,66,0,10
BRDA:185,67,0,6
BRDA:186,68,0,2
BRDA:186,69,0,4
BRDA:188,70,0,1
BRDA:188,71,0,3
BRDA:188,72,0,1
BRDA:189,73,0,2
BRDA:191,74,0,1
BRDA:192,75,0,1
BRDA:194,76,0,4
BRDA:195,77,0,1
BRDA:195,78,0,3
BRDA:195,79,0,1
BRDA:196,80,0,2
BRDA:196,81,0,1
BRDA:197,82,0,1
BRDA:199,83,0,4
BRDA:229,84,0,0
BRDA:230,85,0,8
BRDA:235,86,0,44
BRDA:239,87,0,9
BRDA:245,88,0,7
BRDA:253,89,0,35
BRDA:261,90,0,23
BRDA:263,91,0,35
BRDA:269,92,0,44
BRDA:270,93,0,21
BRDA:271,94,0,17
BRDA:272,95,0,27
BRDA:276,96,0,7
BRDA:281,97,0,0
BRDA:285,98,0,17
BRDA:289,99,0,7
BRDA:292,100,0,6
BRDA:294,101,0,1
BRDA:297,102,0,5
BRDA:298,103,0,3
BRDA:301,104,0,2
BRDA:312,105,0,5
BRDA:321,106,0,3
BRDA:322,107,0,6
BRDA:329,108,0,1
BRDA:334,109,0,2
BRDA:343,110,0,1
BRDA:349,111,0,2
BRDA:351,112,0,0
BRDA:353,113,0,29
BRDA:358,114,0,2
BRDA:358,115,0,27
BRDA:365,116,0,2
BRDA:369,117,0,2
BRF:118
BRH:107
end_of_record
TN:
SF:src/class/Counter.ts
FN:1,Object.<anonymous>
FN:9,__export
FN:16,__copyProps
FN:25,get
FN:33,__toCommonJS
FN:37,__accessCheck
FN:45,__privateGet
FN:54,__privateAdd
FN:63,__privateSet
FN:73,Counter
FN:75,default
FN:84,Counter
FNF:12
FNH:11
FNDA:1,Object.<anonymous>
FNDA:1,__export
FNDA:1,__copyProps
FNDA:1,get
FNDA:1,__toCommonJS
FNDA:9,__accessCheck
FNDA:7,__privateGet
FNDA:1,__privateAdd
FNDA:2,__privateSet
FNDA:0,Counter
FNDA:1,default
FNDA:1,Counter
DA:1,1
DA:2,1
DA:3,1
DA:4,1
DA:5,1
DA:6,1
DA:7,1
DA:8,1
DA:9,1
DA:10,1
DA:11,2
DA:12,2
DA:13,2
DA:14,2
DA:15,1
DA:16,1
DA:17,1
DA:18,1
DA:19,1
DA:20,1
DA:21,1
DA:22,1
DA:23,2
DA:24,2
DA:25,2
DA:26,2
DA:27,2
DA:28,2
DA:29,2
DA:30,2
DA:31,1
DA:32,1
DA:33,1
DA:34,1
DA:35,1
DA:36,1
DA:37,1
DA:38,9
DA:39,9
DA:40,9
DA:41,9
DA:42,9
DA:43,9
DA:44,1
DA:45,7
DA:46,7
DA:47,7
DA:48,7
DA:49,7
DA:50,7
DA:51,7
DA:52,0
DA:53,1
DA:54,1
DA:55,1
DA:56,1
DA:57,1
DA:58,1
DA:59,1
DA:60,1
DA:61,1
DA:62,1
DA:63,1
DA:64,2
DA:65,2
DA:66,2
DA:67,2
DA:68,2
DA:69,2
DA:70,1
DA:71,1
DA:72,1
DA:73,1
DA:74,1
DA:75,1
DA:76,1
DA:77,1
DA:78,1
DA:79,1
DA:80,1
DA:81,1
DA:82,1
DA:83,1
DA:84,1
DA:85,1
DA:86,1
DA:87,1
DA:88,1
DA:89,1
DA:90,1
LF:90
LH:89
BRDA:1,0,0,1
BRDA:1,1,0,1
BRDA:9,2,0,1
BRDA:10,3,0,2
BRDA:16,4,0,1
BRDA:19,5,0,0
BRDA:22,6,0,2
BRDA:25,7,0,1
BRDA:33,8,0,1
BRDA:37,9,0,9
BRDA:43,10,0,0
BRDA:45,11,0,7
BRDA:52,12,0,0
BRDA:54,13,0,1
BRDA:60,14,0,0
BRDA:63,15,0,2
BRDA:67,16,0,0
BRDA:75,17,0,1
BRDA:84,18,0,1
BRF:19
BRH:14
end_of_record
TN:
SF:src/class/Debounce.ts
FN:1,Object.<anonymous>
FN:9,__export
FN:15,__copyProps
FN:23,get
FNF:4
FNH:4
FNDA:1,Object.<anonymous>
FNDA:1,__export
FNDA:1,__copyProps
FNDA:1,get
DA:1,1
DA:2,1
DA:3,1
DA:4,1
DA:5,1
DA:6,1
DA:7,1
DA:8,1
DA:9,1
DA:10,1
DA:11,1
DA:12,1
DA:13,1
DA:14,1
DA:15,1
DA:16,1
DA:17,1
DA:18,0
DA:19,1
DA:20,2
DA:21,2
DA:22,2
DA:23,2
DA:24,2
DA:25,2
DA:26,2
DA:27,2
DA:28,1
LF:28
LH:27
BRDA:1,0,0,1
BRDA:1,1,0,1
BRDA:9,2,0,1
BRDA:13,3,0,2
BRDA:15,4,0,1
BRDA:17,5,0,0
BRDA:19,6,0,2
BRDA:23,7,0,1
BRF:8
BRH:7
end_of_record
TN:
SF:src/class/Loading.ts
FN:1,Object.<anonymous>
FN:7,__export
FN:16,__copyProps
FN:24,get
FN:27,__toCommonJS
FN:31,__accessCheck
FN:37,__privateGet
FN:42,__privateAdd
FN:51,__privateSet
FN:61,Loading
FN:61,default
FN:71,Loading
FNF:12
FNH:11
FNDA:1,Object.<anonymous>
FNDA:1,__export
FNDA:1,__copyProps
FNDA:1,get
FNDA:1,__toCommonJS
FNDA:19,__accessCheck
FNDA:12,__privateGet
FNDA:3,__privateAdd
FNDA:7,__privateSet
FNDA:0,Loading
FNDA:1,default
FNDA:1,Loading
DA:1,1
DA:2,1
DA:3,1
DA:4,1
DA:5,1
DA:6,1
DA:7,1
DA:8,1
DA:9,1
DA:10,1
DA:11,2
DA:12,2
DA:13,2
DA:14,1
DA:15,1
DA:16,1
DA:17,1
DA:18,1
DA:19,1
DA:20,0
DA:21,0
DA:22,1
DA:23,1
DA:24,2
DA:25,2
DA:26,1
DA:27,1
DA:28,1
DA:29,1
DA:30,1
DA:31,1
DA:32,19
DA:33,19
DA:34,0
DA:35,0
DA:36,1
DA:37,1
DA:38,12
DA:39,12
DA:40,12
DA:41,1
DA:42,1
DA:43,3
DA:44,3
DA:45,0
DA:46,3
DA:47,3
DA:48,3
DA:49,3
DA:50,1
DA:51,1
DA:52,7
DA:53,7
DA:54,7
DA:55,7
DA:56,7
DA:57,7
DA:58,7
DA:59,1
DA:60,1
DA:61,1
DA:62,1
DA:63,1
DA:64,1
DA:65,1
DA:66,1
DA:67,1
DA:68,1
DA:69,1
DA:70,1
DA:71,1
DA:72,1
DA:73,1
DA:74,1
DA:75,1
LF:75
LH:70
BRDA:1,0,0,1
BRDA:1,1,0,1
BRDA:7,2,0,1
BRDA:10,3,0,2
BRDA:16,4,0,1
BRDA:19,5,0,0
BRDA:23,6,0,2
BRDA:24,7,0,1
BRDA:27,8,0,1
BRDA:31,9,0,19
BRDA:33,10,0,0
BRDA:37,11,0,12
BRDA:40,12,0,0
BRDA:42,13,0,3
BRDA:44,14,0,0
BRDA:48,15,0,0
BRDA:51,16,0,7
BRDA:56,17,0,0
BRDA:61,18,0,1
BRDA:71,19,0,1
BRF:20
BRH:14
end_of_record
TN:
SF:src/class/Throttle.ts
FN:1,Object.<anonymous>
FN:10,__export
FN:15,__copyProps
FN:24,get
FN:28,__toCommonJS
FN:33,__accessCheck
FN:40,__privateGet
FNF:7
FNH:7
FNDA:1,Object.<anonymous>
FNDA:1,__export
FNDA:1,__copyProps
FNDA:1,get
FNDA:1,__toCommonJS
FNDA:8,__accessCheck
FNDA:5,__privateGet
DA:1,1
DA:2,1
DA:3,1
DA:4,1
DA:5,1
DA:6,1
DA:7,1
DA:8,1
DA:9,1
DA:10,1
DA:11,1
DA:12,1
DA:13,1
DA:14,2
DA:15,1
DA:16,1
DA:17,1
DA:18,0
DA:19,0
DA:20,1
DA:21,1
DA:22,2
DA:23,2
DA:24,2
DA:25,2
DA:26,2
DA:27,1
DA:28,1
DA:29,1
DA:30,1
DA:31,1
DA:32,1
DA:33,1
DA:34,8
DA:35,8
DA:36,0
DA:37,1
DA:38,1
DA:39,1
DA:40,1
LF:40
LH:37
BRDA:1,0,0,1
BRDA:1,1,0,1
BRDA:10,2,0,1
BRDA:13,3,0,2
BRDA:15,4,0,1
BRDA:17,5,0,0
BRDA:21,6,0,2
BRDA:24,7,0,1
BRDA:28,8,0,1
BRDA:33,9,0,8
BRDA:35,10,0,0
BRDA:40,11,0,5
BRF:12
BRH:10
end_of_record
TN:
SF:src/encrypt/base64.ts
FN:1,Object.<anonymous>
FN:12,__export
FN:15,__copyProps
FN:26,get
FN:35,__toCommonJS
FN:40,deBase64
FN:42,decode
FN:43,enBase64
FN:44,encode
FN:50,enBase64
FN:59,deBase64
FN:65,encode
FNF:12
FNH:9
FNDA:1,Object.<anonymous>
FNDA:1,__export
FNDA:1,__copyProps
FNDA:2,get
FNDA:1,__toCommonJS
FNDA:1,deBase64
FNDA:0,decode
FNDA:1,enBase64
FNDA:0,encode
FNDA:1,enBase64
FNDA:1,deBase64
FNDA:0,encode
DA:1,1
DA:2,1
DA:3,1
DA:4,1
DA:5,1
DA:6,1
DA:7,1
DA:8,1
DA:9,1
DA:10,1
DA:11,1
DA:12,1
DA:13,1
DA:14,4
DA:15,1
DA:16,1
DA:17,1
DA:18,0
DA:19,0
DA:20,0
DA:21,1
DA:22,1
DA:23,1
DA:24,4
DA:25,4
DA:26,4
DA:27,4
DA:28,4
DA:29,4
DA:30,1
DA:31,1
DA:32,1
DA:33,1
DA:34,1
DA:35,1
DA:36,1
DA:37,1
DA:38,1
DA:39,1
DA:40,1
DA:41,1
DA:42,1
DA:43,1
DA:44,1
DA:45,1
DA:46,1
DA:47,1
DA:48,1
DA:49,1
DA:50,1
DA:51,1
DA:52,1
DA:53,1
DA:54,1
DA:55,1
DA:56,1
DA:57,1
DA:58,1
DA:59,1
DA:60,1
DA:61,1
DA:62,1
DA:63,1
DA:64,1
DA:65,1
DA:66,0
DA:67,0
DA:68,0
LF:68
LH:62
BRDA:1,0,0,1
BRDA:1,1,0,1
BRDA:12,2,0,1
BRDA:13,3,0,4
BRDA:15,4,0,1
BRDA:18,5,0,0
BRDA:23,6,0,4
BRDA:26,7,0,2
BRDA:35,8,0,1
BRDA:40,9,0,1
BRDA:43,10,0,1
BRDA:50,11,0,1
BRDA:55,12,0,0
BRDA:59,13,0,1
BRDA:61,14,0,0
BRDA:63,15,0,0
BRF:16
BRH:12
end_of_record
TN:
SF:src/encrypt/crypto.ts
FN:1,Object.<anonymous>
FN:13,__export
FN:17,__copyProps
FN:28,get
FN:32,__toESM
FN:43,__toCommonJS
FN:49,aesInit
FN:49,deAes
FN:50,deBase64
FN:52,decode
FN:52,enAes
FN:52,enBase64
FN:53,encode
FN:53,md5
FN:63,enAes
FN:72,deAes
FN:82,md5
FN:84,enBase64
FN:95,deBase64
FN:107,encode
FNF:20
FNH:20
FNDA:1,Object.<anonymous>
FNDA:1,__export
FNDA:2,__copyProps
FNDA:16,get
FNDA:1,__toESM
FNDA:1,__toCommonJS
FNDA:1,aesInit
FNDA:3,deAes
FNDA:1,deBase64
FNDA:3,decode
FNDA:3,enAes
FNDA:1,enBase64
FNDA:3,encode
FNDA:1,md5
FNDA:5,enAes
FNDA:5,deAes
FNDA:1,md5
FNDA:2,enBase64
FNDA:2,deBase64
FNDA:3,encode
DA:1,1
DA:2,1
DA:3,1
DA:4,1
DA:5,1
DA:6,1
DA:7,1
DA:8,1
DA:9,1
DA:10,1
DA:11,1
DA:12,1
DA:13,1
DA:14,1
DA:15,8
DA:16,8
DA:17,1
DA:18,2
DA:19,2
DA:20,0
DA:21,0
DA:22,2
DA:23,2
DA:24,2
DA:25,2
DA:26,41
DA:27,41
DA:28,41
DA:29,41
DA:30,41
DA:31,2
DA:32,1
DA:33,1
DA:34,1
DA:35,1
DA:36,1
DA:37,1
DA:38,1
DA:39,1
DA:40,1
DA:41,1
DA:42,1
DA:43,1
DA:44,1
DA:45,1
DA:46,1
DA:47,1
DA:48,1
DA:49,1
DA:50,1
DA:51,1
DA:52,1
DA:53,1
DA:54,1
DA:55,1
DA:56,1
DA:57,1
DA:58,1
DA:59,1
DA:60,1
DA:61,1
DA:62,1
DA:63,1
DA:64,5
DA:65,5
DA:66,5
DA:67,5
DA:68,5
DA:69,5
DA:70,5
DA:71,5
DA:72,1
DA:73,5
DA:74,5
DA:75,5
DA:76,5
DA:77,5
DA:78,5
DA:79,5
DA:80,5
DA:81,5
DA:82,1
DA:83,1
DA:84,1
DA:85,2
DA:86,2
DA:87,2
DA:88,2
DA:89,2
DA:90,2
DA:91,2
DA:92,2
DA:93,2
DA:94,1
DA:95,1
DA:96,2
DA:97,2
DA:98,2
DA:99,2
DA:100,2
DA:101,2
DA:102,2
DA:103,2
DA:104,2
DA:105,2
DA:106,2
DA:107,1
DA:108,3
DA:109,1
DA:110,3
DA:111,2
DA:112,3
DA:113,0
DA:114,3
DA:115,1
DA:116,1
LF:116
LH:113
BRDA:1,0,0,1
BRDA:1,1,0,1
BRDA:13,2,0,1
BRDA:14,3,0,8
BRDA:17,4,0,2
BRDA:19,5,0,0
BRDA:25,6,0,41
BRDA:28,7,0,16
BRDA:32,8,0,1
BRDA:37,9,0,0
BRDA:41,10,0,0
BRDA:43,11,0,1
BRDA:49,12,0,1
BRDA:49,13,0,3
BRDA:50,14,0,1
BRDA:52,15,0,3
BRDA:52,16,0,3
BRDA:52,17,0,1
BRDA:53,18,0,3
BRDA:53,19,0,1
BRDA:63,20,0,5
BRDA:72,21,0,5
BRDA:82,22,0,1
BRDA:84,23,0,2
BRDA:87,24,0,0
BRDA:95,25,0,2
BRDA:96,26,0,0
BRDA:107,27,0,3
BRDA:108,28,0,1
BRDA:110,29,0,2
BRDA:112,30,0,0
BRF:31
BRH:25
end_of_record
